{"numFailedTestSuites":0,"numFailedTests":0,"numPassedTestSuites":2,"numPassedTests":13,"numPendingTestSuites":0,"numPendingTests":0,"numRuntimeErrorTestSuites":0,"numTodoTests":0,"numTotalTestSuites":2,"numTotalTests":13,"openHandles":[],"snapshot":{"added":0,"didUpdate":false,"failure":false,"filesAdded":0,"filesRemoved":0,"filesRemovedList":[],"filesUnmatched":0,"filesUpdated":0,"matched":0,"total":0,"unchecked":0,"uncheckedKeysByFile":[],"unmatched":0,"updated":0},"startTime":1789036585925,"success":true,"testResults":[{"assertionResults":[{"ancestorTitles":["Treasury production-side read-only observation"],"duration":768,"failureDetails":[],"failureMessages":[],"fullName":"Treasury production-side read-only observation runs the independent Node and real-main attachment tests","invocations":1,"location":null,"numPassingAsserts":1,"retryReasons":[],"status":"passed","title":"runs the independent Node and real-main attachment tests"},{"ancestorTitles":["Treasury production-side read-only observation"],"duration":17,"failureDetails":[],"failureMessages":[],"fullName":"Treasury production-side read-only observation reads real facade balances without lifecycle, action, settlement or Memory writes","invocations":1,"location":null,"numPassingAsserts":16,"retryReasons":[],"status":"passed","title":"reads real facade balances without lifecycle, action, settlement or Memory writes"},{"ancestorTitles":["Treasury production-side read-only observation"],"duration":4,"failureDetails":[],"failureMessages":[],"fullName":"Treasury production-side read-only observation does not initialize missing runtime/Memory stores even on a fresh lazy read","invocations":1,"location":null,"numPassingAsserts":5,"retryReasons":[],"status":"passed","title":"does not initialize missing runtime/Memory stores even on a fresh lazy read"},{"ancestorTitles":["Treasury production-side read-only observation"],"duration":3,"failureDetails":[],"failureMessages":[],"fullName":"Treasury production-side read-only observation preserves damaged reservation input and reports blocked balances rather than repairing it","invocations":1,"location":null,"numPassingAsserts":5,"retryReasons":[],"status":"passed","title":"preserves damaged reservation input and reports blocked balances rather than repairing it"},{"ancestorTitles":["Treasury production-side read-only observation"],"duration":4,"failureDetails":[],"failureMessages":[],"fullName":"Treasury production-side read-only observation keeps unhealthy kernel facts and does not report zero active obligations","invocations":1,"location":null,"numPassingAsserts":5,"retryReasons":[],"status":"passed","title":"keeps unhealthy kernel facts and does not report zero active obligations"},{"ancestorTitles":["Treasury production-side read-only observation"],"duration":5,"failureDetails":[],"failureMessages":[],"fullName":"Treasury production-side read-only observation compares detached previous samples after a real new observation without inventing a writer","invocations":1,"location":null,"numPassingAsserts":9,"retryReasons":[],"status":"passed","title":"compares detached previous samples after a real new observation without inventing a writer"},{"ancestorTitles":["Treasury production-side read-only observation"],"duration":2,"failureDetails":[],"failureMessages":[],"fullName":"Treasury production-side read-only observation keeps a missing terminal distinct from a healthy zero balance","invocations":1,"location":null,"numPassingAsserts":6,"retryReasons":[],"status":"passed","title":"keeps a missing terminal distinct from a healthy zero balance"}],"endTime":1789036596033,"message":"","name":"D:\\code\\screeps\\screeps-bot\\test\\treasuryReadOnlyObservation.test.ts","startTime":1789036587518,"status":"passed","summary":""},{"assertionResults":[{"ancestorTitles":["main loop phase ordering"],"duration":5,"failureDetails":[],"failureMessages":[],"fullName":"main loop phase ordering keeps the complete canonical phase order","invocations":1,"location":null,"numPassingAsserts":3,"retryReasons":[],"status":"passed","title":"keeps the complete canonical phase order"},{"ancestorTitles":["main loop phase ordering"],"duration":1,"failureDetails":[],"failureMessages":[],"fullName":"main loop phase ordering keeps one-time registrations outside and before gameLoop","invocations":1,"location":null,"numPassingAsserts":2,"retryReasons":[],"status":"passed","title":"keeps one-time registrations outside and before gameLoop"},{"ancestorTitles":["main loop phase ordering"],"duration":3,"failureDetails":[],"failureMessages":[],"fullName":"main loop phase ordering keeps fail-fast propagation and flush on the complete success path","invocations":1,"location":null,"numPassingAsserts":8,"retryReasons":[],"status":"passed","title":"keeps fail-fast propagation and flush on the complete success path"},{"ancestorTitles":["main loop phase ordering"],"duration":2,"failureDetails":[],"failureMessages":[],"fullName":"main loop phase ordering keeps the Pixel phase while the module owns the permanent disabled latch","invocations":1,"location":null,"numPassingAsserts":3,"retryReasons":[],"status":"passed","title":"keeps the Pixel phase while the module owns the permanent disabled latch"},{"ancestorTitles":["main loop phase ordering"],"duration":3,"failureDetails":[],"failureMessages":[],"fullName":"main loop phase ordering spawnWork wraps each spawn.work() with measureRoomPhase","invocations":1,"location":null,"numPassingAsserts":16,"retryReasons":[],"status":"passed","title":"spawnWork wraps each spawn.work() with measureRoomPhase"},{"ancestorTitles":["main loop phase ordering"],"duration":3,"failureDetails":[],"failureMessages":[],"fullName":"main loop phase ordering creepWork wraps each creep.work() with measureCreep","invocations":1,"location":null,"numPassingAsserts":16,"retryReasons":[],"status":"passed","title":"creepWork wraps each creep.work() with measureCreep"}],"endTime":1789036596955,"message":"","name":"D:\\code\\screeps\\screeps-bot\\src\\main.test.ts","startTime":1789036596047,"status":"passed","summary":""}],"wasInterrupted":false}
