{"numFailedTestSuites":0,"numFailedTests":0,"numPassedTestSuites":11,"numPassedTests":118,"numPendingTestSuites":0,"numPendingTests":0,"numRuntimeErrorTestSuites":0,"numTodoTests":0,"numTotalTestSuites":11,"numTotalTests":118,"openHandles":[],"snapshot":{"added":0,"didUpdate":false,"failure":false,"filesAdded":0,"filesRemoved":0,"filesRemovedList":[],"filesUnmatched":0,"filesUpdated":0,"matched":0,"total":0,"unchecked":0,"uncheckedKeysByFile":[],"unmatched":0,"updated":0},"startTime":1788622938894,"success":true,"testResults":[{"assertionResults":[{"ancestorTitles":["Memory declaration ownership boundaries"],"duration":2755,"failureDetails":[],"failureMessages":[],"fullName":"Memory declaration ownership boundaries central Memory inventory owns four optional named root references","invocations":1,"location":null,"numPassingAsserts":31,"retryReasons":[],"status":"passed","title":"central Memory inventory owns four optional named root references"},{"ancestorTitles":["Memory declaration ownership boundaries"],"duration":24,"failureDetails":[],"failureMessages":[],"fullName":"Memory declaration ownership boundaries branch declarations are external type-only modules with the frozen field inventories","invocations":1,"location":null,"numPassingAsserts":1,"retryReasons":[],"status":"passed","title":"branch declarations are external type-only modules with the frozen field inventories"},{"ancestorTitles":["Memory declaration ownership boundaries"],"duration":5391,"failureDetails":[],"failureMessages":[],"fullName":"Memory declaration ownership boundaries build and workspace Programs include the central and four branch declarations","invocations":1,"location":null,"numPassingAsserts":1,"retryReasons":[],"status":"passed","title":"build and workspace Programs include the central and four branch declarations"},{"ancestorTitles":["Memory declaration ownership boundaries"],"duration":2248,"failureDetails":[],"failureMessages":[],"fullName":"Memory declaration ownership boundaries no production declaration repeats a Memory root binding","invocations":1,"location":null,"numPassingAsserts":1,"retryReasons":[],"status":"passed","title":"no production declaration repeats a Memory root binding"},{"ancestorTitles":["Memory declaration ownership boundaries"],"duration":2487,"failureDetails":[],"failureMessages":[],"fullName":"Memory declaration ownership boundaries named branch augmentations use optional properties with a single owner","invocations":1,"location":null,"numPassingAsserts":1,"retryReasons":[],"status":"passed","title":"named branch augmentations use optional properties with a single owner"},{"ancestorTitles":["Memory declaration ownership boundaries"],"duration":2527,"failureDetails":[],"failureMessages":[],"fullName":"Memory declaration ownership boundaries named roots preserve NonNullable aliases, deep fields, and augmentation","invocations":1,"location":null,"numPassingAsserts":2,"retryReasons":[],"status":"passed","title":"named roots preserve NonNullable aliases, deep fields, and augmentation"}],"endTime":1788622957497,"message":"","name":"D:\\code\\screeps\\screeps-bot\\test\\memoryDeclarationBoundaries.test.ts","startTime":1788622939130,"status":"passed","summary":""},{"assertionResults":[{"ancestorTitles":["runHomeDefense"],"duration":8,"failureDetails":[],"failureMessages":[],"fullName":"runHomeDefense assigns primary and secondary roles when one front needs multiple defenders","invocations":1,"location":null,"numPassingAsserts":2,"retryReasons":[],"status":"passed","title":"assigns primary and secondary roles when one front needs multiple defenders"},{"ancestorTitles":["runHomeDefense","multi-spawn queue cleanup"],"duration":2,"failureDetails":[],"failureMessages":[],"fullName":"runHomeDefense multi-spawn queue cleanup removes defender configs from all room spawns when hostiles leave","invocations":1,"location":null,"numPassingAsserts":7,"retryReasons":[],"status":"passed","title":"removes defender configs from all room spawns when hostiles leave"}],"endTime":1788622957793,"message":"","name":"D:\\code\\screeps\\screeps-bot\\src\\runtime\\homeDefense.test.ts","startTime":1788622957507,"status":"passed","summary":""},{"assertionResults":[{"ancestorTitles":["Remediation III：kill feasibility 三分类"],"duration":12,"failureDetails":[],"failureMessages":[],"fullName":"Remediation III：kill feasibility 三分类 【固定反例】5000 血高净伤不可击杀目标 vs 100 血可击杀目标：primary 是可击杀目标","invocations":1,"location":null,"numPassingAsserts":7,"retryReasons":[],"status":"passed","title":"【固定反例】5000 血高净伤不可击杀目标 vs 100 血可击杀目标：primary 是可击杀目标"},{"ancestorTitles":["Remediation III：kill feasibility 三分类"],"duration":1,"failureDetails":[],"failureMessages":[],"fullName":"Remediation III：kill feasibility 三分类 正净伤但联合有效伤害未达完整击杀预算：killExpected=false（净伤害为正不再等价于可击杀）","invocations":1,"location":null,"numPassingAsserts":5,"retryReasons":[],"status":"passed","title":"正净伤但联合有效伤害未达完整击杀预算：killExpected=false（净伤害为正不再等价于可击杀）"},{"ancestorTitles":["Remediation III：kill feasibility 三分类"],"duration":0,"failureDetails":[],"failureMessages":[],"fullName":"Remediation III：kill feasibility 三分类 所有目标不可击杀（净伤为负）：共享 suppression、focusTarget 非 null","invocations":1,"location":null,"numPassingAsserts":4,"retryReasons":[],"status":"passed","title":"所有目标不可击杀（净伤为负）：共享 suppression、focusTarget 非 null"},{"ancestorTitles":["Remediation III：kill feasibility 三分类"],"duration":0,"failureDetails":[],"failureMessages":[],"fullName":"Remediation III：kill feasibility 三分类 killable 桶内 HEAL 核心优先于普通可击杀目标（战略排序）","invocations":1,"location":null,"numPassingAsserts":2,"retryReasons":[],"status":"passed","title":"killable 桶内 HEAL 核心优先于普通可击杀目标（战略排序）"},{"ancestorTitles":["Remediation III：kill feasibility 三分类"],"duration":1,"failureDetails":[],"failureMessages":[],"fullName":"Remediation III：kill feasibility 三分类 两个不可击杀目标进入 pressure 评分（不误标 killExpected）","invocations":1,"location":null,"numPassingAsserts":3,"retryReasons":[],"status":"passed","title":"两个不可击杀目标进入 pressure 评分（不误标 killExpected）"},{"ancestorTitles":["Remediation III：primary actor 分配"],"duration":2,"failureDetails":[],"failureMessages":[],"fullName":"Remediation III：primary actor 分配 边际伤害降序 greedy：最少 actor 达预算（不把全部 actor 都钉在 primary）","invocations":1,"location":null,"numPassingAsserts":6,"retryReasons":[],"status":"passed","title":"边际伤害降序 greedy：最少 actor 达预算（不把全部 actor 都钉在 primary）"},{"ancestorTitles":["Remediation III：primary actor 分配"],"duration":1,"failureDetails":[],"failureMessages":[],"fullName":"Remediation III：primary actor 分配 输入 actor 顺序反转后 plan 语义一致（确定性）","invocations":1,"location":null,"numPassingAsserts":1,"retryReasons":[],"status":"passed","title":"输入 actor 顺序反转后 plan 语义一致（确定性）"},{"ancestorTitles":["Remediation III：primary actor 分配"],"duration":1,"failureDetails":[],"failureMessages":[],"fullName":"Remediation III：primary actor 分配 移动中的 Defender（边际伤害 0）不计入击杀预算但保留共享 combat target","invocations":1,"location":null,"numPassingAsserts":6,"retryReasons":[],"status":"passed","title":"移动中的 Defender（边际伤害 0）不计入击杀预算但保留共享 combat target"},{"ancestorTitles":["Remediation III：有状态 secondary 分配"],"duration":1,"failureDetails":[],"failureMessages":[],"fullName":"Remediation III：有状态 secondary 分配 【确定性拆火反例】A 对 X 强、B 对 Y 强但联合只可压穿一个：共同攻击同一 secondary","invocations":1,"location":null,"numPassingAsserts":4,"retryReasons":[],"status":"passed","title":"【确定性拆火反例】A 对 X 强、B 对 Y 强但联合只可压穿一个：共同攻击同一 secondary"},{"ancestorTitles":["Remediation III：有状态 secondary 分配"],"duration":1,"failureDetails":[],"failureMessages":[],"fullName":"Remediation III：有状态 secondary 分配 secondary 达到 kill budget 后才切换 tertiary（多目标击杀链）","invocations":1,"location":null,"numPassingAsserts":5,"retryReasons":[],"status":"passed","title":"secondary 达到 kill budget 后才切换 tertiary（多目标击杀链）"},{"ancestorTitles":["Remediation III：有状态 secondary 分配"],"duration":1,"failureDetails":[],"failureMessages":[],"fullName":"Remediation III：有状态 secondary 分配 secondary 不可击杀：全部剩余 actor 共同压制（不切换第三目标）","invocations":1,"location":null,"numPassingAsserts":2,"retryReasons":[],"status":"passed","title":"secondary 不可击杀：全部剩余 actor 共同压制（不切换第三目标）"},{"ancestorTitles":["Remediation III：有状态 secondary 分配"],"duration":1,"failureDetails":[],"failureMessages":[],"fullName":"Remediation III：有状态 secondary 分配 已分配 primary 的 actor 不出现在 secondary 预算（target 级状态不回漏）","invocations":1,"location":null,"numPassingAsserts":3,"retryReasons":[],"status":"passed","title":"已分配 primary 的 actor 不出现在 secondary 预算（target 级状态不回漏）"},{"ancestorTitles":["Remediation III：站位分离表达"],"duration":1,"failureDetails":[],"failureMessages":[],"fullName":"Remediation III：站位分离表达 boundary 目标：Defender 的 approach 使用合法 rampart 站位（不直接追 hostile）","invocations":1,"location":null,"numPassingAsserts":5,"retryReasons":[],"status":"passed","title":"boundary 目标：Defender 的 approach 使用合法 rampart 站位（不直接追 hostile）"},{"ancestorTitles":["Remediation III：站位分离表达"],"duration":1,"failureDetails":[],"failureMessages":[],"fullName":"Remediation III：站位分离表达 inside 目标：attack range 内直接 attack/ranged_attack","invocations":1,"location":null,"numPassingAsserts":2,"retryReasons":[],"status":"passed","title":"inside 目标：attack range 内直接 attack/ranged_attack"},{"ancestorTitles":["Remediation III：站位分离表达"],"duration":1,"failureDetails":[],"failureMessages":[],"fullName":"Remediation III：站位分离表达 planner 计入的伤害与执行动作口径一致（executableDefenderDamage=0 → engage_position）","invocations":1,"location":null,"numPassingAsserts":4,"retryReasons":[],"status":"passed","title":"planner 计入的伤害与执行动作口径一致（executableDefenderDamage=0 → engage_position）"},{"ancestorTitles":["Remediation III：房间级一次性共享 fallback"],"duration":5,"failureDetails":[],"failureMessages":[],"fullName":"Remediation III：房间级一次性共享 fallback primary 失效：fallback 顺序命中第一个存活目标；同 tick 多消费者共享一次解析","invocations":1,"location":null,"numPassingAsserts":5,"retryReasons":[],"status":"passed","title":"primary 失效：fallback 顺序命中第一个存活目标；同 tick 多消费者共享一次解析"},{"ancestorTitles":["Remediation III：房间级一次性共享 fallback"],"duration":0,"failureDetails":[],"failureMessages":[],"fullName":"Remediation III：房间级一次性共享 fallback 无合法 fallback：返回 null（共同空转——不回退独立评分）","invocations":1,"location":null,"numPassingAsserts":1,"retryReasons":[],"status":"passed","title":"无合法 fallback：返回 null（共同空转——不回退独立评分）"},{"ancestorTitles":["Remediation III：房间级一次性共享 fallback"],"duration":2,"failureDetails":[],"failureMessages":[],"fullName":"Remediation III：房间级一次性共享 fallback 多房间隔离：fallback 解析互不影响","invocations":1,"location":null,"numPassingAsserts":2,"retryReasons":[],"status":"passed","title":"多房间隔离：fallback 解析互不影响"},{"ancestorTitles":["Remediation III：房间级一次性共享 fallback"],"duration":1,"failureDetails":[],"failureMessages":[],"fullName":"Remediation III：房间级一次性共享 fallback stale plan（上一 tick）不参与 fallback 解析","invocations":1,"location":null,"numPassingAsserts":1,"retryReasons":[],"status":"passed","title":"stale plan（上一 tick）不参与 fallback 解析"},{"ancestorTitles":["Remediation III：紧急治疗 Tower 按实际治疗量选择"],"duration":1,"failureDetails":[],"failureMessages":[],"fullName":"Remediation III：紧急治疗 Tower 按实际治疗量选择 【固定反例】近塔治疗 400、远塔（ID 更小）治疗 100、上限 1 → 近塔治疗、远塔攻击","invocations":1,"location":null,"numPassingAsserts":3,"retryReasons":[],"status":"passed","title":"【固定反例】近塔治疗 400、远塔（ID 更小）治疗 100、上限 1 → 近塔治疗、远塔攻击"},{"ancestorTitles":["Remediation III：紧急治疗 Tower 按实际治疗量选择"],"duration":1,"failureDetails":[],"failureMessages":[],"fullName":"Remediation III：紧急治疗 Tower 按实际治疗量选择 治疗量相同：Tower ID 字典序稳定决胜","invocations":1,"location":null,"numPassingAsserts":2,"retryReasons":[],"status":"passed","title":"治疗量相同：Tower ID 字典序稳定决胜"},{"ancestorTitles":["Remediation III：紧急治疗 Tower 按实际治疗量选择"],"duration":1,"failureDetails":[],"failureMessages":[],"fullName":"Remediation III：紧急治疗 Tower 按实际治疗量选择 一塔满足保守需求后不占用第二座（剩余塔全部攻击）","invocations":1,"location":null,"numPassingAsserts":3,"retryReasons":[],"status":"passed","title":"一塔满足保守需求后不占用第二座（剩余塔全部攻击）"},{"ancestorTitles":["Remediation III：紧急治疗 Tower 按实际治疗量选择"],"duration":0,"failureDetails":[],"failureMessages":[],"fullName":"Remediation III：紧急治疗 Tower 按实际治疗量选择 重度缺口跨塔补足（缺口 900 > 单塔 400 → 第二座治疗塔加入，受 cap=2 约束）","invocations":1,"location":null,"numPassingAsserts":1,"retryReasons":[],"status":"passed","title":"重度缺口跨塔补足（缺口 900 > 单塔 400 → 第二座治疗塔加入，受 cap=2 约束）"},{"ancestorTitles":["Remediation III：operation-count"],"duration":0,"failureDetails":[],"failureMessages":[],"fullName":"Remediation III：operation-count fallback 多消费者只触发一次解析（缓存命中不重算）","invocations":1,"location":null,"numPassingAsserts":2,"retryReasons":[],"status":"passed","title":"fallback 多消费者只触发一次解析（缓存命中不重算）"}],"endTime":1788622957956,"message":"","name":"D:\\code\\screeps\\screeps-bot\\src\\runtime\\defenseFocusFireStateful.test.ts","startTime":1788622957799,"status":"passed","summary":""},{"assertionResults":[{"ancestorTitles":["联合伤害预算与主目标选择"],"duration":1,"failureDetails":[],"failureMessages":[],"fullName":"联合伤害预算与主目标选择 确定性复现协同失败案例：防御者输出计入预算后，Tower 与防御者锁定同一主目标","invocations":1,"location":null,"numPassingAsserts":5,"retryReasons":[],"status":"passed","title":"确定性复现协同失败案例：防御者输出计入预算后，Tower 与防御者锁定同一主目标"},{"ancestorTitles":["联合伤害预算与主目标选择"],"duration":0,"failureDetails":[],"failureMessages":[],"fullName":"联合伤害预算与主目标选择 治疗全覆盖（净伤害 ≤ 0）→ 共享压制目标（killExpected=false，非独立 fallback）","invocations":1,"location":null,"numPassingAsserts":4,"retryReasons":[],"status":"passed","title":"治疗全覆盖（净伤害 ≤ 0）→ 共享压制目标（killExpected=false，非独立 fallback）"},{"ancestorTitles":["联合伤害预算与主目标选择"],"duration":0,"failureDetails":[],"failureMessages":[],"fullName":"联合伤害预算与主目标选择 Tower 距离衰减参与预算：远距塔伤害低，主目标选择考虑实际衰减","invocations":1,"location":null,"numPassingAsserts":1,"retryReasons":[],"status":"passed","title":"Tower 距离衰减参与预算：远距塔伤害低，主目标选择考虑实际衰减"},{"ancestorTitles":["联合伤害预算与主目标选择"],"duration":1,"failureDetails":[],"failureMessages":[],"fullName":"联合伤害预算与主目标选择 TOUGH/boost 顺序模拟折算预算（boosted TOUGH 部件按序吸收，有效伤害相应下降）","invocations":1,"location":null,"numPassingAsserts":3,"retryReasons":[],"status":"passed","title":"TOUGH/boost 顺序模拟折算预算（boosted TOUGH 部件按序吸收，有效伤害相应下降）"},{"ancestorTitles":["过量伤害控制与次级分火"],"duration":1,"failureDetails":[],"failureMessages":[],"fullName":"过量伤害控制与次级分火 主目标累计分配 ≥ hits × margin 后，追加 actor 分火次级目标","invocations":1,"location":null,"numPassingAsserts":4,"retryReasons":[],"status":"passed","title":"主目标累计分配 ≥ hits × margin 后，追加 actor 分火次级目标"},{"ancestorTitles":["过量伤害控制与次级分火"],"duration":0,"failureDetails":[],"failureMessages":[],"fullName":"过量伤害控制与次级分火 无次级候选时不浪费输出口（继续主目标）","invocations":1,"location":null,"numPassingAsserts":2,"retryReasons":[],"status":"passed","title":"无次级候选时不浪费输出口（继续主目标）"},{"ancestorTitles":["紧急治疗仲裁"],"duration":0,"failureDetails":[],"failureMessages":[],"fullName":"紧急治疗仲裁 重伤 creep 优先占用塔，且紧急治疗塔数不超过攻击塔一半（cap ≥ 1）","invocations":1,"location":null,"numPassingAsserts":5,"retryReasons":[],"status":"passed","title":"重伤 creep 优先占用塔，且紧急治疗塔数不超过攻击塔一半（cap ≥ 1）"},{"ancestorTitles":["紧急治疗仲裁"],"duration":0,"failureDetails":[],"failureMessages":[],"fullName":"紧急治疗仲裁 轻伤（缺口低于阈值）不占用任何塔","invocations":1,"location":null,"numPassingAsserts":2,"retryReasons":[],"status":"passed","title":"轻伤（缺口低于阈值）不占用任何塔"},{"ancestorTitles":["确定性与稳定排序"],"duration":1,"failureDetails":[],"failureMessages":[],"fullName":"确定性与稳定排序 输入顺序打乱（任意来源顺序）产生完全相同的 plan","invocations":1,"location":null,"numPassingAsserts":1,"retryReasons":[],"status":"passed","title":"输入顺序打乱（任意来源顺序）产生完全相同的 plan"},{"ancestorTitles":["确定性与稳定排序"],"duration":1,"failureDetails":[],"failureMessages":[],"fullName":"确定性与稳定排序 评分平手以 id 字典序决胜（不依赖输入顺序）","invocations":1,"location":null,"numPassingAsserts":1,"retryReasons":[],"status":"passed","title":"评分平手以 id 字典序决胜（不依赖输入顺序）"},{"ancestorTitles":["多房间隔离与持久化"],"duration":1,"failureDetails":[],"failureMessages":[],"fullName":"多房间隔离与持久化 plan 按房间隔离存储；fresh 校验（过期 plan 不可消费）；清理生效","invocations":1,"location":null,"numPassingAsserts":6,"retryReasons":[],"status":"passed","title":"plan 按房间隔离存储；fresh 校验（过期 plan 不可消费）；清理生效"},{"ancestorTitles":["快照采集（运行时）"],"duration":2,"failureDetails":[],"failureMessages":[],"fullName":"快照采集（运行时） 采集：TOUGH/boost 比、敌方 range-aware 治疗、防御者 boost 输出一次算好","invocations":1,"location":null,"numPassingAsserts":4,"retryReasons":[],"status":"passed","title":"采集：TOUGH/boost 比、敌方 range-aware 治疗、防御者 boost 输出一次算好"},{"ancestorTitles":["常量与预算语义"],"duration":0,"failureDetails":[],"failureMessages":[],"fullName":"常量与预算语义 保守击杀裕度常量按任务书要求保守（≥1.1）","invocations":1,"location":null,"numPassingAsserts":3,"retryReasons":[],"status":"passed","title":"保守击杀裕度常量按任务书要求保守（≥1.1）"},{"ancestorTitles":["常量与预算语义"],"duration":0,"failureDetails":[],"failureMessages":[],"fullName":"常量与预算语义 0 能量塔不参与攻击分配；plan 的塔分配可整体为空（仅防御者）","invocations":1,"location":null,"numPassingAsserts":3,"retryReasons":[],"status":"passed","title":"0 能量塔不参与攻击分配；plan 的塔分配可整体为空（仅防御者）"},{"ancestorTitles":["【Remediation II】击杀预算含敌方治疗 + 跨阈值 actor 不 spill"],"duration":0,"failureDetails":[],"failureMessages":[],"fullName":"【Remediation II】击杀预算含敌方治疗 + 跨阈值 actor 不 spill 固定反例：600 hits + 100 incomingHeal、两座各 600 有效伤害塔——两座都必须攻击 primary","invocations":1,"location":null,"numPassingAsserts":5,"retryReasons":[],"status":"passed","title":"固定反例：600 hits + 100 incomingHeal、两座各 600 有效伤害塔——两座都必须攻击 primary"},{"ancestorTitles":["【Remediation II】击杀预算含敌方治疗 + 跨阈值 actor 不 spill"],"duration":1,"failureDetails":[],"failureMessages":[],"fullName":"【Remediation II】击杀预算含敌方治疗 + 跨阈值 actor 不 spill primary 累计有效伤害 < hits + heal 期间绝不 spill（含治疗预算）","invocations":1,"location":null,"numPassingAsserts":3,"retryReasons":[],"status":"passed","title":"primary 累计有效伤害 < hits + heal 期间绝不 spill（含治疗预算）"},{"ancestorTitles":["【Remediation II】紧急治疗仲裁先于攻击预算"],"duration":1,"failureDetails":[],"failureMessages":[],"fullName":"【Remediation II】紧急治疗仲裁先于攻击预算 治疗塔从攻击 actor 集合移除：剩余火力 net<=0 不得仍报告可击杀（共享 pressure 目标）","invocations":1,"location":null,"numPassingAsserts":7,"retryReasons":[],"status":"passed","title":"治疗塔从攻击 actor 集合移除：剩余火力 net<=0 不得仍报告可击杀（共享 pressure 目标）"},{"ancestorTitles":["【Remediation II】Tower 与 Defender 共享 TOUGH/boost 有效伤害模型"],"duration":1,"failureDetails":[],"failureMessages":[],"fullName":"【Remediation II】Tower 与 Defender 共享 TOUGH/boost 有效伤害模型 Defender-only + boosted TOUGH：有效伤害小于原始伤害（不再默认 ratio=1）","invocations":1,"location":null,"numPassingAsserts":3,"retryReasons":[],"status":"passed","title":"Defender-only + boosted TOUGH：有效伤害小于原始伤害（不再默认 ratio=1）"},{"ancestorTitles":["【Remediation II】Tower 与 Defender 共享 TOUGH/boost 有效伤害模型"],"duration":1,"failureDetails":[],"failureMessages":[],"fullName":"【Remediation II】Tower 与 Defender 共享 TOUGH/boost 有效伤害模型 Defender-only boosted TOUGH + 敌方治疗覆盖 → 不产生虚假 killExpected","invocations":1,"location":null,"numPassingAsserts":2,"retryReasons":[],"status":"passed","title":"Defender-only boosted TOUGH + 敌方治疗覆盖 → 不产生虚假 killExpected"},{"ancestorTitles":["【Remediation II】Tower 与 Defender 共享 TOUGH/boost 有效伤害模型"],"duration":1,"failureDetails":[],"failureMessages":[],"fullName":"【Remediation II】Tower 与 Defender 共享 TOUGH/boost 有效伤害模型 防御者可执行伤害语义（单一语义源）：贴身 melee / 纯远程 ≤3 ranged / 需移动 0","invocations":1,"location":null,"numPassingAsserts":11,"retryReasons":[],"status":"passed","title":"防御者可执行伤害语义（单一语义源）：贴身 melee / 纯远程 ≤3 ranged / 需移动 0"},{"ancestorTitles":["【Remediation II】Tower 与 Defender 共享 TOUGH/boost 有效伤害模型"],"duration":1,"failureDetails":[],"failureMessages":[],"fullName":"【Remediation II】Tower 与 Defender 共享 TOUGH/boost 有效伤害模型 planner 计入纯远程防御者的 ranged 伤害（执行层本 tick 确实 rangedAttack）","invocations":1,"location":null,"numPassingAsserts":2,"retryReasons":[],"status":"passed","title":"planner 计入纯远程防御者的 ranged 伤害（执行层本 tick 确实 rangedAttack）"},{"ancestorTitles":["【Remediation II】Tower 与 Defender 共享 TOUGH/boost 有效伤害模型"],"duration":1,"failureDetails":[],"failureMessages":[],"fullName":"【Remediation II】Tower 与 Defender 共享 TOUGH/boost 有效伤害模型 planner 不计入需要移动的防御者伤害（混合编队 range 2 → 0）","invocations":1,"location":null,"numPassingAsserts":2,"retryReasons":[],"status":"passed","title":"planner 不计入需要移动的防御者伤害（混合编队 range 2 → 0）"},{"ancestorTitles":["【Remediation II】Secondary 按剩余 actor 重新计算"],"duration":3,"failureDetails":[],"failureMessages":[],"fullName":"【Remediation II】Secondary 按剩余 actor 重新计算 全军预算会选 A、剩余 actor 应选 B——必须选择 B（零伤害 actor 不计入预算）","invocations":1,"location":null,"numPassingAsserts":8,"retryReasons":[],"status":"passed","title":"全军预算会选 A、剩余 actor 应选 B——必须选择 B（零伤害 actor 不计入预算）"},{"ancestorTitles":["【Remediation II】不可击杀场景的共享压制与 fallback 边界"],"duration":0,"failureDetails":[],"failureMessages":[],"fullName":"【Remediation II】不可击杀场景的共享压制与 fallback 边界 全部目标 net<=0：focusTargetId 非 null、killExpected=false、无 fallbackReason","invocations":1,"location":null,"numPassingAsserts":4,"retryReasons":[],"status":"passed","title":"全部目标 net<=0：focusTargetId 非 null、killExpected=false、无 fallbackReason"},{"ancestorTitles":["【Remediation II】不可击杀场景的共享压制与 fallback 边界"],"duration":0,"failureDetails":[],"failureMessages":[],"fullName":"【Remediation II】不可击杀场景的共享压制与 fallback 边界 无 hostile / 无可参与 actor：唯一合法 fallback 场景","invocations":1,"location":null,"numPassingAsserts":4,"retryReasons":[],"status":"passed","title":"无 hostile / 无可参与 actor：唯一合法 fallback 场景"},{"ancestorTitles":["【Remediation II】不可击杀场景的共享压制与 fallback 边界"],"duration":1,"failureDetails":[],"failureMessages":[],"fullName":"【Remediation II】不可击杀场景的共享压制与 fallback 边界 低能量塔（< TOWER_ACTION_ENERGY_COST）不参与攻击也不参与治疗仲裁","invocations":1,"location":null,"numPassingAsserts":3,"retryReasons":[],"status":"passed","title":"低能量塔（< TOWER_ACTION_ENERGY_COST）不参与攻击也不参与治疗仲裁"}],"endTime":1788622958097,"message":"","name":"D:\\code\\screeps\\screeps-bot\\src\\runtime\\defenseFocusFire.test.ts","startTime":1788622957962,"status":"passed","summary":""},{"assertionResults":[{"ancestorTitles":["Remediation V 十：fallback revision 的 per-defender 位置重新分配"],"duration":6,"failureDetails":[],"failureMessages":[],"fullName":"Remediation V 十：fallback revision 的 per-defender 位置重新分配 A：两名 Defender 原位置不同、同 front 目标失效 → 替代 target 的 r1/r2/r3 中获得不同 revised position","invocations":1,"location":null,"numPassingAsserts":6,"retryReasons":[],"status":"passed","title":"A：两名 Defender 原位置不同、同 front 目标失效 → 替代 target 的 r1/r2/r3 中获得不同 revised position"},{"ancestorTitles":["Remediation V 十：fallback revision 的 per-defender 位置重新分配"],"duration":2,"failureDetails":[],"failureMessages":[],"fullName":"Remediation V 十：fallback revision 的 per-defender 位置重新分配 B：unaffected Defender 保留原独立位置，fallback Defender 不得抢占","invocations":1,"location":null,"numPassingAsserts":6,"retryReasons":[],"status":"passed","title":"B：unaffected Defender 保留原独立位置，fallback Defender 不得抢占"},{"ancestorTitles":["Remediation V 十：fallback revision 的 per-defender 位置重新分配"],"duration":1,"failureDetails":[],"failureMessages":[],"fullName":"Remediation V 十：fallback revision 的 per-defender 位置重新分配 C：候选少于 Defender → 多余 Defender hold、任何 revised 坐标不重复","invocations":1,"location":null,"numPassingAsserts":3,"retryReasons":[],"status":"passed","title":"C：候选少于 Defender → 多余 Defender hold、任何 revised 坐标不重复"},{"ancestorTitles":["Remediation V 十：fallback revision 的 per-defender 位置重新分配"],"duration":1,"failureDetails":[],"failureMessages":[],"fullName":"Remediation V 十：fallback revision 的 per-defender 位置重新分配 D：occupied candidate 跳过（他属占用标记）","invocations":1,"location":null,"numPassingAsserts":2,"retryReasons":[],"status":"passed","title":"D：occupied candidate 跳过（他属占用标记）"},{"ancestorTitles":["Remediation V 十：fallback revision 的 per-defender 位置重新分配"],"duration":1,"failureDetails":[],"failureMessages":[],"fullName":"Remediation V 十：fallback revision 的 per-defender 位置重新分配 E：fallback 到 inside target → revision 不携带复制的位置/mode（消费方按距离重算）","invocations":1,"location":null,"numPassingAsserts":3,"retryReasons":[],"status":"passed","title":"E：fallback 到 inside target → revision 不携带复制的位置/mode（消费方按距离重算）"},{"ancestorTitles":["Remediation V 十：fallback revision 的 per-defender 位置重新分配"],"duration":1,"failureDetails":[],"failureMessages":[],"fullName":"Remediation V 十：fallback revision 的 per-defender 位置重新分配 F：Tower-first 与 Defender-first 得到同一 revision 对象","invocations":1,"location":null,"numPassingAsserts":2,"retryReasons":[],"status":"passed","title":"F：Tower-first 与 Defender-first 得到同一 revision 对象"},{"ancestorTitles":["Remediation V 十：fallback revision 的 per-defender 位置重新分配"],"duration":1,"failureDetails":[],"failureMessages":[],"fullName":"Remediation V 十：fallback revision 的 per-defender 位置重新分配 G：Defender 输入顺序反转 → per-slot revision 语义相同","invocations":1,"location":null,"numPassingAsserts":4,"retryReasons":[],"status":"passed","title":"G：Defender 输入顺序反转 → per-slot revision 语义相同"},{"ancestorTitles":["Remediation V 十：fallback revision 的 per-defender 位置重新分配"],"duration":1,"failureDetails":[],"failureMessages":[],"fullName":"Remediation V 十：fallback revision 的 per-defender 位置重新分配 plan 持久化候选集合（engagementCandidatesByTargetId——revision 不重查防线系统）","invocations":1,"location":null,"numPassingAsserts":2,"retryReasons":[],"status":"passed","title":"plan 持久化候选集合（engagementCandidatesByTargetId——revision 不重查防线系统）"},{"ancestorTitles":["Remediation V 十一：fresh plan 缺 assignment 默认 hold"],"duration":2,"failureDetails":[],"failureMessages":[],"fullName":"Remediation V 十一：fresh plan 缺 assignment 默认 hold A：fresh plan 存在但 entry 只有 creep name（slot=0 查不到）→ hold（不 attack/ranged/moveTo）","invocations":1,"location":null,"numPassingAsserts":3,"retryReasons":[],"status":"passed","title":"A：fresh plan 存在但 entry 只有 creep name（slot=0 查不到）→ hold（不 attack/ranged/moveTo）"},{"ancestorTitles":["Remediation V 十一：fresh plan 缺 assignment 默认 hold"],"duration":1,"failureDetails":[],"failureMessages":[],"fullName":"Remediation V 十一：fresh plan 缺 assignment 默认 hold B：fresh plan 显式 hold（targetId=null）→ 继续 hold","invocations":1,"location":null,"numPassingAsserts":2,"retryReasons":[],"status":"passed","title":"B：fresh plan 显式 hold（targetId=null）→ 继续 hold"},{"ancestorTitles":["Remediation V 十一：fresh plan 缺 assignment 默认 hold"],"duration":1,"failureDetails":[],"failureMessages":[],"fullName":"Remediation V 十一：fresh plan 缺 assignment 默认 hold C：fresh plan 显式 not_participating → 允许旧独立行为（attack 相邻 hostile）","invocations":1,"location":null,"numPassingAsserts":1,"retryReasons":[],"status":"passed","title":"C：fresh plan 显式 not_participating → 允许旧独立行为（attack 相邻 hostile）"},{"ancestorTitles":["Remediation V 十一：fresh plan 缺 assignment 默认 hold"],"duration":0,"failureDetails":[],"failureMessages":[],"fullName":"Remediation V 十一：fresh plan 缺 assignment 默认 hold D：stale plan（非本 tick）→ 保留旧独立 fallback（attack）","invocations":1,"location":null,"numPassingAsserts":1,"retryReasons":[],"status":"passed","title":"D：stale plan（非本 tick）→ 保留旧独立 fallback（attack）"},{"ancestorTitles":["Remediation V 十一：fresh plan 缺 assignment 默认 hold"],"duration":2,"failureDetails":[],"failureMessages":[],"fullName":"Remediation V 十一：fresh plan 缺 assignment 默认 hold E：canonical slot 正常 → 按 plan 执行 attack（不回退）","invocations":1,"location":null,"numPassingAsserts":1,"retryReasons":[],"status":"passed","title":"E：canonical slot 正常 → 按 plan 执行 attack（不回退）"}],"endTime":1788622958236,"message":"","name":"D:\\code\\screeps\\screeps-bot\\src\\runtime\\defenseFallbackReallocation.test.ts","startTime":1788622958103,"status":"passed","summary":""},{"assertionResults":[{"ancestorTitles":["homeDefenderRole"],"duration":2,"failureDetails":[],"failureMessages":[],"fullName":"homeDefenderRole attacks an adjacent hostile when the assigned boundary target retreats out of range","invocations":1,"location":null,"numPassingAsserts":2,"retryReasons":[],"status":"passed","title":"attacks an adjacent hostile when the assigned boundary target retreats out of range"},{"ancestorTitles":["homeDefenderRole"],"duration":1,"failureDetails":[],"failureMessages":[],"fullName":"homeDefenderRole never calls raw creep.moveTo","invocations":1,"location":null,"numPassingAsserts":1,"retryReasons":[],"status":"passed","title":"never calls raw creep.moveTo"},{"ancestorTitles":["homeDefenderRole"],"duration":1,"failureDetails":[],"failureMessages":[],"fullName":"homeDefenderRole 【Remediation III 十六】boundary 目标 approach：Defender 前往合法 rampart 站位（不直接追逐共享目标）","invocations":1,"location":null,"numPassingAsserts":6,"retryReasons":[],"status":"passed","title":"【Remediation III 十六】boundary 目标 approach：Defender 前往合法 rampart 站位（不直接追逐共享目标）"},{"ancestorTitles":["homeDefenderRole"],"duration":1,"failureDetails":[],"failureMessages":[],"fullName":"homeDefenderRole 【Remediation II】显式计划目标优先：贴身按计划目标 attack（旧独立评分/去重不得改目标）","invocations":1,"location":null,"numPassingAsserts":3,"retryReasons":[],"status":"passed","title":"【Remediation II】显式计划目标优先：贴身按计划目标 attack（旧独立评分/去重不得改目标）"},{"ancestorTitles":["homeDefenderRole"],"duration":1,"failureDetails":[],"failureMessages":[],"fullName":"homeDefenderRole 【Remediation II】纯远程防御者按计划目标 rangedAttack（与 planner 计入的伤害一致）","invocations":1,"location":null,"numPassingAsserts":3,"retryReasons":[],"status":"passed","title":"【Remediation II】纯远程防御者按计划目标 rangedAttack（与 planner 计入的伤害一致）"},{"ancestorTitles":["homeDefenderRole"],"duration":1,"failureDetails":[],"failureMessages":[],"fullName":"homeDefenderRole 【Remediation II】计划目标不可即时攻击 → 本 tick 伤害为 0 且移动朝共享目标（不走 coverage rampart）","invocations":1,"location":null,"numPassingAsserts":4,"retryReasons":[],"status":"passed","title":"【Remediation II】计划目标不可即时攻击 → 本 tick 伤害为 0 且移动朝共享目标（不走 coverage rampart）"}],"endTime":1788622958354,"message":"","name":"D:\\code\\screeps\\screeps-bot\\src\\roles\\homeDefender.test.ts","startTime":1788622958241,"status":"passed","summary":""},{"assertionResults":[{"ancestorTitles":["Remediation IX：global rampart footprints（planner 层）"],"duration":2,"failureDetails":[],"failureMessages":[],"fullName":"Remediation IX：global rampart footprints（planner 层） D16：D0（target=T1）站 R1；T1/T2 候选共享同坐标 R1（candidate ID 不同）→ D0 保留 R1、D1 hold","invocations":1,"location":null,"numPassingAsserts":5,"retryReasons":[],"status":"passed","title":"D16：D0（target=T1）站 R1；T1/T2 候选共享同坐标 R1（candidate ID 不同）→ D0 保留 R1、D1 hold"},{"ancestorTitles":["Remediation IX：global rampart footprints（planner 层）"],"duration":1,"failureDetails":[],"failureMessages":[],"fullName":"Remediation IX：global rampart footprints（planner 层） D19：participant claim + non-participant 采集层占用 + 跨 target 共享坐标混合——跨 actor 物理坐标全局唯一","invocations":1,"location":null,"numPassingAsserts":4,"retryReasons":[],"status":"passed","title":"D19：participant claim + non-participant 采集层占用 + 跨 target 共享坐标混合——跨 actor 物理坐标全局唯一"},{"ancestorTitles":["Remediation IX：global rampart footprints（planner 层）"],"duration":1,"failureDetails":[],"failureMessages":[],"fullName":"Remediation IX：global rampart footprints（planner 层） D21：Defender 数组、target 顺序、candidate 数组顺序与 candidate ID 反转——per-slot 结果一致","invocations":1,"location":null,"numPassingAsserts":6,"retryReasons":[],"status":"passed","title":"D21：Defender 数组、target 顺序、candidate 数组顺序与 candidate ID 反转——per-slot 结果一致"},{"ancestorTitles":["Remediation IX：global rampart footprints（fallback 层）"],"duration":1,"failureDetails":[],"failureMessages":[],"fullName":"Remediation IX：global rampart footprints（fallback 层） D17：fallback 双 replacement、revised 候选含共享 R1 + R2 → occupant claim R1、另一 replacement 得 R2","invocations":1,"location":null,"numPassingAsserts":4,"retryReasons":[],"status":"passed","title":"D17：fallback 双 replacement、revised 候选含共享 R1 + R2 → occupant claim R1、另一 replacement 得 R2"},{"ancestorTitles":["Remediation IX：global rampart footprints（fallback 层）"],"duration":1,"failureDetails":[],"failureMessages":[],"fullName":"Remediation IX：global rampart footprints（fallback 层） D18：fallback 共享 R1 为唯一 revised 候选 → 先到 slot claim R1、后到者 hold","invocations":1,"location":null,"numPassingAsserts":5,"retryReasons":[],"status":"passed","title":"D18：fallback 共享 R1 为唯一 revised 候选 → 先到 slot claim R1、后到者 hold"},{"ancestorTitles":["Remediation IX：global footprints 的消费层（homeDefender）"],"duration":1,"failureDetails":[],"failureMessages":[],"fullName":"Remediation IX：global footprints 的消费层（homeDefender） D22：loser hold 不 moveTo 已占 R1、不追逐边界外敌人","invocations":1,"location":null,"numPassingAsserts":2,"retryReasons":[],"status":"passed","title":"D22：loser hold 不 moveTo 已占 R1、不追逐边界外敌人"},{"ancestorTitles":["Remediation IX：global footprints 的消费层（homeDefender）"],"duration":1,"failureDetails":[],"failureMessages":[],"fullName":"Remediation IX：global footprints 的消费层（homeDefender） D20：same-target 语义不回归——occupant 的 engage_position 消费方只允许移动到自己的位置","invocations":1,"location":null,"numPassingAsserts":1,"retryReasons":[],"status":"passed","title":"D20：same-target 语义不回归——occupant 的 engage_position 消费方只允许移动到自己的位置"},{"ancestorTitles":["Remediation IX：global footprints 架构守护"],"duration":2,"failureDetails":[],"failureMessages":[],"fullName":"Remediation IX：global footprints 架构守护 D23：planner 与 fallback 都调用共享 physical ownership 入口（physicalRampartOwnership）","invocations":1,"location":null,"numPassingAsserts":5,"retryReasons":[],"status":"passed","title":"D23：planner 与 fallback 都调用共享 physical ownership 入口（physicalRampartOwnership）"},{"ancestorTitles":["Remediation IX：global footprints 架构守护"],"duration":1,"failureDetails":[],"failureMessages":[],"fullName":"Remediation IX：global footprints 架构守护 D23：Rampart 唯一性按坐标——不同 candidate ID 同坐标视同同一 Rampart（字典序决胜确定性）","invocations":1,"location":null,"numPassingAsserts":2,"retryReasons":[],"status":"passed","title":"D23：Rampart 唯一性按坐标——不同 candidate ID 同坐标视同同一 Rampart（字典序决胜确定性）"}],"endTime":1788622958479,"message":"","name":"D:\\code\\screeps\\screeps-bot\\src\\runtime\\defenseGlobalRampartFootprints.test.ts","startTime":1788622958358,"status":"passed","summary":""},{"assertionResults":[{"ancestorTitles":["Remediation VI 6.1：direct attacker 的 Rampart 进入房间级占用权威"],"duration":3,"failureDetails":[],"failureMessages":[],"fullName":"Remediation VI 6.1：direct attacker 的 Rampart 进入房间级占用权威 D1：melee direct attacker 站 R1（与 hostile 距离 1）→ R1 被保留，approach Defender 获得 R2，无重复位置","invocations":1,"location":null,"numPassingAsserts":7,"retryReasons":[],"status":"passed","title":"D1：melee direct attacker 站 R1（与 hostile 距离 1）→ R1 被保留，approach Defender 获得 R2，无重复位置"},{"ancestorTitles":["Remediation VI 6.1：direct attacker 的 Rampart 进入房间级占用权威"],"duration":1,"failureDetails":[],"failureMessages":[],"fullName":"Remediation VI 6.1：direct attacker 的 Rampart 进入房间级占用权威 D2：候选只有 R1（被 direct attacker 占据）→ 后续 Defender 明确 hold","invocations":1,"location":null,"numPassingAsserts":5,"retryReasons":[],"status":"passed","title":"D2：候选只有 R1（被 direct attacker 占据）→ 后续 Defender 明确 hold"},{"ancestorTitles":["Remediation VI 6.1：direct attacker 的 Rampart 进入房间级占用权威"],"duration":1,"failureDetails":[],"failureMessages":[],"fullName":"Remediation VI 6.1：direct attacker 的 Rampart 进入房间级占用权威 D3：ranged direct attacker（射程 3 内、当前位于 R1）→ R1 同样保留","invocations":1,"location":null,"numPassingAsserts":5,"retryReasons":[],"status":"passed","title":"D3：ranged direct attacker（射程 3 内、当前位于 R1）→ R1 同样保留"},{"ancestorTitles":["Remediation VI 6.1：direct attacker 的 Rampart 进入房间级占用权威"],"duration":4,"failureDetails":[],"failureMessages":[],"fullName":"Remediation VI 6.1：direct attacker 的 Rampart 进入房间级占用权威 direct actor 不站合法候选 Rampart（如 inside/其它 tile）→ 不产生保留事实","invocations":1,"location":null,"numPassingAsserts":4,"retryReasons":[],"status":"passed","title":"direct actor 不站合法候选 Rampart（如 inside/其它 tile）→ 不产生保留事实"},{"ancestorTitles":["Remediation VI 6.3：fallback 保留真实 role 与位置事实"],"duration":1,"failureDetails":[],"failureMessages":[],"fullName":"Remediation VI 6.3：fallback 保留真实 role 与位置事实 D4：fallback 不抢 unaffected direct actor 的 Rampart（D1 保留 attack + R1，replacement 只能获得 R2 或 hold）","invocations":1,"location":null,"numPassingAsserts":8,"retryReasons":[],"status":"passed","title":"D4：fallback 不抢 unaffected direct actor 的 Rampart（D1 保留 attack + R1，replacement 只能获得 R2 或 hold）"},{"ancestorTitles":["Remediation VI 6.3：fallback 保留真实 role 与位置事实"],"duration":1,"failureDetails":[],"failureMessages":[],"fullName":"Remediation VI 6.3：fallback 保留真实 role 与位置事实 D4b：replacement 候选只有被保留的 R1 → 明确 hold（不抢占）","invocations":1,"location":null,"numPassingAsserts":3,"retryReasons":[],"status":"passed","title":"D4b：replacement 候选只有被保留的 R1 → 明确 hold（不抢占）"},{"ancestorTitles":["Remediation VI 6.3：fallback 保留真实 role 与位置事实"],"duration":1,"failureDetails":[],"failureMessages":[],"fullName":"Remediation VI 6.3：fallback 保留真实 role 与位置事实 D5：fallback role 优先级——primary 按 allocate 规则优先获得更近候选；输入顺序反转 per-slot 结果不变","invocations":1,"location":null,"numPassingAsserts":3,"retryReasons":[],"status":"passed","title":"D5：fallback role 优先级——primary 按 allocate 规则优先获得更近候选；输入顺序反转 per-slot 结果不变"},{"ancestorTitles":["Remediation VI 6.3：fallback 保留真实 role 与位置事实"],"duration":0,"failureDetails":[],"failureMessages":[],"fullName":"Remediation VI 6.3：fallback 保留真实 role 与位置事实 D6：fallback 使用真实 Defender 距离（target anchor 近似会得到相反结果）","invocations":1,"location":null,"numPassingAsserts":1,"retryReasons":[],"status":"passed","title":"D6：fallback 使用真实 Defender 距离（target anchor 近似会得到相反结果）"},{"ancestorTitles":["Remediation VI 7：消费层 all-actor reservation 回归（D7）"],"duration":1,"failureDetails":[],"failureMessages":[],"fullName":"Remediation VI 7：消费层 all-actor reservation 回归（D7） D7a：direct attacker 的 plan assignment（attack + reservedPosition）→ 消费继续 attack（不停止攻击）","invocations":1,"location":null,"numPassingAsserts":2,"retryReasons":[],"status":"passed","title":"D7a：direct attacker 的 plan assignment（attack + reservedPosition）→ 消费继续 attack（不停止攻击）"},{"ancestorTitles":["Remediation VI 7：消费层 all-actor reservation 回归（D7）"],"duration":1,"failureDetails":[],"failureMessages":[],"fullName":"Remediation VI 7：消费层 all-actor reservation 回归（D7） D7b：候选 Rampart 不足的显式 hold（唯一候选被 direct actor 保留）→ 不 moveTo、不追逐边界外 hostile","invocations":1,"location":null,"numPassingAsserts":3,"retryReasons":[],"status":"passed","title":"D7b：候选 Rampart 不足的显式 hold（唯一候选被 direct actor 保留）→ 不 moveTo、不追逐边界外 hostile"},{"ancestorTitles":["Remediation VI 7：消费层 all-actor reservation 回归（D7）"],"duration":1,"failureDetails":[],"failureMessages":[],"fullName":"Remediation VI 7：消费层 all-actor reservation 回归（D7） D7c：canonical slot 正常消费 fallback revision 的 attack entry（unaffected direct actor 修订后仍攻击）","invocations":1,"location":null,"numPassingAsserts":1,"retryReasons":[],"status":"passed","title":"D7c：canonical slot 正常消费 fallback revision 的 attack entry（unaffected direct actor 修订后仍攻击）"}],"endTime":1788622958613,"message":"","name":"D:\\code\\screeps\\screeps-bot\\src\\runtime\\defenseAllActorReservation.test.ts","startTime":1788622958487,"status":"passed","summary":""},{"assertionResults":[{"ancestorTitles":["runTowerControl"],"duration":3,"failureDetails":[],"failureMessages":[],"fullName":"runTowerControl keeps towers focused on the same target during periodic probe ticks when focus damage is still positive","invocations":1,"location":null,"numPassingAsserts":4,"retryReasons":[],"status":"passed","title":"keeps towers focused on the same target during periodic probe ticks when focus damage is still positive"},{"ancestorTitles":["runTowerControl"],"duration":1,"failureDetails":[],"failureMessages":[],"fullName":"runTowerControl does not waste tower energy when every hostile is immune to tower damage","invocations":1,"location":null,"numPassingAsserts":2,"retryReasons":[],"status":"passed","title":"does not waste tower energy when every hostile is immune to tower damage"},{"ancestorTitles":["runTowerControl"],"duration":1,"failureDetails":[],"failureMessages":[],"fullName":"runTowerControl 【Remediation III 十七】计划目标失效：房间级共享 fallback 转向仍存活的 secondary（不独立重评分）","invocations":1,"location":null,"numPassingAsserts":2,"retryReasons":[],"status":"passed","title":"【Remediation III 十七】计划目标失效：房间级共享 fallback 转向仍存活的 secondary（不独立重评分）"},{"ancestorTitles":["runTowerControl"],"duration":1,"failureDetails":[],"failureMessages":[],"fullName":"runTowerControl 【Remediation II】pressure plan（killExpected=false）仍是唯一权威：塔攻击共享压制目标而非独立评分","invocations":1,"location":null,"numPassingAsserts":4,"retryReasons":[],"status":"passed","title":"【Remediation II】pressure plan（killExpected=false）仍是唯一权威：塔攻击共享压制目标而非独立评分"},{"ancestorTitles":["runTowerControl"],"duration":2,"failureDetails":[],"failureMessages":[],"fullName":"runTowerControl 【Remediation II】紧急治疗塔按 plan 治疗（不出现于攻击分配），攻击塔按分配目标攻击","invocations":1,"location":null,"numPassingAsserts":4,"retryReasons":[],"status":"passed","title":"【Remediation II】紧急治疗塔按 plan 治疗（不出现于攻击分配），攻击塔按分配目标攻击"}],"endTime":1788622958733,"message":"","name":"D:\\code\\screeps\\screeps-bot\\src\\runtime\\towerControl.test.ts","startTime":1788622958618,"status":"passed","summary":""},{"assertionResults":[{"ancestorTitles":["Remediation VII：stationary defender 的 Rampart ownership（revision 层）"],"duration":2,"failureDetails":[],"failureMessages":[],"fullName":"Remediation VII：stationary defender 的 Rampart ownership（revision 层） D1：hold Defender 站 R1 → retained hold 携带 reservedPosition 且 used 集第三路生效——replacement 只能获得 R2","invocations":1,"location":null,"numPassingAsserts":5,"retryReasons":[],"status":"passed","title":"D1：hold Defender 站 R1 → retained hold 携带 reservedPosition 且 used 集第三路生效——replacement 只能获得 R2"},{"ancestorTitles":["Remediation VII：stationary defender 的 Rampart ownership（revision 层）"],"duration":1,"failureDetails":[],"failureMessages":[],"fullName":"Remediation VII：stationary defender 的 Rampart ownership（revision 层） D2：候选只剩被 hold Defender 占据的 R1 → replacement 明确 hold（不 moveTo R1、不追逐）","invocations":1,"location":null,"numPassingAsserts":5,"retryReasons":[],"status":"passed","title":"D2：候选只剩被 hold Defender 占据的 R1 → replacement 明确 hold（不 moveTo R1、不追逐）"},{"ancestorTitles":["Remediation VII：stationary defender 的 Rampart ownership（revision 层）"],"duration":1,"failureDetails":[],"failureMessages":[],"fullName":"Remediation VII：stationary defender 的 Rampart ownership（revision 层） D4：unaffected hold actor 的原 target 仍存活 → 保持 hold + R1；fallback Defender 不得抢占 R1","invocations":1,"location":null,"numPassingAsserts":4,"retryReasons":[],"status":"passed","title":"D4：unaffected hold actor 的原 target 仍存活 → 保持 hold + R1；fallback Defender 不得抢占 R1"},{"ancestorTitles":["Remediation VII：stationary defender 的 Rampart ownership（revision 层）"],"duration":1,"failureDetails":[],"failureMessages":[],"fullName":"Remediation VII：stationary defender 的 Rampart ownership（revision 层） D5：replacement 无合法候选但当前已在合法 Rampart → hold 携带当前位置保留事实","invocations":1,"location":null,"numPassingAsserts":2,"retryReasons":[],"status":"passed","title":"D5：replacement 无合法候选但当前已在合法 Rampart → hold 携带当前位置保留事实"},{"ancestorTitles":["Remediation VII：stationary defender 的 Rampart ownership（planner 层）"],"duration":2,"failureDetails":[],"failureMessages":[],"fullName":"Remediation VII：stationary defender 的 Rampart ownership（planner 层） D3：stationary engage_position（分配位置 = 当前 tile）→ R1 被保留（occupied + reservedPosition）","invocations":1,"location":null,"numPassingAsserts":6,"retryReasons":[],"status":"passed","title":"D3：stationary engage_position（分配位置 = 当前 tile）→ R1 被保留（occupied + reservedPosition）"},{"ancestorTitles":["Remediation VII：stationary defender 的 Rampart ownership（planner 层）"],"duration":1,"failureDetails":[],"failureMessages":[],"fullName":"Remediation VII：stationary defender 的 Rampart ownership（planner 层） D6：direct attack / ranged_attack 的保留回归——不停止攻击、hold 消费不被迫移动","invocations":1,"location":null,"numPassingAsserts":4,"retryReasons":[],"status":"passed","title":"D6：direct attack / ranged_attack 的保留回归——不停止攻击、hold 消费不被迫移动"},{"ancestorTitles":["Remediation VII：stationary defender 的 Rampart ownership（planner 层）"],"duration":1,"failureDetails":[],"failureMessages":[],"fullName":"Remediation VII：stationary defender 的 Rampart ownership（planner 层） D7：非参与 Defender 的 Rampart（采集层 occupied 标记）不被 planner 重复分配","invocations":1,"location":null,"numPassingAsserts":3,"retryReasons":[],"status":"passed","title":"D7：非参与 Defender 的 Rampart（采集层 occupied 标记）不被 planner 重复分配"},{"ancestorTitles":["Remediation VII：stationary defender 的 Rampart ownership（planner 层）"],"duration":2,"failureDetails":[],"failureMessages":[],"fullName":"Remediation VII：stationary defender 的 Rampart ownership（planner 层） D8：输入顺序反转（Defender / candidate / front key 插入顺序）不改变 per-slot 语义","invocations":1,"location":null,"numPassingAsserts":14,"retryReasons":[],"status":"passed","title":"D8：输入顺序反转（Defender / candidate / front key 插入顺序）不改变 per-slot 语义"}],"endTime":1788622958856,"message":"","name":"D:\\code\\screeps\\screeps-bot\\src\\runtime\\defenseStationaryRampartOwnership.test.ts","startTime":1788622958738,"status":"passed","summary":""},{"assertionResults":[{"ancestorTitles":["Remediation VIII：allocation 前的物理 Rampart ownership（planner 层）"],"duration":2,"failureDetails":[],"failureMessages":[],"fullName":"Remediation VIII：allocation 前的物理 Rampart ownership（planner 层） D9：D0 站 R1（pending boundary）+ D1 primary 同 target、候选只有 R1 → D0 claim 保留 R1、D1 hold（无双占位）","invocations":1,"location":null,"numPassingAsserts":6,"retryReasons":[],"status":"passed","title":"D9：D0 站 R1（pending boundary）+ D1 primary 同 target、候选只有 R1 → D0 claim 保留 R1、D1 hold（无双占位）"},{"ancestorTitles":["Remediation VIII：allocation 前的物理 Rampart ownership（planner 层）"],"duration":1,"failureDetails":[],"failureMessages":[],"fullName":"Remediation VIII：allocation 前的物理 Rampart ownership（planner 层） D10：D0 站 R1（pending）+ D1 需要 boundary、候选 R1/R2 → D1 只能得到 R2","invocations":1,"location":null,"numPassingAsserts":4,"retryReasons":[],"status":"passed","title":"D10：D0 站 R1（pending）+ D1 需要 boundary、候选 R1/R2 → D1 只能得到 R2"},{"ancestorTitles":["Remediation VIII：allocation 前的物理 Rampart ownership（planner 层）"],"duration":1,"failureDetails":[],"failureMessages":[],"fullName":"Remediation VIII：allocation 前的物理 Rampart ownership（planner 层） D13：participant claim + non-participant 采集层占用混合——全部物理占用 Rampart 不被重复分配","invocations":1,"location":null,"numPassingAsserts":3,"retryReasons":[],"status":"passed","title":"D13：participant claim + non-participant 采集层占用混合——全部物理占用 Rampart 不被重复分配"},{"ancestorTitles":["Remediation VIII：allocation 前的物理 Rampart ownership（planner 层）"],"duration":1,"failureDetails":[],"failureMessages":[],"fullName":"Remediation VIII：allocation 前的物理 Rampart ownership（planner 层） D14：Defender / candidate / front key 顺序反转 → per-slot 结果逐项一致","invocations":1,"location":null,"numPassingAsserts":2,"retryReasons":[],"status":"passed","title":"D14：Defender / candidate / front key 顺序反转 → per-slot 结果逐项一致"},{"ancestorTitles":["Remediation VIII：allocation 前的物理 Rampart ownership（fallback 层）"],"duration":1,"failureDetails":[],"failureMessages":[],"fullName":"Remediation VIII：allocation 前的物理 Rampart ownership（fallback 层） D11：D0 旧目标失效站 R1、D1 也 replacement、候选只有 R1 → D0 claim R1、D1 hold（不得把 R1 分给 D1 后让 D0 hold R1）","invocations":1,"location":null,"numPassingAsserts":6,"retryReasons":[],"status":"passed","title":"D11：D0 旧目标失效站 R1、D1 也 replacement、候选只有 R1 → D0 claim R1、D1 hold（不得把 R1 分给 D1 后让 D0 hold R1）"},{"ancestorTitles":["Remediation VIII：allocation 前的物理 Rampart ownership（fallback 层）"],"duration":4,"failureDetails":[],"failureMessages":[],"fullName":"Remediation VIII：allocation 前的物理 Rampart ownership（fallback 层） D12：fallback 候选 R1/R2、occupant 保留 R1、replacement 得 R2","invocations":1,"location":null,"numPassingAsserts":6,"retryReasons":[],"status":"passed","title":"D12：fallback 候选 R1/R2、occupant 保留 R1、replacement 得 R2"},{"ancestorTitles":["Remediation VIII：hold actor 的消费层行为"],"duration":2,"failureDetails":[],"failureMessages":[],"fullName":"Remediation VIII：hold actor 的消费层行为 D15：claim 后 hold 的 loser 不 moveTo、不追逐；direct attacker 不停止攻击","invocations":1,"location":null,"numPassingAsserts":6,"retryReasons":[],"status":"passed","title":"D15：claim 后 hold 的 loser 不 moveTo、不追逐；direct attacker 不停止攻击"},{"ancestorTitles":["Remediation VIII：物理占用语义的共享入口"],"duration":1,"failureDetails":[],"failureMessages":[],"fullName":"Remediation VIII：物理占用语义的共享入口 collectPhysicalCandidateFootprints：slot 字典序决胜、输入顺序无关、非候选坐标不产生 footprint","invocations":1,"location":null,"numPassingAsserts":3,"retryReasons":[],"status":"passed","title":"collectPhysicalCandidateFootprints：slot 字典序决胜、输入顺序无关、非候选坐标不产生 footprint"}],"endTime":1788622958985,"message":"","name":"D:\\code\\screeps\\screeps-bot\\src\\runtime\\defensePreallocationRampartOwnership.test.ts","startTime":1788622958864,"status":"passed","summary":""}],"wasInterrupted":false}
