{"numFailedTestSuites":0,"numFailedTests":0,"numPassedTestSuites":18,"numPassedTests":393,"numPendingTestSuites":0,"numPendingTests":0,"numRuntimeErrorTestSuites":0,"numTodoTests":0,"numTotalTestSuites":18,"numTotalTests":393,"openHandles":[],"snapshot":{"added":0,"didUpdate":false,"failure":false,"filesAdded":0,"filesRemoved":0,"filesRemovedList":[],"filesUnmatched":0,"filesUpdated":0,"matched":0,"total":0,"unchecked":0,"uncheckedKeysByFile":[],"unmatched":0,"updated":0},"startTime":1788622746663,"success":true,"testResults":[{"assertionResults":[{"ancestorTitles":["压力：接收容量竞争序列（Core Rewrite II §7.5）"],"duration":2158,"failureDetails":[],"failureMessages":[],"fullName":"压力：接收容量竞争序列（Core Rewrite II §7.5） 连续 unknown 流入逐步压缩接收容量：可用额度单调下降、超额全拒","invocations":1,"location":null,"numPassingAsserts":202,"retryReasons":[],"status":"passed","title":"连续 unknown 流入逐步压缩接收容量：可用额度单调下降、超额全拒"},{"ancestorTitles":["压力：pending sweep 取消流（Core Rewrite II §7.5）"],"duration":4816,"failureDetails":[],"failureMessages":[],"fullName":"压力：pending sweep 取消流（Core Rewrite II §7.5） 500 项 pending 跨 tick 全部安全取消：零真实调用、槽位回收、ring 有界","invocations":1,"location":null,"numPassingAsserts":514,"retryReasons":[],"status":"passed","title":"500 项 pending 跨 tick 全部安全取消：零真实调用、槽位回收、ring 有界"},{"ancestorTitles":["压力：高吞吐完成生命周期"],"duration":100894,"failureDetails":[],"failureMessages":[],"fullName":"压力：高吞吐完成生命周期 10,000 项完成工作：副作用恰 10,000 次、ring 有界、终态体积有界","invocations":1,"location":null,"numPassingAsserts":6,"retryReasons":[],"status":"passed","title":"10,000 项完成工作：副作用恰 10,000 次、ring 有界、终态体积有界"},{"ancestorTitles":["压力：长 retry 链"],"duration":10968,"failureDetails":[],"failureMessages":[],"fullName":"压力：长 retry 链 1,000 次合法 retry 单链：每代新 ID、旧代退出、无重复执行","invocations":1,"location":null,"numPassingAsserts":1004,"retryReasons":[],"status":"passed","title":"1,000 次合法 retry 单链：每代新 ID、旧代退出、无重复执行"},{"ancestorTitles":["压力：固定长期 unknown 的混合负载"],"duration":54760,"failureDetails":[],"failureMessages":[],"fullName":"压力：固定长期 unknown 的混合负载 1 笔 unknown + 5,000 正常完成：unknown 有界保留、其余正常退出","invocations":1,"location":null,"numPassingAsserts":4,"retryReasons":[],"status":"passed","title":"1 笔 unknown + 5,000 正常完成：unknown 有界保留、其余正常退出"},{"ancestorTitles":["压力：满载与最坏记录"],"duration":4,"failureDetails":[],"failureMessages":[],"fullName":"压力：满载与最坏记录 满 active + 满 ring + 最坏记录体积：新工作拒绝、总量有界","invocations":1,"location":null,"numPassingAsserts":3,"retryReasons":[],"status":"passed","title":"满 active + 满 ring + 最坏记录体积：新工作拒绝、总量有界"},{"ancestorTitles":["小型参考模型对比（2 槽 / 2 资源）"],"duration":402,"failureDetails":[],"failureMessages":[],"fullName":"小型参考模型对比（2 槽 / 2 资源） 随机事件序列下，生产 kernel 与参考模型的安全判定一致","invocations":1,"location":null,"numPassingAsserts":565,"retryReasons":[],"status":"passed","title":"随机事件序列下，生产 kernel 与参考模型的安全判定一致"},{"ancestorTitles":["小型参考模型对比（2 槽 / 2 资源）"],"duration":1,"failureDetails":[],"failureMessages":[],"fullName":"小型参考模型对比（2 槽 / 2 资源） 参考模型独立验证：unknown 不释放、关闭工作可退出、历史淘汰不改变许可","invocations":1,"location":null,"numPassingAsserts":5,"retryReasons":[],"status":"passed","title":"参考模型独立验证：unknown 不释放、关闭工作可退出、历史淘汰不改变许可"}],"endTime":1788622924009,"message":"","name":"D:\\code\\screeps\\screeps-bot\\src\\runtime\\treasury\\treasuryKernelStress.test.ts","startTime":1788622746897,"status":"passed","summary":""},{"assertionResults":[{"ancestorTitles":["C01 policy 累计（池 1000 / 保留 900）"],"duration":12,"failureDetails":[],"failureMessages":[],"fullName":"C01 policy 累计（池 1000 / 保留 900） A pending 80 后 B 80 拒绝；B 20 获准；A 取消后 B 80 恢复（无累计越界）","invocations":1,"location":null,"numPassingAsserts":4,"retryReasons":[],"status":"passed","title":"A pending 80 后 B 80 拒绝；B 20 获准；A 取消后 B 80 恢复（无累计越界）"},{"ancestorTitles":["C01 policy 累计（池 1000 / 保留 900）"],"duration":3,"failureDetails":[],"failureMessages":[],"fullName":"C01 policy 累计（池 1000 / 保留 900） A unknown 80 后 B 80 拒绝（unknown 占用参与政策合计）","invocations":1,"location":null,"numPassingAsserts":2,"retryReasons":[],"status":"passed","title":"A unknown 80 后 B 80 拒绝（unknown 占用参与政策合计）"},{"ancestorTitles":["C01 policy 累计（池 1000 / 保留 900）"],"duration":5,"failureDetails":[],"failureMessages":[],"fullName":"C01 policy 累计（池 1000 / 保留 900） A committed（效果未入观察）80 后 B 80 拒绝；下一 tick 观察接管后额度恢复","invocations":1,"location":null,"numPassingAsserts":3,"retryReasons":[],"status":"passed","title":"A committed（效果未入观察）80 后 B 80 拒绝；下一 tick 观察接管后额度恢复"},{"ancestorTitles":["C02 scope 合计与承诺单份"],"duration":3,"failureDetails":[],"failureMessages":[],"fullName":"C02 scope 合计与承诺单份 同一候选跨 storage/terminal 双腿流出：合计 130 > 110 拒绝；对照 95 获准（不逐腿共用余量）","invocations":1,"location":null,"numPassingAsserts":2,"retryReasons":[],"status":"passed","title":"同一候选跨 storage/terminal 双腿流出：合计 130 > 110 拒绝；对照 95 获准（不逐腿共用余量）"},{"ancestorTitles":["C02 scope 合计与承诺单份"],"duration":2,"failureDetails":[],"failureMessages":[],"fullName":"C02 scope 合计与承诺单份 跨房间候选合计受约束（共享池不按房间复制余额）","invocations":1,"location":null,"numPassingAsserts":1,"retryReasons":[],"status":"passed","title":"跨房间候选合计受约束（共享池不按房间复制余额）"},{"ancestorTitles":["C02 scope 合计与承诺单份"],"duration":3,"failureDetails":[],"failureMessages":[],"fullName":"C02 scope 合计与承诺单份 同接收位置两种资源流入各 60、空位 100：按合计拒绝（单份容量不重复给）","invocations":1,"location":null,"numPassingAsserts":2,"retryReasons":[],"status":"passed","title":"同接收位置两种资源流入各 60、空位 100：按合计拒绝（单份容量不重复给）"},{"ancestorTitles":["C03 own-reservation 全链一致"],"duration":3,"failureDetails":[],"failureMessages":[],"fullName":"C03 own-reservation 全链一致 exact owner 自己的预留 300：owner 流出 950 获准（facade 与 kernel 端口同一上下文，无匿名扣回）","invocations":1,"location":null,"numPassingAsserts":1,"retryReasons":[],"status":"passed","title":"exact owner 自己的预留 300：owner 流出 950 获准（facade 与 kernel 端口同一上下文，无匿名扣回）"},{"ancestorTitles":["C03 own-reservation 全链一致"],"duration":3,"failureDetails":[],"failureMessages":[],"fullName":"C03 own-reservation 全链一致 同一场景执行复验：owner 许可的执行不被匿名二次裁决拒绝（不自我双扣）","invocations":1,"location":null,"numPassingAsserts":2,"retryReasons":[],"status":"passed","title":"同一场景执行复验：owner 许可的执行不被匿名二次裁决拒绝（不自我双扣）"},{"ancestorTitles":["C03 own-reservation 全链一致"],"duration":2,"failureDetails":[],"failureMessages":[],"fullName":"C03 own-reservation 全链一致 不声明 owner 时 950 拒绝（预留对他人有效）；伪造 owner（未注册 holder）拒绝","invocations":1,"location":null,"numPassingAsserts":2,"retryReasons":[],"status":"passed","title":"不声明 owner 时 950 拒绝（预留对他人有效）；伪造 owner（未注册 holder）拒绝"},{"ancestorTitles":["C03 own-reservation 全链一致"],"duration":3,"failureDetails":[],"failureMessages":[],"fullName":"C03 own-reservation 全链一致 policy resolver 收到真实 contract 上下文（无占位 '-'）","invocations":1,"location":null,"numPassingAsserts":5,"retryReasons":[],"status":"passed","title":"policy resolver 收到真实 contract 上下文（无占位 '-'）"},{"ancestorTitles":["C04 fail-closed 一致阻断"],"duration":4,"failureDetails":[],"failureMessages":[],"fullName":"C04 fail-closed 一致阻断 policy 缺失：接纳与执行复验一致阻断；宽松查询展示不转化执行权限","invocations":1,"location":null,"numPassingAsserts":3,"retryReasons":[],"status":"passed","title":"policy 缺失：接纳与执行复验一致阻断；宽松查询展示不转化执行权限"},{"ancestorTitles":["C04 fail-closed 一致阻断"],"duration":3,"failureDetails":[],"failureMessages":[],"fullName":"C04 fail-closed 一致阻断 policy 抛错：结构化 policy_fault，接纳拒绝","invocations":1,"location":null,"numPassingAsserts":2,"retryReasons":[],"status":"passed","title":"policy 抛错：结构化 policy_fault，接纳拒绝"},{"ancestorTitles":["C04 fail-closed 一致阻断"],"duration":3,"failureDetails":[],"failureMessages":[],"fullName":"C04 fail-closed 一致阻断 policy 返回非法决策（负 withhold）：policy_fault 拒绝","invocations":1,"location":null,"numPassingAsserts":1,"retryReasons":[],"status":"passed","title":"policy 返回非法决策（负 withhold）：policy_fault 拒绝"},{"ancestorTitles":["C04 fail-closed 一致阻断"],"duration":1,"failureDetails":[],"failureMessages":[],"fullName":"C04 fail-closed 一致阻断 承诺不完整（任务 holder 缺失）：严格查询 authorizationSafe=false","invocations":1,"location":null,"numPassingAsserts":1,"retryReasons":[],"status":"passed","title":"承诺不完整（任务 holder 缺失）：严格查询 authorizationSafe=false"},{"ancestorTitles":["C05 执行门禁复验"],"duration":5,"failureDetails":[],"failureMessages":[],"fullName":"C05 执行门禁复验 授权后同 tick policy 收紧（reserve→950）：旧许可调用 0、无 applied 变化；合法对照调用 1","invocations":1,"location":null,"numPassingAsserts":5,"retryReasons":[],"status":"passed","title":"授权后同 tick policy 收紧（reserve→950）：旧许可调用 0、无 applied 变化；合法对照调用 1"},{"ancestorTitles":["C05 执行门禁复验"],"duration":2,"failureDetails":[],"failureMessages":[],"fullName":"C05 执行门禁复验 同 policy 注册下业务值改变（reserve 0→900）同样阻断：执行时重算，不只比对注册身份","invocations":1,"location":null,"numPassingAsserts":2,"retryReasons":[],"status":"passed","title":"同 policy 注册下业务值改变（reserve 0→900）同样阻断：执行时重算，不只比对注册身份"},{"ancestorTitles":["C05 执行门禁复验"],"duration":2,"failureDetails":[],"failureMessages":[],"fullName":"C05 执行门禁复验 结构消失（房间被移除）：观察不覆盖目标 → 许可 blocked、调用 0","invocations":1,"location":null,"numPassingAsserts":2,"retryReasons":[],"status":"passed","title":"结构消失（房间被移除）：观察不覆盖目标 → 许可 blocked、调用 0"},{"ancestorTitles":["C05 执行门禁复验"],"duration":4,"failureDetails":[],"failureMessages":[],"fullName":"C05 执行门禁复验 同位置结构更换 ID（incarnation 变化）：许可 blocked、调用 0","invocations":1,"location":null,"numPassingAsserts":2,"retryReasons":[],"status":"passed","title":"同位置结构更换 ID（incarnation 变化）：许可 blocked、调用 0"},{"ancestorTitles":["C06 授权窗口共享关闭"],"duration":5,"failureDetails":[],"failureMessages":[],"fullName":"C06 授权窗口共享关闭 endTick 后：同实例 dispatch blocked、第二实例 beginTick 不重开、rearm 拒绝；下一 tick 恢复","invocations":1,"location":null,"numPassingAsserts":7,"retryReasons":[],"status":"passed","title":"endTick 后：同实例 dispatch blocked、第二实例 beginTick 不重开、rearm 拒绝；下一 tick 恢复"},{"ancestorTitles":["C06 授权窗口共享关闭"],"duration":3,"failureDetails":[],"failureMessages":[],"fullName":"C06 授权窗口共享关闭 endTick 后安全清理仍可继续（预算恢复不受窗口限制）","invocations":1,"location":null,"numPassingAsserts":2,"retryReasons":[],"status":"passed","title":"endTick 后安全清理仍可继续（预算恢复不受窗口限制）"},{"ancestorTitles":["C07 复验不自我双扣"],"duration":5,"failureDetails":[],"failureMessages":[],"fullName":"C07 复验不自我双扣 A pending 200、B pending 700：执行 A（排除本笔）合法；B 占用不丢；累计正确","invocations":1,"location":null,"numPassingAsserts":5,"retryReasons":[],"status":"passed","title":"A pending 200、B pending 700：执行 A（排除本笔）合法；B 占用不丢；累计正确"},{"ancestorTitles":["C08 独立发布目标（原地载荷污染）"],"duration":3,"failureDetails":[],"failureMessages":[],"fullName":"C08 独立发布目标（原地载荷污染） 写入端原地把 dispatching 改回 pending 并返回同一引用：发布失败、调用 0、许可未消费","invocations":1,"location":null,"numPassingAsserts":4,"retryReasons":[],"status":"passed","title":"写入端原地把 dispatching 改回 pending 并返回同一引用：发布失败、调用 0、许可未消费"},{"ancestorTitles":["C09 发布确认全路径"],"duration":4,"failureDetails":[],"failureMessages":[],"fullName":"C09 发布确认全路径 嵌套安全字段原地污染（evidence.conclusion 反转）：结果发布失败，不谎报相反结论","invocations":1,"location":null,"numPassingAsserts":4,"retryReasons":[],"status":"passed","title":"嵌套安全字段原地污染（evidence.conclusion 反转）：结果发布失败，不谎报相反结论"},{"ancestorTitles":["C09 发布确认全路径"],"duration":2,"failureDetails":[],"failureMessages":[],"fullName":"C09 发布确认全路径 写入被替换为旧合法值：识别目标不一致并失败（不误报 committed）","invocations":1,"location":null,"numPassingAsserts":4,"retryReasons":[],"status":"passed","title":"写入被替换为旧合法值：识别目标不一致并失败（不误报 committed）"},{"ancestorTitles":["C09 发布确认全路径"],"duration":1,"failureDetails":[],"failureMessages":[],"fullName":"C09 发布确认全路径 初始化读回不一致：接纳拒绝，不产生半安装状态","invocations":1,"location":null,"numPassingAsserts":2,"retryReasons":[],"status":"passed","title":"初始化读回不一致：接纳拒绝，不产生半安装状态"},{"ancestorTitles":["C09 发布确认全路径"],"duration":2,"failureDetails":[],"failureMessages":[],"fullName":"C09 发布确认全路径 取消发布丢写：操作失败、记录与义务保留","invocations":1,"location":null,"numPassingAsserts":2,"retryReasons":[],"status":"passed","title":"取消发布丢写：操作失败、记录与义务保留"},{"ancestorTitles":["C09 发布确认全路径"],"duration":3,"failureDetails":[],"failureMessages":[],"fullName":"C09 发布确认全路径 合法发布对照：无故障时 admit→dispatch→跨 tick 清理退出全链成功","invocations":1,"location":null,"numPassingAsserts":3,"retryReasons":[],"status":"passed","title":"合法发布对照：无故障时 admit→dispatch→跨 tick 清理退出全链成功"},{"ancestorTitles":["C10 重入推进保护"],"duration":7,"failureDetails":[],"failureMessages":[],"fullName":"C10 重入推进保护 mutate 与基线漂移检查之间另一工作被推进（重入写）：陈旧草稿被拒、调用 0、不覆盖新状态","invocations":1,"location":null,"numPassingAsserts":6,"retryReasons":[],"status":"passed","title":"mutate 与基线漂移检查之间另一工作被推进（重入写）：陈旧草稿被拒、调用 0、不覆盖新状态"},{"ancestorTitles":["C11 结果写失败与释放确认写失败"],"duration":4,"failureDetails":[],"failureMessages":[],"fullName":"C11 结果写失败与释放确认写失败 动作已进入、结果写丢弃：调用总计 1、不回退 pending、unknown 责任保留","invocations":1,"location":null,"numPassingAsserts":6,"retryReasons":[],"status":"passed","title":"动作已进入、结果写丢弃：调用总计 1、不回退 pending、unknown 责任保留"},{"ancestorTitles":["C11 结果写失败与释放确认写失败"],"duration":2,"failureDetails":[],"failureMessages":[],"fullName":"C11 结果写失败与释放确认写失败 释放成功但确认写失败：预扣失败零调用；恢复后同一幂等 (key, attemptId) 重试并退出","invocations":1,"location":null,"numPassingAsserts":3,"retryReasons":[],"status":"passed","title":"释放成功但确认写失败：预扣失败零调用；恢复后同一幂等 (key, attemptId) 重试并退出"},{"ancestorTitles":["C12 多实例流出责任（余额 1000）"],"duration":4,"failureDetails":[],"failureMessages":[],"fullName":"C12 多实例流出责任（余额 1000） A 实例执行 800 后（同 tick）：B 实例 800 拒绝、200 获准；不同 workKey","invocations":1,"location":null,"numPassingAsserts":3,"retryReasons":[],"status":"passed","title":"A 实例执行 800 后（同 tick）：B 实例 800 拒绝、200 获准；不同 workKey"},{"ancestorTitles":["C13 多实例接收责任（空位 100）"],"duration":5,"failureDetails":[],"failureMessages":[],"fullName":"C13 多实例接收责任（空位 100） A 实例确认流入 80（观察旧）：B 实例流入 80 拒绝、20 获准","invocations":1,"location":null,"numPassingAsserts":3,"retryReasons":[],"status":"passed","title":"A 实例确认流入 80（观察旧）：B 实例流入 80 拒绝、20 获准"},{"ancestorTitles":["C13 多实例接收责任（空位 100）"],"duration":6,"failureDetails":[],"failureMessages":[],"fullName":"C13 多实例接收责任（空位 100） 确认/新实例重建后接收责任不消失；观察接管后仍守容量（80 拒、可纳 19）","invocations":1,"location":null,"numPassingAsserts":4,"retryReasons":[],"status":"passed","title":"确认/新实例重建后接收责任不消失；观察接管后仍守容量（80 拒、可纳 19）"},{"ancestorTitles":["C16 释放端口重入共享预算"],"duration":5,"failureDetails":[],"failureMessages":[],"fullName":"C16 释放端口重入共享预算 两条 closing × 8 消费者、端口单次重入 beginTick：本 tick 实际释放调用总计 ≤ 8 且真实调用 > 0","invocations":1,"location":null,"numPassingAsserts":3,"retryReasons":[],"status":"passed","title":"两条 closing × 8 消费者、端口单次重入 beginTick：本 tick 实际释放调用总计 ≤ 8 且真实调用 > 0"},{"ancestorTitles":["C16 释放端口重入共享预算"],"duration":3,"failureDetails":[],"failureMessages":[],"fullName":"C16 释放端口重入共享预算 重复入口在同 tick 预算耗尽后不再调用端口","invocations":1,"location":null,"numPassingAsserts":3,"retryReasons":[],"status":"passed","title":"重复入口在同 tick 预算耗尽后不再调用端口"},{"ancestorTitles":["C17 预扣与失败预算"],"duration":2,"failureDetails":[],"failureMessages":[],"fullName":"C17 预扣与失败预算 预扣发布写失败：端口调用 0（不调用未取得预算的外部端口）","invocations":1,"location":null,"numPassingAsserts":1,"retryReasons":[],"status":"passed","title":"预扣发布写失败：端口调用 0（不调用未取得预算的外部端口）"},{"ancestorTitles":["C17 预扣与失败预算"],"duration":4,"failureDetails":[],"failureMessages":[],"fullName":"C17 预扣与失败预算 端口返回 false / 抛错：预算已耗、duty 保留、下 tick 幂等重试","invocations":1,"location":null,"numPassingAsserts":5,"retryReasons":[],"status":"passed","title":"端口返回 false / 抛错：预算已耗、duty 保留、下 tick 幂等重试"},{"ancestorTitles":["C18 公平推进有限界"],"duration":20,"failureDetails":[],"failureMessages":[],"fullName":"C18 公平推进有限界 前 8 条 closing 义务永久失败、第 9 条可完成：在实测有限界内完成","invocations":1,"location":null,"numPassingAsserts":3,"retryReasons":[],"status":"passed","title":"前 8 条 closing 义务永久失败、第 9 条可完成：在实测有限界内完成"},{"ancestorTitles":["C18 公平推进有限界"],"duration":27,"failureDetails":[],"failureMessages":[],"fullName":"C18 公平推进有限界 持续 pending 取消流量不饿死清理：closing 与 sweep 各获份额","invocations":1,"location":null,"numPassingAsserts":4,"retryReasons":[],"status":"passed","title":"持续 pending 取消流量不饿死清理：closing 与 sweep 各获份额"},{"ancestorTitles":["C19 ring degraded 全路径隔离"],"duration":4,"failureDetails":[],"failureMessages":[],"fullName":"C19 ring degraded 全路径隔离 坏 ring（null）：kernelJournal 零写不崩、诊断有界；合法工作完成安全收尾","invocations":1,"location":null,"numPassingAsserts":10,"retryReasons":[],"status":"passed","title":"坏 ring（null）：kernelJournal 零写不崩、诊断有界；合法工作完成安全收尾"},{"ancestorTitles":["C19 ring degraded 全路径隔离"],"duration":3,"failureDetails":[],"failureMessages":[],"fullName":"C19 ring degraded 全路径隔离 坏 ring（\"not-array\"）：kernelJournal 零写不崩、诊断有界；合法工作完成安全收尾","invocations":1,"location":null,"numPassingAsserts":10,"retryReasons":[],"status":"passed","title":"坏 ring（\"not-array\"）：kernelJournal 零写不崩、诊断有界；合法工作完成安全收尾"},{"ancestorTitles":["C19 ring degraded 全路径隔离"],"duration":3,"failureDetails":[],"failureMessages":[],"fullName":"C19 ring degraded 全路径隔离 坏 ring（42）：kernelJournal 零写不崩、诊断有界；合法工作完成安全收尾","invocations":1,"location":null,"numPassingAsserts":10,"retryReasons":[],"status":"passed","title":"坏 ring（42）：kernelJournal 零写不崩、诊断有界；合法工作完成安全收尾"},{"ancestorTitles":["C19 ring degraded 全路径隔离"],"duration":3,"failureDetails":[],"failureMessages":[],"fullName":"C19 ring degraded 全路径隔离 坏 ring（{}）：kernelJournal 零写不崩、诊断有界；合法工作完成安全收尾","invocations":1,"location":null,"numPassingAsserts":10,"retryReasons":[],"status":"passed","title":"坏 ring（{}）：kernelJournal 零写不崩、诊断有界；合法工作完成安全收尾"},{"ancestorTitles":["C19 ring degraded 全路径隔离"],"duration":3,"failureDetails":[],"failureMessages":[],"fullName":"C19 ring degraded 全路径隔离 坏 ring（[[Array]]）：kernelJournal 零写不崩、诊断有界；合法工作完成安全收尾","invocations":1,"location":null,"numPassingAsserts":10,"retryReasons":[],"status":"passed","title":"坏 ring（[[Array]]）：kernelJournal 零写不崩、诊断有界；合法工作完成安全收尾"},{"ancestorTitles":["C19 ring degraded 全路径隔离"],"duration":3,"failureDetails":[],"failureMessages":[],"fullName":"C19 ring degraded 全路径隔离 坏游标/超限/坏元素/重复/重叠：查询有界诊断；取消（显式）与恢复不崩","invocations":1,"location":null,"numPassingAsserts":6,"retryReasons":[],"status":"passed","title":"坏游标/超限/坏元素/重复/重叠：查询有界诊断；取消（显式）与恢复不崩"},{"ancestorTitles":["C20 active 矛盾与发行保护"],"duration":3,"failureDetails":[],"failureMessages":[],"fullName":"C20 active 矛盾与发行保护 closing 相反证据（outcome=committed 但 evidence=not_executed）：unhealthy，丢 ring 不修复","invocations":1,"location":null,"numPassingAsserts":4,"retryReasons":[],"status":"passed","title":"closing 相反证据（outcome=committed 但 evidence=not_executed）：unhealthy，丢 ring 不修复"},{"ancestorTitles":["C20 active 矛盾与发行保护"],"duration":2,"failureDetails":[],"failureMessages":[],"fullName":"C20 active 矛盾与发行保护 非法 phase / 重复工作键：unhealthy；合法新工作与发行按支持边界处理","invocations":1,"location":null,"numPassingAsserts":1,"retryReasons":[],"status":"passed","title":"非法 phase / 重复工作键：unhealthy；合法新工作与发行按支持边界处理"},{"ancestorTitles":["C21 有界解码"],"duration":1,"failureDetails":[],"failureMessages":[],"fullName":"C21 有界解码 有界拒绝：超长 parentAttemptId（不截断安全事实再接纳）","invocations":1,"location":null,"numPassingAsserts":2,"retryReasons":[],"status":"passed","title":"有界拒绝：超长 parentAttemptId（不截断安全事实再接纳）"},{"ancestorTitles":["C21 有界解码"],"duration":1,"failureDetails":[],"failureMessages":[],"fullName":"C21 有界解码 有界拒绝：durableFacts 夹带未知巨字段（不截断安全事实再接纳）","invocations":1,"location":null,"numPassingAsserts":2,"retryReasons":[],"status":"passed","title":"有界拒绝：durableFacts 夹带未知巨字段（不截断安全事实再接纳）"},{"ancestorTitles":["C21 有界解码"],"duration":1,"failureDetails":[],"failureMessages":[],"fullName":"C21 有界解码 有界拒绝：invocation.atTick 字符串（不截断安全事实再接纳）","invocations":1,"location":null,"numPassingAsserts":2,"retryReasons":[],"status":"passed","title":"有界拒绝：invocation.atTick 字符串（不截断安全事实再接纳）"},{"ancestorTitles":["C21 有界解码"],"duration":1,"failureDetails":[],"failureMessages":[],"fullName":"C21 有界解码 有界拒绝：external.accepted 字符串（不截断安全事实再接纳）","invocations":1,"location":null,"numPassingAsserts":2,"retryReasons":[],"status":"passed","title":"有界拒绝：external.accepted 字符串（不截断安全事实再接纳）"},{"ancestorTitles":["C21 有界解码"],"duration":0,"failureDetails":[],"failureMessages":[],"fullName":"C21 有界解码 有界拒绝：evidence.atTick 非整数（不截断安全事实再接纳）","invocations":1,"location":null,"numPassingAsserts":2,"retryReasons":[],"status":"passed","title":"有界拒绝：evidence.atTick 非整数（不截断安全事实再接纳）"},{"ancestorTitles":["C21 有界解码"],"duration":1,"failureDetails":[],"failureMessages":[],"fullName":"C21 有界解码 有界拒绝：retryDeadlineTick 负数（不截断安全事实再接纳）","invocations":1,"location":null,"numPassingAsserts":2,"retryReasons":[],"status":"passed","title":"有界拒绝：retryDeadlineTick 负数（不截断安全事实再接纳）"},{"ancestorTitles":["C21 有界解码"],"duration":1,"failureDetails":[],"failureMessages":[],"fullName":"C21 有界解码 有界拒绝：payload 含引号转义字符（不截断安全事实再接纳）","invocations":1,"location":null,"numPassingAsserts":2,"retryReasons":[],"status":"passed","title":"有界拒绝：payload 含引号转义字符（不截断安全事实再接纳）"},{"ancestorTitles":["C21 有界解码"],"duration":0,"failureDetails":[],"failureMessages":[],"fullName":"C21 有界解码 有界拒绝：worstCase locationKind 非枚举（不截断安全事实再接纳）","invocations":1,"location":null,"numPassingAsserts":2,"retryReasons":[],"status":"passed","title":"有界拒绝：worstCase locationKind 非枚举（不截断安全事实再接纳）"},{"ancestorTitles":["C22 槽位上界与满载预算"],"duration":0,"failureDetails":[],"failureMessages":[],"fullName":"C22 槽位上界与满载预算 推导：64 × 活跃槽上界 + 128 × 历史槽上界 + 根元信息 ≤ 360,000","invocations":1,"location":null,"numPassingAsserts":1,"retryReasons":[],"status":"passed","title":"推导：64 × 活跃槽上界 + 128 × 历史槽上界 + 根元信息 ≤ 360,000"},{"ancestorTitles":["C22 槽位上界与满载预算"],"duration":297,"failureDetails":[],"failureMessages":[],"fullName":"C22 槽位上界与满载预算 从真实接纳路径建立合法最大字段记录（含转义文本 lastError），满 active + 满 ring，最坏演化不超预算","invocations":1,"location":null,"numPassingAsserts":5,"retryReasons":[],"status":"passed","title":"从真实接纳路径建立合法最大字段记录（含转义文本 lastError），满 active + 满 ring，最坏演化不超预算"},{"ancestorTitles":["C22 槽位上界与满载预算"],"duration":2,"failureDetails":[],"failureMessages":[],"fullName":"C22 槽位上界与满载预算 安全 payload 超限拒绝（不 slice 截断成另一动作事实）","invocations":1,"location":null,"numPassingAsserts":2,"retryReasons":[],"status":"passed","title":"安全 payload 超限拒绝（不 slice 截断成另一动作事实）"}],"endTime":1788622924708,"message":"","name":"D:\\code\\screeps\\screeps-bot\\src\\runtime\\treasury\\treasuryRewrite3Acceptance.test.ts","startTime":1788622924016,"status":"passed","summary":""},{"assertionResults":[{"ancestorTitles":["B03 每 attempt 实际进入至多一次"],"duration":6,"failureDetails":[],"failureMessages":[],"fullName":"B03 每 attempt 实际进入至多一次 同 tick 重复 execute：第二次拒绝，真实调用 1 次，无额外占用变动","invocations":1,"location":null,"numPassingAsserts":6,"retryReasons":[],"status":"passed","title":"同 tick 重复 execute：第二次拒绝，真实调用 1 次，无额外占用变动"},{"ancestorTitles":["B03 每 attempt 实际进入至多一次"],"duration":3,"failureDetails":[],"failureMessages":[],"fullName":"B03 每 attempt 实际进入至多一次 execute 内重入（adapter 回调中再次 dispatch 同 permit）：重入拒绝，真实调用 1 次","invocations":1,"location":null,"numPassingAsserts":5,"retryReasons":[],"status":"passed","title":"execute 内重入（adapter 回调中再次 dispatch 同 permit）：重入拒绝，真实调用 1 次"},{"ancestorTitles":["B03 每 attempt 实际进入至多一次"],"duration":4,"failureDetails":[],"failureMessages":[],"fullName":"B03 每 attempt 实际进入至多一次 克隆真 dispatch 许可（字段全对的新对象）：拒绝——对象身份即凭证（WeakSet 注册）","invocations":1,"location":null,"numPassingAsserts":6,"retryReasons":[],"status":"passed","title":"克隆真 dispatch 许可（字段全对的新对象）：拒绝——对象身份即凭证（WeakSet 注册）"},{"ancestorTitles":["B03 每 attempt 实际进入至多一次"],"duration":2,"failureDetails":[],"failureMessages":[],"fullName":"B03 每 attempt 实际进入至多一次 多 facade 同 Memory：同 permit 第二个 facade 执行被拒（模块级消费注册共享）","invocations":1,"location":null,"numPassingAsserts":5,"retryReasons":[],"status":"passed","title":"多 facade 同 Memory：同 permit 第二个 facade 执行被拒（模块级消费注册共享）"},{"ancestorTitles":["B12 跨 tick 失效 pending 的安全取消（sweep）"],"duration":581,"failureDetails":[],"failureMessages":[],"fullName":"B12 跨 tick 失效 pending 的安全取消（sweep） 64 项接纳不 dispatch：调用总计 0，按预算安全取消，槽位最终恢复可用","invocations":1,"location":null,"numPassingAsserts":136,"retryReasons":[],"status":"passed","title":"64 项接纳不 dispatch：调用总计 0，按预算安全取消，槽位最终恢复可用"},{"ancestorTitles":["B12 跨 tick 失效 pending 的安全取消（sweep）"],"duration":3,"failureDetails":[],"failureMessages":[],"fullName":"B12 跨 tick 失效 pending 的安全取消（sweep） 同 tick 接纳的 pending 不被当作旧残留（admittedAtTick === nowTick）","invocations":1,"location":null,"numPassingAsserts":5,"retryReasons":[],"status":"passed","title":"同 tick 接纳的 pending 不被当作旧残留（admittedAtTick === nowTick）"},{"ancestorTitles":["B13 显式取消与 dispatch 的竞争"],"duration":4,"failureDetails":[],"failureMessages":[],"fullName":"B13 显式取消与 dispatch 的竞争 pending 显式取消成功：旧 permit 永不可执行，记录退出（ring abandoned）","invocations":1,"location":null,"numPassingAsserts":9,"retryReasons":[],"status":"passed","title":"pending 显式取消成功：旧 permit 永不可执行，记录退出（ring abandoned）"},{"ancestorTitles":["B13 显式取消与 dispatch 的竞争"],"duration":3,"failureDetails":[],"failureMessages":[],"fullName":"B13 显式取消与 dispatch 的竞争 dispatching/unknown 不能被取消成未执行（只有确定未开始可取消）","invocations":1,"location":null,"numPassingAsserts":6,"retryReasons":[],"status":"passed","title":"dispatching/unknown 不能被取消成未执行（只有确定未开始可取消）"},{"ancestorTitles":["B13 显式取消与 dispatch 的竞争"],"duration":3,"failureDetails":[],"failureMessages":[],"fullName":"B13 显式取消与 dispatch 的竞争 取消确认写失败：不释放占用、不报告完成；重放取消成功后才退出","invocations":1,"location":null,"numPassingAsserts":8,"retryReasons":[],"status":"passed","title":"取消确认写失败：不释放占用、不报告完成；重放取消成功后才退出"},{"ancestorTitles":["B13 显式取消与 dispatch 的竞争"],"duration":3,"failureDetails":[],"failureMessages":[],"fullName":"B13 显式取消与 dispatch 的竞争 取消带清理义务的 pending：进入 closing，义务经释放端口确认后退出（无 rearm）","invocations":1,"location":null,"numPassingAsserts":4,"retryReasons":[],"status":"passed","title":"取消带清理义务的 pending：进入 closing，义务经释放端口确认后退出（无 rearm）"},{"ancestorTitles":["B19 满载最坏状态的总预算与收尾余量"],"duration":71,"failureDetails":[],"failureMessages":[],"fullName":"B19 满载最坏状态的总预算与收尾余量 满 active + 满 ring + 全字段最大值 + 最坏 unknown/closing：总序列化 ≤ 预算，新增拒绝，已接纳可收尾","invocations":1,"location":null,"numPassingAsserts":7,"retryReasons":[],"status":"passed","title":"满 active + 满 ring + 全字段最大值 + 最坏 unknown/closing：总序列化 ≤ 预算，新增拒绝，已接纳可收尾"},{"ancestorTitles":["B25 完整 reset 的断点语义与旧许可回放"],"duration":21,"failureDetails":[],"failureMessages":[],"fullName":"B25 完整 reset 的断点语义与旧许可回放 断点：pending（未 dispatch）——reset 后旧 permit 拒绝，跨 tick sweep 取消，宿主轨迹零调用","invocations":1,"location":null,"numPassingAsserts":6,"retryReasons":[],"status":"passed","title":"断点：pending（未 dispatch）——reset 后旧 permit 拒绝，跨 tick sweep 取消，宿主轨迹零调用"},{"ancestorTitles":["B25 完整 reset 的断点语义与旧许可回放"],"duration":20,"failureDetails":[],"failureMessages":[],"fullName":"B25 完整 reset 的断点语义与旧许可回放 断点：动作已进入、结果写回前（dispatching）——reset 后保守化 unknown，不重发（真调用不变）","invocations":1,"location":null,"numPassingAsserts":5,"retryReasons":[],"status":"passed","title":"断点：动作已进入、结果写回前（dispatching）——reset 后保守化 unknown，不重发（真调用不变）"},{"ancestorTitles":["B25 完整 reset 的断点语义与旧许可回放"],"duration":27,"failureDetails":[],"failureMessages":[],"fullName":"B25 完整 reset 的断点语义与旧许可回放 断点：释放成功但确认未写回——reset 后 duty 保留，同一 (key, attemptId) 幂等重试","invocations":1,"location":null,"numPassingAsserts":3,"retryReasons":[],"status":"passed","title":"断点：释放成功但确认未写回——reset 后 duty 保留，同一 (key, attemptId) 幂等重试"},{"ancestorTitles":["B25 完整 reset 的断点语义与旧许可回放"],"duration":22,"failureDetails":[],"failureMessages":[],"fullName":"B25 完整 reset 的断点语义与旧许可回放 旧 rearm capability 回放：新 runtime 拒绝（不创建 child）","invocations":1,"location":null,"numPassingAsserts":7,"retryReasons":[],"status":"passed","title":"旧 rearm capability 回放：新 runtime 拒绝（不创建 child）"},{"ancestorTitles":["B25 完整 reset 的断点语义与旧许可回放"],"duration":19,"failureDetails":[],"failureMessages":[],"fullName":"B25 完整 reset 的断点语义与旧许可回放 reconciler 跨 reset：stable semantic identity 相同——settle 从持久事实推进","invocations":1,"location":null,"numPassingAsserts":5,"retryReasons":[],"status":"passed","title":"reconciler 跨 reset：stable semantic identity 相同——settle 从持久事实推进"},{"ancestorTitles":["B25 完整 reset 的断点语义与旧许可回放"],"duration":19,"failureDetails":[],"failureMessages":[],"fullName":"B25 完整 reset 的断点语义与旧许可回放 reconciler 语义变化（semantic identity 不同）：settle 拒绝，unknown 保留","invocations":1,"location":null,"numPassingAsserts":4,"retryReasons":[],"status":"passed","title":"reconciler 语义变化（semantic identity 不同）：settle 拒绝，unknown 保留"},{"ancestorTitles":["B26 有界性综合（长期 unknown / 完成流 / retry 链）"],"duration":3226,"failureDetails":[],"failureMessages":[],"fullName":"B26 有界性综合（长期 unknown / 完成流 / retry 链） 1 笔长期 unknown + 300 笔完成 + 40 代 retry 链：unknown 有界、ring ≤128、无逐代永久记录","invocations":1,"location":null,"numPassingAsserts":1109,"retryReasons":[],"status":"passed","title":"1 笔长期 unknown + 300 笔完成 + 40 代 retry 链：unknown 有界、ring ≤128、无逐代永久记录"}],"endTime":1788622929207,"message":"","name":"D:\\code\\screeps\\screeps-bot\\src\\runtime\\treasury\\treasuryRewrite2Lifecycle.test.ts","startTime":1788622924718,"status":"passed","summary":""},{"assertionResults":[{"ancestorTitles":["A01 外部指定旧 ID / future canonical 字符串 / 无活跃记录的 ID"],"duration":9,"failureDetails":[],"failureMessages":[],"fullName":"A01 外部指定旧 ID / future canonical 字符串 / 无活跃记录的 ID 字符串 ID（旧格式 tk1_/ti1_/ti2_/tr1_ 与任意 future canonical）不是许可：真实调用 0","invocations":1,"location":null,"numPassingAsserts":11,"retryReasons":[],"status":"passed","title":"字符串 ID（旧格式 tk1_/ti1_/ti2_/tr1_ 与任意 future canonical）不是许可：真实调用 0"},{"ancestorTitles":["A01 外部指定旧 ID / future canonical 字符串 / 无活跃记录的 ID"],"duration":5,"failureDetails":[],"failureMessages":[],"fullName":"A01 外部指定旧 ID / future canonical 字符串 / 无活跃记录的 ID 无活跃记录的 ID（已退役进 ring）不能凭 frontier 重新取得许可","invocations":1,"location":null,"numPassingAsserts":5,"retryReasons":[],"status":"passed","title":"无活跃记录的 ID（已退役进 ring）不能凭 frontier 重新取得许可"},{"ancestorTitles":["A02 分配中断/失败留下序号洞"],"duration":3,"failureDetails":[],"failureMessages":[],"fullName":"A02 分配中断/失败留下序号洞 frontier 前进但对应记录缺失（洞）：不回退、洞不变成可执行记录、不建逐洞 proof","invocations":1,"location":null,"numPassingAsserts":8,"retryReasons":[],"status":"passed","title":"frontier 前进但对应记录缺失（洞）：不回退、洞不变成可执行记录、不建逐洞 proof"},{"ancestorTitles":["A02 分配中断/失败留下序号洞"],"duration":2,"failureDetails":[],"failureMessages":[],"fullName":"A02 分配中断/失败留下序号洞 frontier 溢出（>上限）拒绝分配且不回绕","invocations":1,"location":null,"numPassingAsserts":5,"retryReasons":[],"status":"passed","title":"frontier 溢出（>上限）拒绝分配且不回绕"},{"ancestorTitles":["A03 同 work/attempt 的 payload、contract、adapter 语义不同"],"duration":2,"failureDetails":[],"failureMessages":[],"fullName":"A03 同 work/attempt 的 payload、contract、adapter 语义不同 adapter 语义身份演进后旧 permit 的 dispatch 拒绝（原事实保留、调用 0）","invocations":1,"location":null,"numPassingAsserts":6,"retryReasons":[],"status":"passed","title":"adapter 语义身份演进后旧 permit 的 dispatch 拒绝（原事实保留、调用 0）"},{"ancestorTitles":["A03 同 work/attempt 的 payload、contract、adapter 语义不同"],"duration":25,"failureDetails":[],"failureMessages":[],"fullName":"A03 同 work/attempt 的 payload、contract、adapter 语义不同 持真许可修改字段（R11 等价修正）：冻结快照抛错/无效，原授权语义不变","invocations":1,"location":null,"numPassingAsserts":5,"retryReasons":[],"status":"passed","title":"持真许可修改字段（R11 等价修正）：冻结快照抛错/无效，原授权语义不变"},{"ancestorTitles":["A03 同 work/attempt 的 payload、contract、adapter 语义不同"],"duration":3,"failureDetails":[],"failureMessages":[],"fullName":"A03 同 work/attempt 的 payload、contract、adapter 语义不同 permit 绑定 digest 与聚合不一致（许可错配）：拒绝执行","invocations":1,"location":null,"numPassingAsserts":6,"retryReasons":[],"status":"passed","title":"permit 绑定 digest 与聚合不一致（许可错配）：拒绝执行"},{"ancestorTitles":["A04（R1 等价）恢复路径的身份冲突"],"duration":5,"failureDetails":[],"failureMessages":[],"fullName":"A04（R1 等价）恢复路径的身份冲突 dispatching 残留 + 外部篡改身份 → store unhealthy（不被恢复解释成可推进）","invocations":1,"location":null,"numPassingAsserts":5,"retryReasons":[],"status":"passed","title":"dispatching 残留 + 外部篡改身份 → store unhealthy（不被恢复解释成可推进）"},{"ancestorTitles":["A05（R2 等价）store 四态区分"],"duration":4,"failureDetails":[],"failureMessages":[],"fullName":"A05（R2 等价）store 四态区分 absent / healthy / unhealthy / incompatible 互斥表达；损坏不被折叠为缺失","invocations":1,"location":null,"numPassingAsserts":8,"retryReasons":[],"status":"passed","title":"absent / healthy / unhealthy / incompatible 互斥表达；损坏不被折叠为缺失"},{"ancestorTitles":["A05（R2 等价）store 四态区分"],"duration":3,"failureDetails":[],"failureMessages":[],"fullName":"A05（R2 等价）store 四态区分 unhealthy/incompatible 期间写入阻断、数据原样保留（不自动清库）","invocations":1,"location":null,"numPassingAsserts":6,"retryReasons":[],"status":"passed","title":"unhealthy/incompatible 期间写入阻断、数据原样保留（不自动清库）"},{"ancestorTitles":["A06（R3 等价）not_started 与 committed 证据并存"],"duration":3,"failureDetails":[],"failureMessages":[],"fullName":"A06（R3 等价）not_started 与 committed 证据并存 active(pending) + ring(同 attemptId committed)：历史 degraded（以 active 为准），不凭 ring 决定关闭或重放","invocations":1,"location":null,"numPassingAsserts":8,"retryReasons":[],"status":"passed","title":"active(pending) + ring(同 attemptId committed)：历史 degraded（以 active 为准），不凭 ring 决定关闭或重放"},{"ancestorTitles":["A07（R4 等价）not-executed 与 committed 相反证据"],"duration":3,"failureDetails":[],"failureMessages":[],"fullName":"A07（R4 等价）not-executed 与 committed 相反证据 closing(not_executed) + 证据结论 executed → 结构矛盾 unhealthy；清理不能消除冲突","invocations":1,"location":null,"numPassingAsserts":5,"retryReasons":[],"status":"passed","title":"closing(not_executed) + 证据结论 executed → 结构矛盾 unhealthy；清理不能消除冲突"},{"ancestorTitles":["A08 dispatching 发布失败"],"duration":2,"failureDetails":[],"failureMessages":[],"fullName":"A08 dispatching 发布失败 发布前 store 变 incompatible → 零调用；恢复后聚合仍 pending（不虚构 unknown）","invocations":1,"location":null,"numPassingAsserts":6,"retryReasons":[],"status":"passed","title":"发布前 store 变 incompatible → 零调用；恢复后聚合仍 pending（不虚构 unknown）"},{"ancestorTitles":["A09 至多一次调用"],"duration":3,"failureDetails":[],"failureMessages":[],"fullName":"A09 至多一次调用 同 permit 重复执行：第二次拒绝（真实调用恰好 1 次）","invocations":1,"location":null,"numPassingAsserts":6,"retryReasons":[],"status":"passed","title":"同 permit 重复执行：第二次拒绝（真实调用恰好 1 次）"},{"ancestorTitles":["A09 至多一次调用"],"duration":3,"failureDetails":[],"failureMessages":[],"fullName":"A09 至多一次调用 action 内部重入（递归 dispatch 同一 permit）拒绝","invocations":1,"location":null,"numPassingAsserts":6,"retryReasons":[],"status":"passed","title":"action 内部重入（递归 dispatch 同一 permit）拒绝"},{"ancestorTitles":["A09 至多一次调用"],"duration":2,"failureDetails":[],"failureMessages":[],"fullName":"A09 至多一次调用 多个 facade 实例共享 Memory：一实例执行后另一实例无法对同一聚合执行","invocations":1,"location":null,"numPassingAsserts":4,"retryReasons":[],"status":"passed","title":"多个 facade 实例共享 Memory：一实例执行后另一实例无法对同一聚合执行"},{"ancestorTitles":["A10 真实调用计数与保守结算"],"duration":5,"failureDetails":[],"failureMessages":[],"fullName":"A10 真实调用计数与保守结算 non-ok / throw：真实进入各 1 次，按 adapter 证据进入确定未执行或 unknown","invocations":1,"location":null,"numPassingAsserts":8,"retryReasons":[],"status":"passed","title":"non-ok / throw：真实进入各 1 次，按 adapter 证据进入确定未执行或 unknown"},{"ancestorTitles":["A11 API 接受不构成充分 settlement 证明"],"duration":3,"failureDetails":[],"failureMessages":[],"fullName":"A11 API 接受不构成充分 settlement 证明 未声明 settlesOnAccept 的 adapter：ok 接受后仍 unknown，需独立证据通道结算","invocations":1,"location":null,"numPassingAsserts":5,"retryReasons":[],"status":"passed","title":"未声明 settlesOnAccept 的 adapter：ok 接受后仍 unknown，需独立证据通道结算"},{"ancestorTitles":["A11 API 接受不构成充分 settlement 证明"],"duration":6,"failureDetails":[],"failureMessages":[],"fullName":"A11 API 接受不构成充分 settlement 证明 净余额变化不能当 settlement：只经 settle 证据通道推进","invocations":1,"location":null,"numPassingAsserts":4,"retryReasons":[],"status":"passed","title":"净余额变化不能当 settlement：只经 settle 证据通道推进"},{"ancestorTitles":["A12 中断后恢复"],"duration":3,"failureDetails":[],"failureMessages":[],"fullName":"A12 中断后恢复 dispatching 状态硬中断（模拟）→ 下一 tick 恢复保守化，不重发（调用计数不变）","invocations":1,"location":null,"numPassingAsserts":4,"retryReasons":[],"status":"passed","title":"dispatching 状态硬中断（模拟）→ 下一 tick 恢复保守化，不重发（调用计数不变）"},{"ancestorTitles":["A13 绕过 unknown 的尝试"],"duration":3,"failureDetails":[],"failureMessages":[],"fullName":"A13 绕过 unknown 的尝试 outcome_unknown 直接 issueRearm 拒绝；同业务任务换 workKey 重提交在原聚合活跃期间被排他拒绝","invocations":1,"location":null,"numPassingAsserts":5,"retryReasons":[],"status":"passed","title":"outcome_unknown 直接 issueRearm 拒绝；同业务任务换 workKey 重提交在原聚合活跃期间被排他拒绝"},{"ancestorTitles":["A14 exact not-executed + cleanup 完成后的合法 rearm"],"duration":5,"failureDetails":[],"failureMessages":[],"fullName":"A14 exact not-executed + cleanup 完成后的合法 rearm rearm 产生新 attemptId 与 generation+1；前代 dispatch permit 不可再执行","invocations":1,"location":null,"numPassingAsserts":8,"retryReasons":[],"status":"passed","title":"rearm 产生新 attemptId 与 generation+1；前代 dispatch permit 不可再执行"},{"ancestorTitles":["A15 retry 约束"],"duration":8,"failureDetails":[],"failureMessages":[],"fullName":"A15 retry 约束 rearm 许可重复消费拒绝（不创建两个 child）","invocations":1,"location":null,"numPassingAsserts":5,"retryReasons":[],"status":"passed","title":"rearm 许可重复消费拒绝（不创建两个 child）"},{"ancestorTitles":["A15 retry 约束"],"duration":4,"failureDetails":[],"failureMessages":[],"fullName":"A15 retry 约束 retry 改变动作参数（amount 不同 → retry facts 不同）拒绝","invocations":1,"location":null,"numPassingAsserts":5,"retryReasons":[],"status":"passed","title":"retry 改变动作参数（amount 不同 → retry facts 不同）拒绝"},{"ancestorTitles":["A15 retry 约束"],"duration":4,"failureDetails":[],"failureMessages":[],"fullName":"A15 retry 约束 跨 tick 的旧 rearm 许可失效（旧 runtime capability 不可用）","invocations":1,"location":null,"numPassingAsserts":4,"retryReasons":[],"status":"passed","title":"跨 tick 的旧 rearm 许可失效（旧 runtime capability 不可用）"},{"ancestorTitles":["A16 容量竞争"],"duration":3,"failureDetails":[],"failureMessages":[],"fullName":"A16 容量竞争 同 tick 两笔竞争同一资源：第一笔 tentative 后第二笔最坏流出被拒","invocations":1,"location":null,"numPassingAsserts":4,"retryReasons":[],"status":"passed","title":"同 tick 两笔竞争同一资源：第一笔 tentative 后第二笔最坏流出被拒"},{"ancestorTitles":["A16 容量竞争"],"duration":3,"failureDetails":[],"failureMessages":[],"fullName":"A16 容量竞争 多笔合计超容量（R11 等价修正）：两笔各 60、容量 100——第二笔按合计拒绝","invocations":1,"location":null,"numPassingAsserts":4,"retryReasons":[],"status":"passed","title":"多笔合计超容量（R11 等价修正）：两笔各 60、容量 100——第二笔按合计拒绝"},{"ancestorTitles":["A16 容量竞争"],"duration":1,"failureDetails":[],"failureMessages":[],"fullName":"A16 容量竞争 接收容量竞争：terminal free 不足时流入腿拒绝（同 tick 不得重复占满接收空间）","invocations":1,"location":null,"numPassingAsserts":3,"retryReasons":[],"status":"passed","title":"接收容量竞争：terminal free 不足时流入腿拒绝（同 tick 不得重复占满接收空间）"},{"ancestorTitles":["A17 清理责任"],"duration":2,"failureDetails":[],"failureMessages":[],"fullName":"A17 清理责任 外部消费者释放未确认 → duty 保留（不谎报完成）；确认后幂等推进","invocations":1,"location":null,"numPassingAsserts":4,"retryReasons":[],"status":"passed","title":"外部消费者释放未确认 → duty 保留（不谎报完成）；确认后幂等推进"},{"ancestorTitles":["A17 清理责任"],"duration":3,"failureDetails":[],"failureMessages":[],"fullName":"A17 清理责任 重复推进幂等：closing 无消费者时 beginTick 只退出一次","invocations":1,"location":null,"numPassingAsserts":4,"retryReasons":[],"status":"passed","title":"重复推进幂等：closing 无消费者时 beginTick 只退出一次"},{"ancestorTitles":["A18 近期环异常"],"duration":6,"failureDetails":[],"failureMessages":[],"fullName":"A18 近期环异常 ring 损坏（非法条目）→ 历史 degraded：不阻断安全观察，写入路径重建 ring 层","invocations":1,"location":null,"numPassingAsserts":8,"retryReasons":[],"status":"passed","title":"ring 损坏（非法条目）→ 历史 degraded：不阻断安全观察，写入路径重建 ring 层"},{"ancestorTitles":["A19 长期 unknown 的有界占用"],"duration":1019,"failureDetails":[],"failureMessages":[],"fullName":"A19 长期 unknown 的有界占用 一笔长期 unknown 保持占用；后续完成工作正常退出、ring 有界","invocations":1,"location":null,"numPassingAsserts":425,"retryReasons":[],"status":"passed","title":"一笔长期 unknown 保持占用；后续完成工作正常退出、ring 有界"},{"ancestorTitles":["A20 满载与序列化预算"],"duration":33,"failureDetails":[],"failureMessages":[],"fullName":"A20 满载与序列化预算 满 active + 满 ring + 最长错误详情：新接纳拒绝、已完成仍可退出、总字节有界","invocations":1,"location":null,"numPassingAsserts":7,"retryReasons":[],"status":"passed","title":"满 active + 满 ring + 最长错误详情：新接纳拒绝、已完成仍可退出、总字节有界"},{"ancestorTitles":["A21 查询纯度（零 Memory 写）"],"duration":1,"failureDetails":[],"failureMessages":[],"fullName":"A21 查询纯度（零 Memory 写） 首次 空 store 查询：Memory 前后完全一致","invocations":1,"location":null,"numPassingAsserts":1,"retryReasons":[],"status":"passed","title":"首次 空 store 查询：Memory 前后完全一致"},{"ancestorTitles":["A21 查询纯度（零 Memory 写）"],"duration":2,"failureDetails":[],"failureMessages":[],"fullName":"A21 查询纯度（零 Memory 写） 首次 正常 store 查询：Memory 前后完全一致","invocations":1,"location":null,"numPassingAsserts":3,"retryReasons":[],"status":"passed","title":"首次 正常 store 查询：Memory 前后完全一致"},{"ancestorTitles":["A21 查询纯度（零 Memory 写）"],"duration":1,"failureDetails":[],"failureMessages":[],"fullName":"A21 查询纯度（零 Memory 写） 旧版本/损坏数据的首查询：不迁移、不修复、零写","invocations":1,"location":null,"numPassingAsserts":2,"retryReasons":[],"status":"passed","title":"旧版本/损坏数据的首查询：不迁移、不修复、零写"},{"ancestorTitles":["A21 查询纯度（零 Memory 写）"],"duration":4,"failureDetails":[],"failureMessages":[],"fullName":"A21 查询纯度（零 Memory 写） 返回对象不可反向修改权威（含 health/ring/counters 全部可达嵌套）","invocations":1,"location":null,"numPassingAsserts":9,"retryReasons":[],"status":"passed","title":"返回对象不可反向修改权威（含 health/ring/counters 全部可达嵌套）"},{"ancestorTitles":["A22 global reset 等价"],"duration":5,"failureDetails":[],"failureMessages":[],"fullName":"A22 global reset 等价 Memory JSON 往返 + 服务重建 + tick 推进：活跃状态等价、旧 handle 不可复用","invocations":1,"location":null,"numPassingAsserts":10,"retryReasons":[],"status":"passed","title":"Memory JSON 往返 + 服务重建 + tick 推进：活跃状态等价、旧 handle 不可复用"},{"ancestorTitles":["A23 安全关闭边界"],"duration":3,"failureDetails":[],"failureMessages":[],"fullName":"A23 安全关闭边界 outcome_unknown 不能被 close（TTL 不可驱逐执行未知的记录）","invocations":1,"location":null,"numPassingAsserts":4,"retryReasons":[],"status":"passed","title":"outcome_unknown 不能被 close（TTL 不可驱逐执行未知的记录）"},{"ancestorTitles":["A23 安全关闭边界"],"duration":3,"failureDetails":[],"failureMessages":[],"fullName":"A23 安全关闭边界 retry_ready 未到期不可被 retry_expired 关闭；到期自动关闭","invocations":1,"location":null,"numPassingAsserts":4,"retryReasons":[],"status":"passed","title":"retry_ready 未到期不可被 retry_expired 关闭；到期自动关闭"},{"ancestorTitles":["A24 元信息回退/溢出/缺失/不兼容"],"duration":3,"failureDetails":[],"failureMessages":[],"fullName":"A24 元信息回退/溢出/缺失/不兼容 installEpochId 缺失 → unhealthy，不重新签发旧身份、不自动清库","invocations":1,"location":null,"numPassingAsserts":6,"retryReasons":[],"status":"passed","title":"installEpochId 缺失 → unhealthy，不重新签发旧身份、不自动清库"},{"ancestorTitles":["A24 元信息回退/溢出/缺失/不兼容"],"duration":2,"failureDetails":[],"failureMessages":[],"fullName":"A24 元信息回退/溢出/缺失/不兼容 frontier 非法（负数/非整数）→ unhealthy 阻断分配","invocations":1,"location":null,"numPassingAsserts":5,"retryReasons":[],"status":"passed","title":"frontier 非法（负数/非整数）→ unhealthy 阻断分配"},{"ancestorTitles":["A24 元信息回退/溢出/缺失/不兼容"],"duration":2,"failureDetails":[],"failureMessages":[],"fullName":"A24 元信息回退/溢出/缺失/不兼容 旧 Treasury 业务数据存在 → legacy 阻断（真实 driver 保持禁用语义）","invocations":1,"location":null,"numPassingAsserts":4,"retryReasons":[],"status":"passed","title":"旧 Treasury 业务数据存在 → legacy 阻断（真实 driver 保持禁用语义）"}],"endTime":1788622930816,"message":"","name":"D:\\code\\screeps\\screeps-bot\\src\\runtime\\treasury\\treasuryKernelAcceptance.test.ts","startTime":1788622929216,"status":"passed","summary":""},{"assertionResults":[{"ancestorTitles":["Treasury Core Rewrite 架构守护"],"duration":5,"failureDetails":[],"failureMessages":[],"fullName":"Treasury Core Rewrite 架构守护 旧多 store 权威模块已删除（不存在旧协议路径）","invocations":1,"location":null,"numPassingAsserts":69,"retryReasons":[],"status":"passed","title":"旧多 store 权威模块已删除（不存在旧协议路径）"},{"ancestorTitles":["Treasury Core Rewrite 架构守护"],"duration":7,"failureDetails":[],"failureMessages":[],"fullName":"Treasury Core Rewrite 架构守护 生产 treasury 代码不 import 已删除/旧协议模块","invocations":1,"location":null,"numPassingAsserts":1,"retryReasons":[],"status":"passed","title":"生产 treasury 代码不 import 已删除/旧协议模块"},{"ancestorTitles":["Treasury Core Rewrite 架构守护"],"duration":113,"failureDetails":[],"failureMessages":[],"fullName":"Treasury Core Rewrite 架构守护 单一写入口：commands.ts 纯转移 + kernel.ts 唯一 applyCommand 调用方","invocations":1,"location":null,"numPassingAsserts":1,"retryReasons":[],"status":"passed","title":"单一写入口：commands.ts 纯转移 + kernel.ts 唯一 applyCommand 调用方"},{"ancestorTitles":["Treasury Core Rewrite 架构守护"],"duration":3,"failureDetails":[],"failureMessages":[],"fullName":"Treasury Core Rewrite 架构守护 真实经济 writer 禁用：actionContracts 无生产 Game 写调用（market.deal/terminal.send）","invocations":1,"location":null,"numPassingAsserts":6,"retryReasons":[],"status":"passed","title":"真实经济 writer 禁用：actionContracts 无生产 Game 写调用（market.deal/terminal.send）"},{"ancestorTitles":["Treasury Core Rewrite 架构守护"],"duration":89,"failureDetails":[],"failureMessages":[],"fullName":"Treasury Core Rewrite 架构守护 testHarness 仅测试可用：生产模块不 import testHarness","invocations":1,"location":null,"numPassingAsserts":1,"retryReasons":[],"status":"passed","title":"testHarness 仅测试可用：生产模块不 import testHarness"},{"ancestorTitles":["Treasury Core Rewrite 架构守护"],"duration":86,"failureDetails":[],"failureMessages":[],"fullName":"Treasury Core Rewrite 架构守护 Memory 持久键唯一权威：treasuryCore 只被 kernel/store.ts 读写","invocations":1,"location":null,"numPassingAsserts":1,"retryReasons":[],"status":"passed","title":"Memory 持久键唯一权威：treasuryCore 只被 kernel/store.ts 读写"},{"ancestorTitles":["Treasury Core Rewrite 架构守护"],"duration":48,"failureDetails":[],"failureMessages":[],"fullName":"Treasury Core Rewrite 架构守护 kernel 状态机文件可解析且命令集封闭（无隐藏命令类型）","invocations":1,"location":null,"numPassingAsserts":10,"retryReasons":[],"status":"passed","title":"kernel 状态机文件可解析且命令集封闭（无隐藏命令类型）"}],"endTime":1788622931480,"message":"","name":"D:\\code\\screeps\\screeps-bot\\src\\runtime\\treasury\\treasuryKernelArchitecture.test.ts","startTime":1788622930821,"status":"passed","summary":""},{"assertionResults":[{"ancestorTitles":["C14 观察接管不双扣不漏扣"],"duration":11,"failureDetails":[],"failureMessages":[],"fullName":"C14 观察接管不双扣不漏扣 A committed 200 后：同 tick fresh 视图与下一 tick 都不把 200 再扣一次","invocations":1,"location":null,"numPassingAsserts":6,"retryReasons":[],"status":"passed","title":"A committed 200 后：同 tick fresh 视图与下一 tick 都不把 200 再扣一次"},{"ancestorTitles":["C14 观察接管不双扣不漏扣"],"duration":6,"failureDetails":[],"failureMessages":[],"fullName":"C14 观察接管不双扣不漏扣 晚到 reconcile 的 confirmed：invocation 锚点久远，观察已含效果——不叠加占用","invocations":1,"location":null,"numPassingAsserts":4,"retryReasons":[],"status":"passed","title":"晚到 reconcile 的 confirmed：invocation 锚点久远，观察已含效果——不叠加占用"},{"ancestorTitles":["C15 reset 重建与旧视图失效"],"duration":26,"failureDetails":[],"failureMessages":[],"fullName":"C15 reset 重建与旧视图失效 断点（结果发布后、清理前）：丢全部 heap 重建——账目正确、旧视图不超额、旧 ID 无执行权","invocations":1,"location":null,"numPassingAsserts":7,"retryReasons":[],"status":"passed","title":"断点（结果发布后、清理前）：丢全部 heap 重建——账目正确、旧视图不超额、旧 ID 无执行权"},{"ancestorTitles":["C15 reset 重建与旧视图失效"],"duration":20,"failureDetails":[],"failureMessages":[],"fullName":"C15 reset 重建与旧视图失效 断点（pending 未 dispatch）：reset 后 sweep 取消、槽位回收、宿主轨迹零调用","invocations":1,"location":null,"numPassingAsserts":3,"retryReasons":[],"status":"passed","title":"断点（pending 未 dispatch）：reset 后 sweep 取消、槽位回收、宿主轨迹零调用"},{"ancestorTitles":["C15 reset 重建与旧视图失效"],"duration":21,"failureDetails":[],"failureMessages":[],"fullName":"C15 reset 重建与旧视图失效 断点（确认结果但观察未接管——throw→unknown→同 tick settle）：责任保留","invocations":1,"location":null,"numPassingAsserts":3,"retryReasons":[],"status":"passed","title":"断点（确认结果但观察未接管——throw→unknown→同 tick settle）：责任保留"},{"ancestorTitles":["C15 reset 重建与旧视图失效"],"duration":6,"failureDetails":[],"failureMessages":[],"fullName":"C15 reset 重建与旧视图失效 同 tick beginTick/endTick 重入与 facade 重建不清掉未入观察的已执行变化","invocations":1,"location":null,"numPassingAsserts":3,"retryReasons":[],"status":"passed","title":"同 tick beginTick/endTick 重入与 facade 重建不清掉未入观察的已执行变化"},{"ancestorTitles":["C23 混合流量补充（长期 unknown + 新工作）"],"duration":74,"failureDetails":[],"failureMessages":[],"fullName":"C23 混合流量补充（长期 unknown + 新工作） 固定长期 unknown 占用 + 持续完成新工作：unknown 有界保留、其余正常退出、旧 ID 无执行权","invocations":1,"location":null,"numPassingAsserts":29,"retryReasons":[],"status":"passed","title":"固定长期 unknown 占用 + 持续完成新工作：unknown 有界保留、其余正常退出、旧 ID 无执行权"}],"endTime":1788622931914,"message":"","name":"D:\\code\\screeps\\screeps-bot\\src\\runtime\\treasury\\treasuryRewrite3Lifecycle.test.ts","startTime":1788622931486,"status":"passed","summary":""},{"assertionResults":[{"ancestorTitles":["B01 许可内容封闭（R01）"],"duration":8,"failureDetails":[],"failureMessages":[],"fullName":"B01 许可内容封闭（R01） 授权 500 后替换 permit.canonicalArgs 引用为 5000：修改无效或抛错，实际动作不得收到 5000","invocations":1,"location":null,"numPassingAsserts":5,"retryReasons":[],"status":"passed","title":"授权 500 后替换 permit.canonicalArgs 引用为 5000：修改无效或抛错，实际动作不得收到 5000"},{"ancestorTitles":["B01 许可内容封闭（R01）"],"duration":3,"failureDetails":[],"failureMessages":[],"fullName":"B01 许可内容封闭（R01） 授权 500 后修改嵌套 args.amount 为 5000：实际动作不得收到 5000","invocations":1,"location":null,"numPassingAsserts":4,"retryReasons":[],"status":"passed","title":"授权 500 后修改嵌套 args.amount 为 5000：实际动作不得收到 5000"},{"ancestorTitles":["B01 许可内容封闭（R01）"],"duration":29,"failureDetails":[],"failureMessages":[],"fullName":"B01 许可内容封闭（R01） 修改 permit 身份字段（attemptId/digest/actionKind/issuedAtTick）：修改无效或抛错，不换目标执行","invocations":1,"location":null,"numPassingAsserts":11,"retryReasons":[],"status":"passed","title":"修改 permit 身份字段（attemptId/digest/actionKind/issuedAtTick）：修改无效或抛错，不换目标执行"},{"ancestorTitles":["B01 许可内容封闭（R01）"],"duration":2,"failureDetails":[],"failureMessages":[],"fullName":"B01 许可内容封闭（R01） 合法未修改对照：正常执行一次 500","invocations":1,"location":null,"numPassingAsserts":5,"retryReasons":[],"status":"passed","title":"合法未修改对照：正常执行一次 500"},{"ancestorTitles":["B02 rearm 许可封闭（R01）"],"duration":9,"failureDetails":[],"failureMessages":[],"fullName":"B02 rearm 许可封闭（R01） 修改 rearm 的前代指向另一 retry_ready：不得在错目标上建立 child","invocations":1,"location":null,"numPassingAsserts":13,"retryReasons":[],"status":"passed","title":"修改 rearm 的前代指向另一 retry_ready：不得在错目标上建立 child"},{"ancestorTitles":["B02 rearm 许可封闭（R01）"],"duration":5,"failureDetails":[],"failureMessages":[],"fullName":"B02 rearm 许可封闭（R01） 克隆/伪造 rearm 许可与延寿字段（issuedAtTick/runtime）：不可用","invocations":1,"location":null,"numPassingAsserts":7,"retryReasons":[],"status":"passed","title":"克隆/伪造 rearm 许可与延寿字段（issuedAtTick/runtime）：不可用"},{"ancestorTitles":["B04 dispatching 发布被丢弃但读回合法旧 pending（R02）"],"duration":3,"failureDetails":[],"failureMessages":[],"fullName":"B04 dispatching 发布被丢弃但读回合法旧 pending（R02） 写被丢弃：publish 失败、实际调用 0、不报告写入完成","invocations":1,"location":null,"numPassingAsserts":6,"retryReasons":[],"status":"passed","title":"写被丢弃：publish 失败、实际调用 0、不报告写入完成"},{"ancestorTitles":["B05 读回另一份合法状态 / 单安全字段回退（R02）"],"duration":2,"failureDetails":[],"failureMessages":[],"fullName":"B05 读回另一份合法状态 / 单安全字段回退（R02） 读回为另一份合法 memory（少了本 attempt）：拒绝陈旧发布、零调用","invocations":1,"location":null,"numPassingAsserts":4,"retryReasons":[],"status":"passed","title":"读回为另一份合法 memory（少了本 attempt）：拒绝陈旧发布、零调用"},{"ancestorTitles":["B05 读回另一份合法状态 / 单安全字段回退（R02）"],"duration":2,"failureDetails":[],"failureMessages":[],"fullName":"B05 读回另一份合法状态 / 单安全字段回退（R02） 读回仅 phase 字段被回退为 pending（其余为 draft）：拒绝陈旧发布、零调用","invocations":1,"location":null,"numPassingAsserts":4,"retryReasons":[],"status":"passed","title":"读回仅 phase 字段被回退为 pending（其余为 draft）：拒绝陈旧发布、零调用"},{"ancestorTitles":["B06 动作已进入后结果写失败（R02）"],"duration":3,"failureDetails":[],"failureMessages":[],"fullName":"B06 动作已进入后结果写失败（R02） 结果持久被丢弃：真调用总计 1，不返回 committed，不回退 pending，风险保留","invocations":1,"location":null,"numPassingAsserts":8,"retryReasons":[],"status":"passed","title":"结果持久被丢弃：真调用总计 1，不返回 committed，不回退 pending，风险保留"},{"ancestorTitles":["B07 接收容量竞争（R03）"],"duration":4,"failureDetails":[],"failureMessages":[],"fullName":"B07 接收容量竞争（R03） 接收容量 100：A 流入 80 unknown 后（dispatch），同 tick B 流入 80 拒绝","invocations":1,"location":null,"numPassingAsserts":5,"retryReasons":[],"status":"passed","title":"接收容量 100：A 流入 80 unknown 后（dispatch），同 tick B 流入 80 拒绝"},{"ancestorTitles":["B07 接收容量竞争（R03）"],"duration":6,"failureDetails":[],"failureMessages":[],"fullName":"B07 接收容量竞争（R03） 下一 tick：A 仍 unknown，B 流入 80 仍拒绝（unknown 占接收容量跨 tick）","invocations":1,"location":null,"numPassingAsserts":4,"retryReasons":[],"status":"passed","title":"下一 tick：A 仍 unknown，B 流入 80 仍拒绝（unknown 占接收容量跨 tick）"},{"ancestorTitles":["B07 接收容量竞争（R03）"],"duration":2,"failureDetails":[],"failureMessages":[],"fullName":"B07 接收容量竞争（R03） 对照：无 unknown 占用时 B 流入 80（容量 100）获准","invocations":1,"location":null,"numPassingAsserts":2,"retryReasons":[],"status":"passed","title":"对照：无 unknown 占用时 B 流入 80（容量 100）获准"},{"ancestorTitles":["B08 业务预留参与接纳（R03）"],"duration":2,"failureDetails":[],"failureMessages":[],"fullName":"B08 业务预留参与接纳（R03） 物理 1000、他人生产预留 900：流出 200 的接纳与严格查询都拒绝","invocations":1,"location":null,"numPassingAsserts":3,"retryReasons":[],"status":"passed","title":"物理 1000、他人生产预留 900：流出 200 的接纳与严格查询都拒绝"},{"ancestorTitles":["B08 业务预留参与接纳（R03）"],"duration":2,"failureDetails":[],"failureMessages":[],"fullName":"B08 业务预留参与接纳（R03） 对照：物理 1000 无预留：流出 200 获准（不是一律封死）","invocations":1,"location":null,"numPassingAsserts":2,"retryReasons":[],"status":"passed","title":"对照：物理 1000 无预留：流出 200 获准（不是一律封死）"},{"ancestorTitles":["B09 双扣对照（R03）"],"duration":3,"failureDetails":[],"failureMessages":[],"fullName":"B09 双扣对照（R03） A pending 流出 200 后 B 流出 700 获准（不因 tentative+active 双扣误拒）","invocations":1,"location":null,"numPassingAsserts":4,"retryReasons":[],"status":"passed","title":"A pending 流出 200 后 B 流出 700 获准（不因 tentative+active 双扣误拒）"},{"ancestorTitles":["B09 双扣对照（R03）"],"duration":3,"failureDetails":[],"failureMessages":[],"fullName":"B09 双扣对照（R03） A committed 流出 200 后（同 tick）B 流出 700 获准（效果单次表达）","invocations":1,"location":null,"numPassingAsserts":5,"retryReasons":[],"status":"passed","title":"A committed 流出 200 后（同 tick）B 流出 700 获准（效果单次表达）"},{"ancestorTitles":["B09 双扣对照（R03）"],"duration":5,"failureDetails":[],"failureMessages":[],"fullName":"B09 双扣对照（R03） A 完成并退出、下一 tick 观察刷新后：B 流出 700 获准且不二次扣减 A","invocations":1,"location":null,"numPassingAsserts":6,"retryReasons":[],"status":"passed","title":"A 完成并退出、下一 tick 观察刷新后：B 流出 700 获准且不二次扣减 A"},{"ancestorTitles":["B10 同键聚合与对冲腿（5.2）"],"duration":1,"failureDetails":[],"failureMessages":[],"fullName":"B10 同键聚合与对冲腿（5.2） 同一候选两条同资源流出 60、余额 100：按合计拒绝","invocations":1,"location":null,"numPassingAsserts":2,"retryReasons":[],"status":"passed","title":"同一候选两条同资源流出 60、余额 100：按合计拒绝"},{"ancestorTitles":["B10 同键聚合与对冲腿（5.2）"],"duration":3,"failureDetails":[],"failureMessages":[],"fullName":"B10 同键聚合与对冲腿（5.2） 同一接收位置两种资源流入各 60、容量 100：按合计拒绝","invocations":1,"location":null,"numPassingAsserts":4,"retryReasons":[],"status":"passed","title":"同一接收位置两种资源流入各 60、容量 100：按合计拒绝"},{"ancestorTitles":["B11 rearm 使用当前授权口径（R03）"],"duration":4,"failureDetails":[],"failureMessages":[],"fullName":"B11 rearm 使用当前授权口径（R03） retry_ready 后收紧 policy：相同动作的新代被当前 policy 拒绝","invocations":1,"location":null,"numPassingAsserts":8,"retryReasons":[],"status":"passed","title":"retry_ready 后收紧 policy：相同动作的新代被当前 policy 拒绝"},{"ancestorTitles":["B14 缺释放端口不得默认成功（R05）"],"duration":2,"failureDetails":[],"failureMessages":[],"fullName":"B14 缺释放端口不得默认成功（R05） 无释放端口时接纳非空 externalConsumers：拒绝","invocations":1,"location":null,"numPassingAsserts":2,"retryReasons":[],"status":"passed","title":"无释放端口时接纳非空 externalConsumers：拒绝"},{"ancestorTitles":["B14 缺释放端口不得默认成功（R05）"],"duration":1,"failureDetails":[],"failureMessages":[],"fullName":"B14 缺释放端口不得默认成功（R05） 已持久化义务 + 端口缺失：duty 保留、不退出、不报 released","invocations":1,"location":null,"numPassingAsserts":2,"retryReasons":[],"status":"passed","title":"已持久化义务 + 端口缺失：duty 保留、不退出、不报 released"},{"ancestorTitles":["B15 释放失败/抛错/幂等重试（R05）"],"duration":1,"failureDetails":[],"failureMessages":[],"fullName":"B15 释放失败/抛错/幂等重试（R05） 端口返回 false：duty 保留、不退出、不建立 retry 权利","invocations":1,"location":null,"numPassingAsserts":1,"retryReasons":[],"status":"passed","title":"端口返回 false：duty 保留、不退出、不建立 retry 权利"},{"ancestorTitles":["B15 释放失败/抛错/幂等重试（R05）"],"duration":1,"failureDetails":[],"failureMessages":[],"fullName":"B15 释放失败/抛错/幂等重试（R05） 端口抛错：beginTick 不崩、duty 保留","invocations":1,"location":null,"numPassingAsserts":2,"retryReasons":[],"status":"passed","title":"端口抛错：beginTick 不崩、duty 保留"},{"ancestorTitles":["B15 释放失败/抛错/幂等重试（R05）"],"duration":2,"failureDetails":[],"failureMessages":[],"fullName":"B15 释放失败/抛错/幂等重试（R05） 释放成功但确认写失败：duty 保留，之后同一 (key, attemptId) 幂等重试","invocations":1,"location":null,"numPassingAsserts":5,"retryReasons":[],"status":"passed","title":"释放成功但确认写失败：duty 保留，之后同一 (key, attemptId) 幂等重试"},{"ancestorTitles":["B16 前 8 条永久失败的公平性（R08）"],"duration":26,"failureDetails":[],"failureMessages":[],"fullName":"B16 前 8 条永久失败的公平性（R08） 前 8 条释放永久失败：第 9 条在有限轮次内真正完成（游标轮转，风险不被删除）","invocations":1,"location":null,"numPassingAsserts":10,"retryReasons":[],"status":"passed","title":"前 8 条释放永久失败：第 9 条在有限轮次内真正完成（游标轮转，风险不被删除）"},{"ancestorTitles":["B17 每 tick 释放端口调用预算（R08）"],"duration":1,"failureDetails":[],"failureMessages":[],"fullName":"B17 每 tick 释放端口调用预算（R08） 单条大量 consumer 全失败：一次 beginTick 的端口调用次数受预算约束","invocations":1,"location":null,"numPassingAsserts":2,"retryReasons":[],"status":"passed","title":"单条大量 consumer 全失败：一次 beginTick 的端口调用次数受预算约束"},{"ancestorTitles":["B18 consumerKeys 数量上限（R09）"],"duration":1,"failureDetails":[],"failureMessages":[],"fullName":"B18 consumerKeys 数量上限（R09） 已持久化记录携带 1000 个 consumer key：有界拒绝（unhealthy），不无限遍历","invocations":1,"location":null,"numPassingAsserts":1,"retryReasons":[],"status":"passed","title":"已持久化记录携带 1000 个 consumer key：有界拒绝（unhealthy），不无限遍历"},{"ancestorTitles":["B18 consumerKeys 数量上限（R09）"],"duration":1,"failureDetails":[],"failureMessages":[],"fullName":"B18 consumerKeys 数量上限（R09） 接纳时 externalConsumers 超上限（端口可用）：有界拒绝，不截断一半义务","invocations":1,"location":null,"numPassingAsserts":3,"retryReasons":[],"status":"passed","title":"接纳时 externalConsumers 超上限（端口可用）：有界拒绝，不截断一半义务"},{"ancestorTitles":["B20 ring 故障隔离（R10）"],"duration":3,"failureDetails":[],"failureMessages":[],"fullName":"B20 ring 故障隔离（R10） ring 超限/损坏：不阻断安全恢复与收尾，查询报告 degraded","invocations":1,"location":null,"numPassingAsserts":4,"retryReasons":[],"status":"passed","title":"ring 超限/损坏：不阻断安全恢复与收尾，查询报告 degraded"},{"ancestorTitles":["B20 ring 故障隔离（R10）"],"duration":4,"failureDetails":[],"failureMessages":[],"fullName":"B20 ring 故障隔离（R10） ring 声称 attempt 已关闭但 active 仍在：历史 degraded，不阻断核心、不凭 ring 决定关闭","invocations":1,"location":null,"numPassingAsserts":10,"retryReasons":[],"status":"passed","title":"ring 声称 attempt 已关闭但 active 仍在：历史 degraded，不阻断核心、不凭 ring 决定关闭"},{"ancestorTitles":["B21 真实安全矛盾仍 fail-closed（对照）"],"duration":2,"failureDetails":[],"failureMessages":[],"fullName":"B21 真实安全矛盾仍 fail-closed（对照） closing 但无结论证据：unhealthy 阻断（不因 ring 可丢弃而放过安全矛盾）","invocations":1,"location":null,"numPassingAsserts":3,"retryReasons":[],"status":"passed","title":"closing 但无结论证据：unhealthy 阻断（不因 ring 可丢弃而放过安全矛盾）"},{"ancestorTitles":["B21 真实安全矛盾仍 fail-closed（对照）"],"duration":1,"failureDetails":[],"failureMessages":[],"fullName":"B21 真实安全矛盾仍 fail-closed（对照） 发行元信息不自洽：unhealthy 阻断","invocations":1,"location":null,"numPassingAsserts":3,"retryReasons":[],"status":"passed","title":"发行元信息不自洽：unhealthy 阻断"},{"ancestorTitles":["B22 查询视图只读（R06）"],"duration":3,"failureDetails":[],"failureMessages":[],"fullName":"B22 查询视图只读（R06） kernelJournal().health 修改不回写 Memory（health 不泄漏 memory 引用）","invocations":1,"location":null,"numPassingAsserts":6,"retryReasons":[],"status":"passed","title":"kernelJournal().health 修改不回写 Memory（health 不泄漏 memory 引用）"},{"ancestorTitles":["B22 查询视图只读（R06）"],"duration":3,"failureDetails":[],"failureMessages":[],"fullName":"B22 查询视图只读（R06） ring 元素与 counters 修改不回写 Memory","invocations":1,"location":null,"numPassingAsserts":6,"retryReasons":[],"status":"passed","title":"ring 元素与 counters 修改不回写 Memory"},{"ancestorTitles":["B22 查询视图只读（R06）"],"duration":2,"failureDetails":[],"failureMessages":[],"fullName":"B22 查询视图只读（R06） 修改 metrics/active 深层嵌套后原始 Memory 与后续判定不受影响","invocations":1,"location":null,"numPassingAsserts":7,"retryReasons":[],"status":"passed","title":"修改 metrics/active 深层嵌套后原始 Memory 与后续判定不受影响"},{"ancestorTitles":["B23 自报 external receipt 关闭（R07）"],"duration":2,"failureDetails":[],"failureMessages":[],"fullName":"B23 自报 external receipt 关闭（R07） external_settlement_receipt 自报 not_executed：入口已删除，自报字段不生效、unknown 不变","invocations":1,"location":null,"numPassingAsserts":5,"retryReasons":[],"status":"passed","title":"external_settlement_receipt 自报 not_executed：入口已删除，自报字段不生效、unknown 不变"},{"ancestorTitles":["B23 自报 external receipt 关闭（R07）"],"duration":2,"failureDetails":[],"failureMessages":[],"fullName":"B23 自报 external receipt 关闭（R07） 运行时强制转换传入 external 结论：结论未被使用（与不传自报字段的受控调用等价）","invocations":1,"location":null,"numPassingAsserts":4,"retryReasons":[],"status":"passed","title":"运行时强制转换传入 external 结论：结论未被使用（与不传自报字段的受控调用等价）"},{"ancestorTitles":["B24 受控对账边界（对照+强化）"],"duration":3,"failureDetails":[],"failureMessages":[],"fullName":"B24 受控对账边界（对照+强化） still_uncertain / 缺 adapter / reconciler 抛错 / 语义变化：不释放风险","invocations":1,"location":null,"numPassingAsserts":6,"retryReasons":[],"status":"passed","title":"still_uncertain / 缺 adapter / reconciler 抛错 / 语义变化：不释放风险"},{"ancestorTitles":["B24 受控对账边界（对照+强化）"],"duration":3,"failureDetails":[],"failureMessages":[],"fullName":"B24 受控对账边界（对照+强化） 受控 reconciler 给出的可信结论可推进（正常对照）","invocations":1,"location":null,"numPassingAsserts":5,"retryReasons":[],"status":"passed","title":"受控 reconciler 给出的可信结论可推进（正常对照）"},{"ancestorTitles":["B28 元信息与旧数据（对照）"],"duration":3,"failureDetails":[],"failureMessages":[],"fullName":"B28 元信息与旧数据（对照） frontier 溢出拒绝分配不回绕；legacy store 阻断且不擦除","invocations":1,"location":null,"numPassingAsserts":8,"retryReasons":[],"status":"passed","title":"frontier 溢出拒绝分配不回绕；legacy store 阻断且不擦除"}],"endTime":1788622932428,"message":"","name":"D:\\code\\screeps\\screeps-bot\\src\\runtime\\treasury\\treasuryRewrite2Acceptance.test.ts","startTime":1788622931921,"status":"passed","summary":""},{"assertionResults":[{"ancestorTitles":["真调用计量器自证（先于内核断言）"],"duration":11,"failureDetails":[],"failureMessages":[],"fullName":"真调用计量器自证（先于内核断言） 正常返回 ok / non-ok / throw 各记录恰好一次进入","invocations":1,"location":null,"numPassingAsserts":10,"retryReasons":[],"status":"passed","title":"正常返回 ok / non-ok / throw 各记录恰好一次进入"},{"ancestorTitles":["真调用计量器自证（先于内核断言）"],"duration":1,"failureDetails":[],"failureMessages":[],"fullName":"真调用计量器自证（先于内核断言） 故意直接调用两次能记录两次（计量器不封顶）","invocations":1,"location":null,"numPassingAsserts":1,"retryReasons":[],"status":"passed","title":"故意直接调用两次能记录两次（计量器不封顶）"},{"ancestorTitles":["真调用计量器自证（先于内核断言）"],"duration":2,"failureDetails":[],"failureMessages":[],"fullName":"真调用计量器自证（先于内核断言） 前置拒绝是零次（permit 无效/阶段不符时计量器不动）","invocations":1,"location":null,"numPassingAsserts":5,"retryReasons":[],"status":"passed","title":"前置拒绝是零次（permit 无效/阶段不符时计量器不动）"},{"ancestorTitles":["admit → dispatch 基础流"],"duration":2,"failureDetails":[],"failureMessages":[],"fullName":"admit → dispatch 基础流 admit 创建 pending 聚合并签发 opaque permit；attemptId 为 tk1_ 前缀","invocations":1,"location":null,"numPassingAsserts":7,"retryReasons":[],"status":"passed","title":"admit 创建 pending 聚合并签发 opaque permit；attemptId 为 tk1_ 前缀"},{"ancestorTitles":["admit → dispatch 基础流"],"duration":4,"failureDetails":[],"failureMessages":[],"fullName":"admit → dispatch 基础流 dispatch ok（settleOnAccept）→ closing committed → beginTick 清理后真正退出 + ring 记录","invocations":1,"location":null,"numPassingAsserts":12,"retryReasons":[],"status":"passed","title":"dispatch ok（settleOnAccept）→ closing committed → beginTick 清理后真正退出 + ring 记录"},{"ancestorTitles":["admit → dispatch 基础流"],"duration":4,"failureDetails":[],"failureMessages":[],"fullName":"admit → dispatch 基础流 dispatch non-ok（not_executed 语义）→ closing → retry_ready（有 retry facts）","invocations":1,"location":null,"numPassingAsserts":8,"retryReasons":[],"status":"passed","title":"dispatch non-ok（not_executed 语义）→ closing → retry_ready（有 retry facts）"},{"ancestorTitles":["admit → dispatch 基础流"],"duration":3,"failureDetails":[],"failureMessages":[],"fullName":"admit → dispatch 基础流 dispatch throw → outcome_unknown（保守），外部接受事实缺失","invocations":1,"location":null,"numPassingAsserts":7,"retryReasons":[],"status":"passed","title":"dispatch throw → outcome_unknown（保守），外部接受事实缺失"},{"ancestorTitles":["admit → dispatch 基础流"],"duration":3,"failureDetails":[],"failureMessages":[],"fullName":"admit → dispatch 基础流 保守默认 adapter：ok 不声明 settlesOnAccept → unknown（接受不构成无条件完成证明）","invocations":1,"location":null,"numPassingAsserts":4,"retryReasons":[],"status":"passed","title":"保守默认 adapter：ok 不声明 settlesOnAccept → unknown（接受不构成无条件完成证明）"},{"ancestorTitles":["admit → dispatch 基础流"],"duration":4,"failureDetails":[],"failureMessages":[],"fullName":"admit → dispatch 基础流 frontier 单调推进；多次 admit 的 attemptId 序号严格递增","invocations":1,"location":null,"numPassingAsserts":6,"retryReasons":[],"status":"passed","title":"frontier 单调推进；多次 admit 的 attemptId 序号严格递增"},{"ancestorTitles":["接纳排他与容量"],"duration":6,"failureDetails":[],"failureMessages":[],"fullName":"接纳排他与容量 同 workKey 排他：活跃期间重复接纳拒绝（不存在第二个可执行 attempt）","invocations":1,"location":null,"numPassingAsserts":4,"retryReasons":[],"status":"passed","title":"同 workKey 排他：活跃期间重复接纳拒绝（不存在第二个可执行 attempt）"},{"ancestorTitles":["接纳排他与容量"],"duration":5,"failureDetails":[],"failureMessages":[],"fullName":"接纳排他与容量 前代关闭后同 workKey 可重新接纳","invocations":1,"location":null,"numPassingAsserts":6,"retryReasons":[],"status":"passed","title":"前代关闭后同 workKey 可重新接纳"},{"ancestorTitles":["接纳排他与容量"],"duration":2,"failureDetails":[],"failureMessages":[],"fullName":"接纳排他与容量 容量不足拒绝（最坏流出超出物理存量）","invocations":1,"location":null,"numPassingAsserts":2,"retryReasons":[],"status":"passed","title":"容量不足拒绝（最坏流出超出物理存量）"},{"ancestorTitles":["接纳排他与容量"],"duration":10,"failureDetails":[],"failureMessages":[],"fullName":"接纳排他与容量 满载拒绝新工作，已接纳工作仍可推进（安全收尾不被阻断）","invocations":1,"location":null,"numPassingAsserts":4,"retryReasons":[],"status":"passed","title":"满载拒绝新工作，已接纳工作仍可推进（安全收尾不被阻断）"},{"ancestorTitles":["settle（对账结算）"],"duration":4,"failureDetails":[],"failureMessages":[],"fullName":"settle（对账结算） reconcile 结论 executed → committed closing；not_executed → not-executed closing","invocations":1,"location":null,"numPassingAsserts":4,"retryReasons":[],"status":"passed","title":"reconcile 结论 executed → committed closing；not_executed → not-executed closing"},{"ancestorTitles":["settle（对账结算）"],"duration":3,"failureDetails":[],"failureMessages":[],"fullName":"settle（对账结算） still_uncertain 保持 unknown（不得推导）","invocations":1,"location":null,"numPassingAsserts":4,"retryReasons":[],"status":"passed","title":"still_uncertain 保持 unknown（不得推导）"},{"ancestorTitles":["settle（对账结算）"],"duration":3,"failureDetails":[],"failureMessages":[],"fullName":"settle（对账结算） reconciler 语义身份不一致（adapter 被替换）→ 拒绝 settle","invocations":1,"location":null,"numPassingAsserts":4,"retryReasons":[],"status":"passed","title":"reconciler 语义身份不一致（adapter 被替换）→ 拒绝 settle"},{"ancestorTitles":["tick 边界恢复（保守推进，不重发）"],"duration":3,"failureDetails":[],"failureMessages":[],"fullName":"tick 边界恢复（保守推进，不重发） dispatching 残留 → beginTick 保守化为 outcome_unknown（动作计数不增）","invocations":1,"location":null,"numPassingAsserts":4,"retryReasons":[],"status":"passed","title":"dispatching 残留 → beginTick 保守化为 outcome_unknown（动作计数不增）"},{"ancestorTitles":["tick 边界恢复（保守推进，不重发）"],"duration":11,"failureDetails":[],"failureMessages":[],"fullName":"tick 边界恢复（保守推进，不重发） 未知不能被年龄推导成 not-executed：outcome_unknown 长期保留","invocations":1,"location":null,"numPassingAsserts":4,"retryReasons":[],"status":"passed","title":"未知不能被年龄推导成 not-executed：outcome_unknown 长期保留"},{"ancestorTitles":["tick 边界恢复（保守推进，不重发）"],"duration":3,"failureDetails":[],"failureMessages":[],"fullName":"tick 边界恢复（保守推进，不重发） permit 跨 tick 失效（同 permit 对象下一 tick 不可执行）","invocations":1,"location":null,"numPassingAsserts":4,"retryReasons":[],"status":"passed","title":"permit 跨 tick 失效（同 permit 对象下一 tick 不可执行）"},{"ancestorTitles":["tick 边界恢复（保守推进，不重发）"],"duration":3,"failureDetails":[],"failureMessages":[],"fullName":"tick 边界恢复（保守推进，不重发） unknown 全额占用保持：资源不被后续接纳重复授权","invocations":1,"location":null,"numPassingAsserts":4,"retryReasons":[],"status":"passed","title":"unknown 全额占用保持：资源不被后续接纳重复授权"},{"ancestorTitles":["retry（受控 rearm）"],"duration":5,"failureDetails":[],"failureMessages":[],"fullName":"retry（受控 rearm） 合法 rearm：新 attemptId、generation+1、旧 attempt 退出并进 ring","invocations":1,"location":null,"numPassingAsserts":10,"retryReasons":[],"status":"passed","title":"合法 rearm：新 attemptId、generation+1、旧 attempt 退出并进 ring"},{"ancestorTitles":["retry（受控 rearm）"],"duration":4,"failureDetails":[],"failureMessages":[],"fullName":"retry（受控 rearm） rearm 许可重复消费拒绝（不会创建两个 child）","invocations":1,"location":null,"numPassingAsserts":5,"retryReasons":[],"status":"passed","title":"rearm 许可重复消费拒绝（不会创建两个 child）"},{"ancestorTitles":["retry（受控 rearm）"],"duration":4,"failureDetails":[],"failureMessages":[],"fullName":"retry（受控 rearm） rearm 改变动作参数（不同 canonical）拒绝——同 workKey 已被 child 占据","invocations":1,"location":null,"numPassingAsserts":5,"retryReasons":[],"status":"passed","title":"rearm 改变动作参数（不同 canonical）拒绝——同 workKey 已被 child 占据"},{"ancestorTitles":["retry（受控 rearm）"],"duration":3,"failureDetails":[],"failureMessages":[],"fullName":"retry（受控 rearm） retry 权利期限到期：beginTick 自动 close（过期的是权利，不是风险）","invocations":1,"location":null,"numPassingAsserts":6,"retryReasons":[],"status":"passed","title":"retry 权利期限到期：beginTick 自动 close（过期的是权利，不是风险）"},{"ancestorTitles":["retry（受控 rearm）"],"duration":2,"failureDetails":[],"failureMessages":[],"fullName":"retry（受控 rearm） outcome_unknown 不可直接 rearm（须先结算）","invocations":1,"location":null,"numPassingAsserts":3,"retryReasons":[],"status":"passed","title":"outcome_unknown 不可直接 rearm（须先结算）"},{"ancestorTitles":["retry（受控 rearm）"],"duration":3,"failureDetails":[],"failureMessages":[],"fullName":"retry（受控 rearm） 显式放弃（abandoned）关闭已知安全的 retry_ready","invocations":1,"location":null,"numPassingAsserts":6,"retryReasons":[],"status":"passed","title":"显式放弃（abandoned）关闭已知安全的 retry_ready"},{"ancestorTitles":["近期明细环（不参与授权）"],"duration":3,"failureDetails":[],"failureMessages":[],"fullName":"近期明细环（不参与授权） 退役 attemptId 不可再取得执行许可（ring 不授权）","invocations":1,"location":null,"numPassingAsserts":5,"retryReasons":[],"status":"passed","title":"退役 attemptId 不可再取得执行许可（ring 不授权）"},{"ancestorTitles":["近期明细环（不参与授权）"],"duration":7,"failureDetails":[],"failureMessages":[],"fullName":"近期明细环（不参与授权） 环容量有界：满 128 后覆盖最旧（不随历史增长）","invocations":1,"location":null,"numPassingAsserts":145,"retryReasons":[],"status":"passed","title":"环容量有界：满 128 后覆盖最旧（不随历史增长）"}],"endTime":1788622932813,"message":"","name":"D:\\code\\screeps\\screeps-bot\\src\\runtime\\treasury\\treasuryKernel.test.ts","startTime":1788622932435,"status":"passed","summary":""},{"assertionResults":[{"ancestorTitles":["v4 canonical owner token（固定 test vectors，字段边界无歧义）"],"duration":2,"failureDetails":[],"failureMessages":[],"fullName":"v4 canonical owner token（固定 test vectors，字段边界无歧义） namespace 'a' + id 'b:c' 与 namespace 'a:b' + id 'c' 不碰撞","invocations":1,"location":null,"numPassingAsserts":2,"retryReasons":[],"status":"passed","title":"namespace 'a' + id 'b:c' 与 namespace 'a:b' + id 'c' 不碰撞"},{"ancestorTitles":["v4 canonical owner token（固定 test vectors，字段边界无歧义）"],"duration":1,"failureDetails":[],"failureMessages":[],"fullName":"v4 canonical owner token（固定 test vectors，字段边界无歧义） 同 id 不同 kind 不碰撞","invocations":1,"location":null,"numPassingAsserts":2,"retryReasons":[],"status":"passed","title":"同 id 不同 kind 不碰撞"},{"ancestorTitles":["v4 canonical owner token（固定 test vectors，字段边界无歧义）"],"duration":1,"failureDetails":[],"failureMessages":[],"fullName":"v4 canonical owner token（固定 test vectors，字段边界无歧义） 同 id 不同 namespace 不碰撞","invocations":1,"location":null,"numPassingAsserts":2,"retryReasons":[],"status":"passed","title":"同 id 不同 namespace 不碰撞"},{"ancestorTitles":["v4 canonical owner token（固定 test vectors，字段边界无歧义）"],"duration":0,"failureDetails":[],"failureMessages":[],"fullName":"v4 canonical owner token（固定 test vectors，字段边界无歧义） Unicode / 空格 / 冒号 id 编码稳定","invocations":1,"location":null,"numPassingAsserts":2,"retryReasons":[],"status":"passed","title":"Unicode / 空格 / 冒号 id 编码稳定"},{"ancestorTitles":["v4 canonical owner token（固定 test vectors，字段边界无歧义）"],"duration":1,"failureDetails":[],"failureMessages":[],"fullName":"v4 canonical owner token（固定 test vectors，字段边界无歧义） 长度前缀编码可从 nsLen 唯一还原 namespace/id 切分点（无隐含约定）","invocations":1,"location":null,"numPassingAsserts":4,"retryReasons":[],"status":"passed","title":"长度前缀编码可从 nsLen 唯一还原 namespace/id 切分点（无隐含约定）"},{"ancestorTitles":["v4 canonical owner token（固定 test vectors，字段边界无歧义）"],"duration":1,"failureDetails":[],"failureMessages":[],"fullName":"v4 canonical owner token（固定 test vectors，字段边界无歧义） 超长输入仍产出有界 token（id ≤128、namespace ≤64 由校验保证）","invocations":1,"location":null,"numPassingAsserts":3,"retryReasons":[],"status":"passed","title":"超长输入仍产出有界 token（id ≤128、namespace ≤64 由校验保证）"},{"ancestorTitles":["v4 canonical owner token（固定 test vectors，字段边界无歧义）"],"duration":1,"failureDetails":[],"failureMessages":[],"fullName":"v4 canonical owner token（固定 test vectors，字段边界无歧义） kind-specific validation：logical-service namespace 必填、非 logical-service 禁止","invocations":1,"location":null,"numPassingAsserts":4,"retryReasons":[],"status":"passed","title":"kind-specific validation：logical-service namespace 必填、非 logical-service 禁止"},{"ancestorTitles":["typed owner 持久化与聚合（v4 key 编码完整 identity）"],"duration":1,"failureDetails":[],"failureMessages":[],"fullName":"typed owner 持久化与聚合（v4 key 编码完整 identity） game-object owner 持久化：store key 编码 v4 token，平铺字段与 owner 字段落库","invocations":1,"location":null,"numPassingAsserts":6,"retryReasons":[],"status":"passed","title":"game-object owner 持久化：store key 编码 v4 token，平铺字段与 owner 字段落库"},{"ancestorTitles":["typed owner 持久化与聚合（v4 key 编码完整 identity）"],"duration":1,"failureDetails":[],"failureMessages":[],"fullName":"typed owner 持久化与聚合（v4 key 编码完整 identity） logical-service owner 持久化：token 含 nsLen 长度前缀并正常聚合","invocations":1,"location":null,"numPassingAsserts":3,"retryReasons":[],"status":"passed","title":"logical-service owner 持久化：token 含 nsLen 长度前缀并正常聚合"},{"ancestorTitles":["typed owner 持久化与聚合（v4 key 编码完整 identity）"],"duration":1,"failureDetails":[],"failureMessages":[],"fullName":"typed owner 持久化与聚合（v4 key 编码完整 identity） 非法 owner identity 结构化拒绝（fail closed，不生成含义不明记录）","invocations":1,"location":null,"numPassingAsserts":3,"retryReasons":[],"status":"passed","title":"非法 owner identity 结构化拒绝（fail closed，不生成含义不明记录）"},{"ancestorTitles":["typed owner 持久化与聚合（v4 key 编码完整 identity）"],"duration":2,"failureDetails":[],"failureMessages":[],"fullName":"typed owner 持久化与聚合（v4 key 编码完整 identity） renew / release typed API：续租更新、显式 release 解除占用（no-op 不 bump）","invocations":1,"location":null,"numPassingAsserts":10,"retryReasons":[],"status":"passed","title":"renew / release typed API：续租更新、显式 release 解除占用（no-op 不 bump）"},{"ancestorTitles":["typed owner 持久化与聚合（v4 key 编码完整 identity）"],"duration":17,"failureDetails":[],"failureMessages":[],"fullName":"typed owner 持久化与聚合（v4 key 编码完整 identity） listProductionReservations 返回冻结深拷贝：外部修改不影响 Memory","invocations":1,"location":null,"numPassingAsserts":8,"retryReasons":[],"status":"passed","title":"listProductionReservations 返回冻结深拷贝：外部修改不影响 Memory"},{"ancestorTitles":["同 id 不同 kind / namespace 的持久层隔离（v4 核心不变量）"],"duration":1,"failureDetails":[],"failureMessages":[],"fullName":"同 id 不同 kind / namespace 的持久层隔离（v4 核心不变量） 相同 id、不同 owner kind 共存且互不覆盖","invocations":1,"location":null,"numPassingAsserts":3,"retryReasons":[],"status":"passed","title":"相同 id、不同 owner kind 共存且互不覆盖"},{"ancestorTitles":["同 id 不同 kind / namespace 的持久层隔离（v4 核心不变量）"],"duration":0,"failureDetails":[],"failureMessages":[],"fullName":"同 id 不同 kind / namespace 的持久层隔离（v4 核心不变量） 相同 id、不同 namespace 的 logical-service 共存且互不覆盖","invocations":1,"location":null,"numPassingAsserts":3,"retryReasons":[],"status":"passed","title":"相同 id、不同 namespace 的 logical-service 共存且互不覆盖"},{"ancestorTitles":["同 id 不同 kind / namespace 的持久层隔离（v4 核心不变量）"],"duration":1,"failureDetails":[],"failureMessages":[],"fullName":"同 id 不同 kind / namespace 的持久层隔离（v4 核心不变量） release 一个 owner 不影响另一个（同 id 不同 kind）","invocations":1,"location":null,"numPassingAsserts":4,"retryReasons":[],"status":"passed","title":"release 一个 owner 不影响另一个（同 id 不同 kind）"},{"ancestorTitles":["同 id 不同 kind / namespace 的持久层隔离（v4 核心不变量）"],"duration":0,"failureDetails":[],"failureMessages":[],"fullName":"同 id 不同 kind / namespace 的持久层隔离（v4 核心不变量） store key 拼接唯一权威：makeReservationStoreKey 与 mutation API 一致","invocations":1,"location":null,"numPassingAsserts":1,"retryReasons":[],"status":"passed","title":"store key 拼接唯一权威：makeReservationStoreKey 与 mutation API 一致"},{"ancestorTitles":["schema activation gate（第七轮：激活先于一切 mutation）"],"duration":1,"failureDetails":[],"failureMessages":[],"fullName":"schema activation gate（第七轮：激活先于一切 mutation） 空 store 首次 gate/mutation 自动激活当前版本（version=4）","invocations":1,"location":null,"numPassingAsserts":3,"retryReasons":[],"status":"passed","title":"空 store 首次 gate/mutation 自动激活当前版本（version=4）"},{"ancestorTitles":["schema activation gate（第七轮：激活先于一切 mutation）"],"duration":2,"failureDetails":[],"failureMessages":[],"fullName":"schema activation gate（第七轮：激活先于一切 mutation） legacy store（v1）mutation 前先迁移：无混合 key，mutation 生效","invocations":1,"location":null,"numPassingAsserts":6,"retryReasons":[],"status":"passed","title":"legacy store（v1）mutation 前先迁移：无混合 key，mutation 生效"},{"ancestorTitles":["schema activation gate（第七轮：激活先于一切 mutation）"],"duration":1,"failureDetails":[],"failureMessages":[],"fullName":"schema activation gate（第七轮：激活先于一切 mutation） migration 失败时 mutation 结构化拒绝（零写入）、授权 fail closed","invocations":1,"location":null,"numPassingAsserts":5,"retryReasons":[],"status":"passed","title":"migration 失败时 mutation 结构化拒绝（零写入）、授权 fail closed"},{"ancestorTitles":["schema activation gate（第七轮：激活先于一切 mutation）"],"duration":1,"failureDetails":[],"failureMessages":[],"fullName":"schema activation gate（第七轮：激活先于一切 mutation） 未知版本 fail closed；corrupted 标志 fail closed 且显式 repair 可解除","invocations":1,"location":null,"numPassingAsserts":7,"retryReasons":[],"status":"passed","title":"未知版本 fail closed；corrupted 标志 fail closed 且显式 repair 可解除"},{"ancestorTitles":["版本化原子迁移（v4：legacy v1 / owner v2 / token v3 → v4）"],"duration":1,"failureDetails":[],"failureMessages":[],"fullName":"版本化原子迁移（v4：legacy v1 / owner v2 / token v3 → v4） legacy v1 迁移成功：未知字符串→legacy-unresolved、已知形状→对应 kind；key 重编码、数值不动、version=4","invocations":1,"location":null,"numPassingAsserts":10,"retryReasons":[],"status":"passed","title":"legacy v1 迁移成功：未知字符串→legacy-unresolved、已知形状→对应 kind；key 重编码、数值不动、version=4"},{"ancestorTitles":["版本化原子迁移（v4：legacy v1 / owner v2 / token v3 → v4）"],"duration":0,"failureDetails":[],"failureMessages":[],"fullName":"版本化原子迁移（v4：legacy v1 / owner v2 / token v3 → v4） v3 → v4 迁移：以验证过的 entry.owner 为权威重建 key（logical-service 缺 namespace 按注册表前缀补全）","invocations":1,"location":null,"numPassingAsserts":4,"retryReasons":[],"status":"passed","title":"v3 → v4 迁移：以验证过的 entry.owner 为权威重建 key（logical-service 缺 namespace 按注册表前缀补全）"},{"ancestorTitles":["版本化原子迁移（v4：legacy v1 / owner v2 / token v3 → v4）"],"duration":1,"failureDetails":[],"failureMessages":[],"fullName":"版本化原子迁移（v4：legacy v1 / owner v2 / token v3 → v4） v3 数据 key 与 owner token 不一致（篡改信号）：终止迁移","invocations":1,"location":null,"numPassingAsserts":2,"retryReasons":[],"status":"passed","title":"v3 数据 key 与 owner token 不一致（篡改信号）：终止迁移"},{"ancestorTitles":["版本化原子迁移（v4：legacy v1 / owner v2 / token v3 → v4）"],"duration":1,"failureDetails":[],"failureMessages":[],"fullName":"版本化原子迁移（v4：legacy v1 / owner v2 / token v3 → v4） 迁移 bump commitment revision（索引不得按旧口径继续聚合）","invocations":1,"location":null,"numPassingAsserts":1,"retryReasons":[],"status":"passed","title":"迁移 bump commitment revision（索引不得按旧口径继续聚合）"},{"ancestorTitles":["版本化原子迁移（v4：legacy v1 / owner v2 / token v3 → v4）"],"duration":1,"failureDetails":[],"failureMessages":[],"fullName":"版本化原子迁移（v4：legacy v1 / owner v2 / token v3 → v4） 迁移幂等：版本标记短路（二次执行零迁移零 bump）","invocations":1,"location":null,"numPassingAsserts":4,"retryReasons":[],"status":"passed","title":"迁移幂等：版本标记短路（二次执行零迁移零 bump）"},{"ancestorTitles":["版本化原子迁移（v4：legacy v1 / owner v2 / token v3 → v4）"],"duration":1,"failureDetails":[],"failureMessages":[],"fullName":"版本化原子迁移（v4：legacy v1 / owner v2 / token v3 → v4） 迁移中途发现新 key collision：整个迁移终止、数据不部分修改、版本不推进","invocations":1,"location":null,"numPassingAsserts":5,"retryReasons":[],"status":"passed","title":"迁移中途发现新 key collision：整个迁移终止、数据不部分修改、版本不推进"},{"ancestorTitles":["版本化原子迁移（v4：legacy v1 / owner v2 / token v3 → v4）"],"duration":0,"failureDetails":[],"failureMessages":[],"fullName":"版本化原子迁移（v4：legacy v1 / owner v2 / token v3 → v4） 迁移中途发现 malformed record：终止且不乐观忽略；修复后重复执行成功","invocations":1,"location":null,"numPassingAsserts":5,"retryReasons":[],"status":"passed","title":"迁移中途发现 malformed record：终止且不乐观忽略；修复后重复执行成功"},{"ancestorTitles":["版本化原子迁移（v4：l
[...]
ame":"transfer task 承诺聚合 outgoing/pendingOutgoing/reasonPrefix 与 done 任务排除","invocations":1,"location":null,"numPassingAsserts":7,"retryReasons":[],"status":"passed","title":"outgoing/pendingOutgoing/reasonPrefix 与 done 任务排除"},{"ancestorTitles":["transfer task 承诺聚合"],"duration":1,"failureDetails":[],"failureMessages":[],"fullName":"transfer task 承诺聚合 incoming 需求覆盖语义：manual 永远计入、automatic 超时排除","invocations":1,"location":null,"numPassingAsserts":3,"retryReasons":[],"status":"passed","title":"incoming 需求覆盖语义：manual 永远计入、automatic 超时排除"},{"ancestorTitles":["transfer task 承诺聚合"],"duration":1,"failureDetails":[],"failureMessages":[],"fullName":"transfer task 承诺聚合 route merge lookup 匹配 route/origin/reason 且跳过过期 automatic","invocations":1,"location":null,"numPassingAsserts":4,"retryReasons":[],"status":"passed","title":"route merge lookup 匹配 route/origin/reason 且跳过过期 automatic"},{"ancestorTitles":["production reservation 承诺"],"duration":2,"failureDetails":[],"failureMessages":[],"fullName":"production reservation 承诺 活跃聚合、typed owner 自排除、过期排除与 missing-owner 保守计入","invocations":1,"location":null,"numPassingAsserts":11,"retryReasons":[],"status":"passed","title":"活跃聚合、typed owner 自排除、过期排除与 missing-owner 保守计入"},{"ancestorTitles":["production reservation 承诺"],"duration":1,"failureDetails":[],"failureMessages":[],"fullName":"production reservation 承诺 过期预留被排除但原始 Memory 记录不被删除（零隐藏写入）","invocations":1,"location":null,"numPassingAsserts":3,"retryReasons":[],"status":"passed","title":"过期预留被排除但原始 Memory 记录不被删除（零隐藏写入）"},{"ancestorTitles":["receiver capacity 承诺"],"duration":2,"failureDetails":[],"failureMessages":[],"fullName":"receiver capacity 承诺 headroom = free − healthyIncoming 且超卖显式可见","invocations":1,"location":null,"numPassingAsserts":8,"retryReasons":[],"status":"passed","title":"headroom = free − healthyIncoming 且超卖显式可见"},{"ancestorTitles":["receiver capacity 承诺"],"duration":1,"failureDetails":[],"failureMessages":[],"fullName":"receiver capacity 承诺 receiver headroom 提供 projected 口径（observed free 扣减本 tick 已结算容量净变化）","invocations":1,"location":null,"numPassingAsserts":3,"retryReasons":[],"status":"passed","title":"receiver headroom 提供 projected 口径（observed free 扣减本 tick 已结算容量净变化）"},{"ancestorTitles":["承诺索引点时快照（primitive 化）"],"duration":1,"failureDetails":[],"failureMessages":[],"fullName":"承诺索引点时快照（primitive 化） 构建后原 task 对象被修改，旧 snapshot 结果不变","invocations":1,"location":null,"numPassingAsserts":3,"retryReasons":[],"status":"passed","title":"构建后原 task 对象被修改，旧 snapshot 结果不变"},{"ancestorTitles":["承诺索引点时快照（primitive 化）"],"duration":0,"failureDetails":[],"failureMessages":[],"fullName":"承诺索引点时快照（primitive 化） route merge 重复 key 时返回第一个匹配（旧 findMergeablePendingTask 语义，不取最后写入）","invocations":1,"location":null,"numPassingAsserts":1,"retryReasons":[],"status":"passed","title":"route merge 重复 key 时返回第一个匹配（旧 findMergeablePendingTask 语义，不取最后写入）"},{"ancestorTitles":["承诺索引点时快照（primitive 化）"],"duration":0,"failureDetails":[],"failureMessages":[],"fullName":"承诺索引点时快照（primitive 化） 构建后向 live task store 添加新任务，receiverCommitments 不回扫（预聚合）","invocations":1,"location":null,"numPassingAsserts":2,"retryReasons":[],"status":"passed","title":"构建后向 live task store 添加新任务，receiverCommitments 不回扫（预聚合）"},{"ancestorTitles":["承诺索引点时快照（primitive 化）"],"duration":14,"failureDetails":[],"failureMessages":[],"fullName":"承诺索引点时快照（primitive 化） 索引查询不保留可变任务引用：reservationSnapshot 冻结且返回副本","invocations":1,"location":null,"numPassingAsserts":2,"retryReasons":[],"status":"passed","title":"索引查询不保留可变任务引用：reservationSnapshot 冻结且返回副本"},{"ancestorTitles":["承诺索引 revision invalidation（facade 级）"],"duration":1,"failureDetails":[],"failureMessages":[],"fullName":"承诺索引 revision invalidation（facade 级） mutation bump 后 commitments() 重建并看到新状态；查询仍零写","invocations":1,"location":null,"numPassingAsserts":6,"retryReasons":[],"status":"passed","title":"mutation bump 后 commitments() 重建并看到新状态；查询仍零写"},{"ancestorTitles":["承诺索引 revision invalidation（facade 级）"],"duration":1,"failureDetails":[],"failureMessages":[],"fullName":"承诺索引 revision invalidation（facade 级） 无 bump 的重复查询复用缓存（revision 未变不重建）","invocations":1,"location":null,"numPassingAsserts":2,"retryReasons":[],"status":"passed","title":"无 bump 的重复查询复用缓存（revision 未变不重建）"},{"ancestorTitles":["holder 存在性默认解析（logical 命名空间不再误判 orphan）"],"duration":1,"failureDetails":[],"failureMessages":[],"fullName":"holder 存在性默认解析（logical 命名空间不再误判 orphan） 默认 holderExists：`nuker:` 逻辑名与裸 object id 判活，未知 id 才 orphan","invocations":1,"location":null,"numPassingAsserts":4,"retryReasons":[],"status":"passed","title":"默认 holderExists：`nuker:` 逻辑名与裸 object id 判活，未知 id 才 orphan"}],"endTime":1788622934699,"message":"","name":"D:\\code\\screeps\\screeps-bot\\src\\runtime\\treasury\\treasuryCommitments.test.ts","startTime":1788622934445,"status":"passed","summary":""},{"assertionResults":[{"ancestorTitles":["commitment 记录级验证"],"duration":2,"failureDetails":[],"failureMessages":[],"fullName":"commitment 记录级验证 负 amount 预留不进 committed（不得提高 spendable），scope 标记 incomplete","invocations":1,"location":null,"numPassingAsserts":6,"retryReasons":[],"status":"passed","title":"负 amount 预留不进 committed（不得提高 spendable），scope 标记 incomplete"},{"ancestorTitles":["commitment 记录级验证"],"duration":1,"failureDetails":[],"failureMessages":[],"fullName":"commitment 记录级验证 NaN amount 预留使相应 scope incomplete（不污染聚合求和）","invocations":1,"location":null,"numPassingAsserts":3,"retryReasons":[],"status":"passed","title":"NaN amount 预留使相应 scope incomplete（不污染聚合求和）"},{"ancestorTitles":["commitment 记录级验证"],"duration":0,"failureDetails":[],"failureMessages":[],"fullName":"commitment 记录级验证 invalid task remainingAmount（remaining > amount）使双侧 scope incomplete","invocations":1,"location":null,"numPassingAsserts":3,"retryReasons":[],"status":"passed","title":"invalid task remainingAmount（remaining > amount）使双侧 scope incomplete"},{"ancestorTitles":["commitment 记录级验证"],"duration":1,"failureDetails":[],"failureMessages":[],"fullName":"commitment 记录级验证 非法资源/房间的 task 不被静默忽略：scope 无法定位 → globally-incomplete","invocations":1,"location":null,"numPassingAsserts":3,"retryReasons":[],"status":"passed","title":"非法资源/房间的 task 不被静默忽略：scope 无法定位 → globally-incomplete"},{"ancestorTitles":["commitment 记录级验证"],"duration":1,"failureDetails":[],"failureMessages":[],"fullName":"commitment 记录级验证 损坏记录原样保留（读取路径零删除）且 commitment 查询零写入","invocations":1,"location":null,"numPassingAsserts":1,"retryReasons":[],"status":"passed","title":"损坏记录原样保留（读取路径零删除）且 commitment 查询零写入"},{"ancestorTitles":["completeness 状态与保守扣除"],"duration":1,"failureDetails":[],"failureMessages":[],"fullName":"completeness 状态与保守扣除 unrelated scope 仍保持 complete（损坏只污染可定位的 bucket）","invocations":1,"location":null,"numPassingAsserts":4,"retryReasons":[],"status":"passed","title":"unrelated scope 仍保持 complete（损坏只污染可定位的 bucket）"},{"ancestorTitles":["completeness 状态与保守扣除"],"duration":1,"failureDetails":[],"failureMessages":[],"fullName":"completeness 状态与保守扣除 owner unresolved 但数值合法：继续全额保守扣除且 completeness 保持 complete","invocations":1,"location":null,"numPassingAsserts":4,"retryReasons":[],"status":"passed","title":"owner unresolved 但数值合法：继续全额保守扣除且 completeness 保持 complete"},{"ancestorTitles":["completeness 状态与保守扣除"],"duration":1,"failureDetails":[],"failureMessages":[],"fullName":"completeness 状态与保守扣除 索引 completeness API：snapshot 与逐 scope 查询一致","invocations":1,"location":null,"numPassingAsserts":6,"retryReasons":[],"status":"passed","title":"索引 completeness API：snapshot 与逐 scope 查询一致"},{"ancestorTitles":["第六轮补严：枚举与聚合溢出"],"duration":2,"failureDetails":[],"failureMessages":[],"fullName":"第六轮补严：枚举与聚合溢出 未知 task status（pendng）是损坏而非普通非 pending：双侧 scope incomplete","invocations":1,"location":null,"numPassingAsserts":3,"retryReasons":[],"status":"passed","title":"未知 task status（pendng）是损坏而非普通非 pending：双侧 scope incomplete"},{"ancestorTitles":["第六轮补严：枚举与聚合溢出"],"duration":1,"failureDetails":[],"failureMessages":[],"fullName":"第六轮补严：枚举与聚合溢出 枚举外 blockedReason 是损坏（不是未阻塞）：scope incomplete","invocations":1,"location":null,"numPassingAsserts":2,"retryReasons":[],"status":"passed","title":"枚举外 blockedReason 是损坏（不是未阻塞）：scope incomplete"},{"ancestorTitles":["第六轮补严：枚举与聚合溢出"],"duration":1,"failureDetails":[],"failureMessages":[],"fullName":"第六轮补严：枚举与聚合溢出 task 非法 resource（不在官方 catalog）：无法定位 scope → globally-incomplete","invocations":1,"location":null,"numPassingAsserts":3,"retryReasons":[],"status":"passed","title":"task 非法 resource（不在官方 catalog）：无法定位 scope → globally-incomplete"},{"ancestorTitles":["第六轮补严：枚举与聚合溢出"],"duration":0,"failureDetails":[],"failureMessages":[],"fullName":"第六轮补严：枚举与聚合溢出 聚合溢出安全整数：多条合法 remainingAmount 相加溢出 → scope incomplete","invocations":1,"location":null,"numPassingAsserts":3,"retryReasons":[],"status":"passed","title":"聚合溢出安全整数：多条合法 remainingAmount 相加溢出 → scope incomplete"},{"ancestorTitles":["第六轮补严：枚举与聚合溢出"],"duration":0,"failureDetails":[],"failureMessages":[],"fullName":"第六轮补严：枚举与聚合溢出 reservation 聚合溢出：同 scope 多条相加溢出 → scope incomplete","invocations":1,"location":null,"numPassingAsserts":3,"retryReasons":[],"status":"passed","title":"reservation 聚合溢出：同 scope 多条相加溢出 → scope incomplete"},{"ancestorTitles":["第六轮 authorizationSafe 联合判定与 blockers"],"duration":1,"failureDetails":[],"failureMessages":[],"fullName":"第六轮 authorizationSafe 联合判定与 blockers clean/healthy：authorizationSafe=true 且无 blockers","invocations":1,"location":null,"numPassingAsserts":2,"retryReasons":[],"status":"passed","title":"clean/healthy：authorizationSafe=true 且无 blockers"},{"ancestorTitles":["第六轮 authorizationSafe 联合判定与 blockers"],"duration":1,"failureDetails":[],"failureMessages":[],"fullName":"第六轮 authorizationSafe 联合判定与 blockers kernel store 损坏（unhealthy fail closed）：authorizationSafe=false，blockers 指示，数值保留","invocations":1,"location":null,"numPassingAsserts":4,"retryReasons":[],"status":"passed","title":"kernel store 损坏（unhealthy fail closed）：authorizationSafe=false，blockers 指示，数值保留"},{"ancestorTitles":["第六轮 authorizationSafe 联合判定与 blockers"],"duration":1,"failureDetails":[],"failureMessages":[],"fullName":"第六轮 authorizationSafe 联合判定与 blockers kernel store 版本不兼容（incompatible ≠ unhealthy ≠ absent）：authorizationSafe=false","invocations":1,"location":null,"numPassingAsserts":2,"retryReasons":[],"status":"passed","title":"kernel store 版本不兼容（incompatible ≠ unhealthy ≠ absent）：authorizationSafe=false"},{"ancestorTitles":["第六轮 authorizationSafe 联合判定与 blockers"],"duration":1,"failureDetails":[],"failureMessages":[],"fullName":"第六轮 authorizationSafe 联合判定与 blockers 旧业务数据存在（legacy store present）：authorizationSafe=false 且 blockers 指示","invocations":1,"location":null,"numPassingAsserts":3,"retryReasons":[],"status":"passed","title":"旧业务数据存在（legacy store present）：authorizationSafe=false 且 blockers 指示"},{"ancestorTitles":["第六轮 authorizationSafe 联合判定与 blockers"],"duration":1,"failureDetails":[],"failureMessages":[],"fullName":"第六轮 authorizationSafe 联合判定与 blockers lifecycle closed（endTick 后）：authorizationSafe=false","invocations":1,"location":null,"numPassingAsserts":3,"retryReasons":[],"status":"passed","title":"lifecycle closed（endTick 后）：authorizationSafe=false"},{"ancestorTitles":["第六轮 authorizationSafe 联合判定与 blockers"],"duration":1,"failureDetails":[],"failureMessages":[],"fullName":"第六轮 authorizationSafe 联合判定与 blockers reservation migration 失败（malformed entry 阻断激活）：authorizationSafe=false，修复后恢复","invocations":1,"location":null,"numPassingAsserts":5,"retryReasons":[],"status":"passed","title":"reservation migration 失败（malformed entry 阻断激活）：authorizationSafe=false，修复后恢复"}],"endTime":1788622934919,"message":"","name":"D:\\code\\screeps\\screeps-bot\\src\\runtime\\treasury\\treasuryCommitmentCompleteness.test.ts","startTime":1788622934703,"status":"passed","summary":""},{"assertionResults":[{"ancestorTitles":["canonicalizeTreasuryActionArgs 确定性"],"duration":2,"failureDetails":[],"failureMessages":[],"fullName":"canonicalizeTreasuryActionArgs 确定性 相同语义、不同 key 插入顺序产生相同编码文本与 canonical 结构","invocations":1,"location":null,"numPassingAsserts":4,"retryReasons":[],"status":"passed","title":"相同语义、不同 key 插入顺序产生相同编码文本与 canonical 结构"},{"ancestorTitles":["canonicalizeTreasuryActionArgs 确定性"],"duration":1,"failureDetails":[],"failureMessages":[],"fullName":"canonicalizeTreasuryActionArgs 确定性 不同语义产生不同编码（值/键/嵌套/数组元素任一差异）","invocations":1,"location":null,"numPassingAsserts":4,"retryReasons":[],"status":"passed","title":"不同语义产生不同编码（值/键/嵌套/数组元素任一差异）"},{"ancestorTitles":["canonicalizeTreasuryActionArgs 确定性"],"duration":1,"failureDetails":[],"failureMessages":[],"fullName":"canonicalizeTreasuryActionArgs 确定性 数组顺序保持语义（不排序）；-0 与 0 区分编码","invocations":1,"location":null,"numPassingAsserts":3,"retryReasons":[],"status":"passed","title":"数组顺序保持语义（不排序）；-0 与 0 区分编码"},{"ancestorTitles":["canonicalizeTreasuryActionArgs 确定性"],"duration":1,"failureDetails":[],"failureMessages":[],"fullName":"canonicalizeTreasuryActionArgs 确定性 canonical 输出逐层冻结；调用方修改原 args 不影响编码文本","invocations":1,"location":null,"numPassingAsserts":4,"retryReasons":[],"status":"passed","title":"canonical 输出逐层冻结；调用方修改原 args 不影响编码文本"},{"ancestorTitles":["canonicalizeTreasuryActionArgs 拒绝集合（结构化拒绝零抛出）"],"duration":1,"failureDetails":[],"failureMessages":[],"fullName":"canonicalizeTreasuryActionArgs 拒绝集合（结构化拒绝零抛出） cyclic 对象与 cyclic 数组拒绝","invocations":1,"location":null,"numPassingAsserts":2,"retryReasons":[],"status":"passed","title":"cyclic 对象与 cyclic 数组拒绝"},{"ancestorTitles":["canonicalizeTreasuryActionArgs 拒绝集合（结构化拒绝零抛出）"],"duration":0,"failureDetails":[],"failureMessages":[],"fullName":"canonicalizeTreasuryActionArgs 拒绝集合（结构化拒绝零抛出） getter/setter 拒绝且 getter 不被副作用读取（读取计数为 0）","invocations":1,"location":null,"numPassingAsserts":3,"retryReasons":[],"status":"passed","title":"getter/setter 拒绝且 getter 不被副作用读取（读取计数为 0）"},{"ancestorTitles":["canonicalizeTreasuryActionArgs 拒绝集合（结构化拒绝零抛出）"],"duration":1,"failureDetails":[],"failureMessages":[],"fullName":"canonicalizeTreasuryActionArgs 拒绝集合（结构化拒绝零抛出） undefined / NaN / ±Infinity / function / symbol / bigint 拒绝（对象值与数组元素）","invocations":1,"location":null,"numPassingAsserts":9,"retryReasons":[],"status":"passed","title":"undefined / NaN / ±Infinity / function / symbol / bigint 拒绝（对象值与数组元素）"},{"ancestorTitles":["canonicalizeTreasuryActionArgs 拒绝集合（结构化拒绝零抛出）"],"duration":1,"failureDetails":[],"failureMessages":[],"fullName":"canonicalizeTreasuryActionArgs 拒绝集合（结构化拒绝零抛出） class instance / Date / Map / Set（非普通 prototype）拒绝","invocations":1,"location":null,"numPassingAsserts":4,"retryReasons":[],"status":"passed","title":"class instance / Date / Map / Set（非普通 prototype）拒绝"},{"ancestorTitles":["canonicalizeTreasuryActionArgs 拒绝集合（结构化拒绝零抛出）"],"duration":1,"failureDetails":[],"failureMessages":[],"fullName":"canonicalizeTreasuryActionArgs 拒绝集合（结构化拒绝零抛出） 稀疏数组与 symbol 键拒绝（静默丢弃不可接受）","invocations":1,"location":null,"numPassingAsserts":2,"retryReasons":[],"status":"passed","title":"稀疏数组与 symbol 键拒绝（静默丢弃不可接受）"},{"ancestorTitles":["canonicalizeTreasuryActionArgs 拒绝集合（结构化拒绝零抛出）"],"duration":1,"failureDetails":[],"failureMessages":[],"fullName":"canonicalizeTreasuryActionArgs 拒绝集合（结构化拒绝零抛出） 超深/超长编码/超长数组/超多键有界拒绝","invocations":1,"location":null,"numPassingAsserts":4,"retryReasons":[],"status":"passed","title":"超深/超长编码/超长数组/超多键有界拒绝"},{"ancestorTitles":["canonicalizeTreasuryActionArgs 拒绝集合（结构化拒绝零抛出）"],"duration":1,"failureDetails":[],"failureMessages":[],"fullName":"canonicalizeTreasuryActionArgs 拒绝集合（结构化拒绝零抛出） 拒绝结果携带结构化 detail（不抛出、不返回部分 canonical）","invocations":1,"location":null,"numPassingAsserts":4,"retryReasons":[],"status":"passed","title":"拒绝结果携带结构化 detail（不抛出、不返回部分 canonical）"},{"ancestorTitles":["canonicalization 反射异常边界（第十轮 3.12.12：Proxy trap 结构化拒绝）"],"duration":1,"failureDetails":[],"failureMessages":[],"fullName":"canonicalization 反射异常边界（第十轮 3.12.12：Proxy trap 结构化拒绝） revoked Proxy：结构化拒绝不抛出","invocations":1,"location":null,"numPassingAsserts":2,"retryReasons":[],"status":"passed","title":"revoked Proxy：结构化拒绝不抛出"},{"ancestorTitles":["canonicalization 反射异常边界（第十轮 3.12.12：Proxy trap 结构化拒绝）"],"duration":0,"failureDetails":[],"failureMessages":[],"fullName":"canonicalization 反射异常边界（第十轮 3.12.12：Proxy trap 结构化拒绝） throwing ownKeys trap：结构化拒绝","invocations":1,"location":null,"numPassingAsserts":2,"retryReasons":[],"status":"passed","title":"throwing ownKeys trap：结构化拒绝"},{"ancestorTitles":["canonicalization 反射异常边界（第十轮 3.12.12：Proxy trap 结构化拒绝）"],"duration":1,"failureDetails":[],"failureMessages":[],"fullName":"canonicalization 反射异常边界（第十轮 3.12.12：Proxy trap 结构化拒绝） throwing getPrototypeOf trap：结构化拒绝","invocations":1,"location":null,"numPassingAsserts":2,"retryReasons":[],"status":"passed","title":"throwing getPrototypeOf trap：结构化拒绝"},{"ancestorTitles":["canonicalization 反射异常边界（第十轮 3.12.12：Proxy trap 结构化拒绝）"],"duration":1,"failureDetails":[],"failureMessages":[],"fullName":"canonicalization 反射异常边界（第十轮 3.12.12：Proxy trap 结构化拒绝） throwing getOwnPropertyDescriptor trap：结构化拒绝（getter 零调用）","invocations":1,"location":null,"numPassingAsserts":3,"retryReasons":[],"status":"passed","title":"throwing getOwnPropertyDescriptor trap：结构化拒绝（getter 零调用）"},{"ancestorTitles":["canonicalization 反射异常边界（第十轮 3.12.12：Proxy trap 结构化拒绝）"],"duration":1,"failureDetails":[],"failureMessages":[],"fullName":"canonicalization 反射异常边界（第十轮 3.12.12：Proxy trap 结构化拒绝） throwing get trap（descriptor 合法但值读取抛错）：结构化拒绝","invocations":1,"location":null,"numPassingAsserts":2,"retryReasons":[],"status":"passed","title":"throwing get trap（descriptor 合法但值读取抛错）：结构化拒绝"},{"ancestorTitles":["canonicalization 反射异常边界（第十轮 3.12.12：Proxy trap 结构化拒绝）"],"duration":0,"failureDetails":[],"failureMessages":[],"fullName":"canonicalization 反射异常边界（第十轮 3.12.12：Proxy trap 结构化拒绝） throwing iterator（数组 for..of trap）：结构化拒绝","invocations":1,"location":null,"numPassingAsserts":1,"retryReasons":[],"status":"passed","title":"throwing iterator（数组 for..of trap）：结构化拒绝"},{"ancestorTitles":["canonicalization 反射异常边界（第十轮 3.12.12：Proxy trap 结构化拒绝）"],"duration":1,"failureDetails":[],"failureMessages":[],"fullName":"canonicalization 反射异常边界（第十轮 3.12.12：Proxy trap 结构化拒绝） rejection 零副作用：多次拒绝后正常输入仍可编码（无状态残留）","invocations":1,"location":null,"numPassingAsserts":3,"retryReasons":[],"status":"passed","title":"rejection 零副作用：多次拒绝后正常输入仍可编码（无状态残留）"}],"endTime":1788622935029,"message":"","name":"D:\\code\\screeps\\screeps-bot\\src\\runtime\\treasury\\treasuryCanonicalEncoding.test.ts","startTime":1788622934926,"status":"passed","summary":""},{"assertionResults":[{"ancestorTitles":["严格口径（strict projected）"],"duration":2,"failureDetails":[],"failureMessages":[],"fullName":"严格口径（strict projected） strictUsed + strictFree = physical capacity（不含风险扣减）；风险占用不进入严格口径","invocations":1,"location":null,"numPassingAsserts":4,"retryReasons":[],"status":"passed","title":"strictUsed + strictFree = physical capacity（不含风险扣减）；风险占用不进入严格口径"},{"ancestorTitles":["严格口径（strict projected）"],"duration":1,"failureDetails":[],"failureMessages":[],"fullName":"严格口径（strict projected） 旧名称兼容：projectedUsedCapacity = strict、projectedFreeCapacity = risk-adjusted","invocations":1,"location":null,"numPassingAsserts":2,"retryReasons":[],"status":"passed","title":"旧名称兼容：projectedUsedCapacity = strict、projectedFreeCapacity = risk-adjusted"},{"ancestorTitles":["risk-adjusted 口径"],"duration":1,"failureDetails":[],"failureMessages":[],"fullName":"risk-adjusted 口径 单独扣除 kernel unknown/closing 正流入占用（流出腿不释放空间、不抵消流入腿）","invocations":1,"location":null,"numPassingAsserts":2,"retryReasons":[],"status":"passed","title":"单独扣除 kernel unknown/closing 正流入占用（流出腿不释放空间、不抵消流入腿）"},{"ancestorTitles":["risk-adjusted 口径"],"duration":1,"failureDetails":[],"failureMessages":[],"fullName":"risk-adjusted 口径 receiver 视图双口径：strict 保持物理互补、riskAdjusted 扣风险（admission 用 risk）","invocations":1,"location":null,"numPassingAsserts":3,"retryReasons":[],"status":"passed","title":"receiver 视图双口径：strict 保持物理互补、riskAdjusted 扣风险（admission 用 risk）"}],"endTime":1788622935206,"message":"","name":"D:\\code\\screeps\\screeps-bot\\src\\runtime\\treasury\\treasuryCapacityViews.test.ts","startTime":1788622935033,"status":"passed","summary":""}],"wasInterrupted":false}
