{"numFailedTestSuites":0,"numFailedTests":0,"numPassedTestSuites":220,"numPassedTests":1228,"numPendingTestSuites":0,"numPendingTests":0,"numRuntimeErrorTestSuites":0,"numTodoTests":0,"numTotalTestSuites":220,"numTotalTests":1228,"openHandles":[],"snapshot":{"added":0,"didUpdate":false,"failure":false,"filesAdded":0,"filesRemoved":0,"filesRemovedList":[],"filesUnmatched":0,"filesUpdated":0,"matched":0,"total":0,"unchecked":0,"uncheckedKeysByFile":[],"unmatched":0,"updated":0},"startTime":1788624982816,"success":true,"testResults":[{"assertionResults":[{"ancestorTitles":["压力：接收容量竞争序列（Core Rewrite II §7.5）"],"duration":2240,"failureDetails":[],"failureMessages":[],"fullName":"压力：接收容量竞争序列（Core Rewrite II §7.5） 连续 unknown 流入逐步压缩接收容量：可用额度单调下降、超额全拒","invocations":1,"location":null,"numPassingAsserts":202,"retryReasons":[],"status":"passed","title":"连续 unknown 流入逐步压缩接收容量：可用额度单调下降、超额全拒"},{"ancestorTitles":["压力：pending sweep 取消流（Core Rewrite II §7.5）"],"duration":4926,"failureDetails":[],"failureMessages":[],"fullName":"压力：pending sweep 取消流（Core Rewrite II §7.5） 500 项 pending 跨 tick 全部安全取消：零真实调用、槽位回收、ring 有界","invocations":1,"location":null,"numPassingAsserts":514,"retryReasons":[],"status":"passed","title":"500 项 pending 跨 tick 全部安全取消：零真实调用、槽位回收、ring 有界"},{"ancestorTitles":["压力：高吞吐完成生命周期"],"duration":105285,"failureDetails":[],"failureMessages":[],"fullName":"压力：高吞吐完成生命周期 10,000 项完成工作：副作用恰 10,000 次、ring 有界、终态体积有界","invocations":1,"location":null,"numPassingAsserts":6,"retryReasons":[],"status":"passed","title":"10,000 项完成工作：副作用恰 10,000 次、ring 有界、终态体积有界"},{"ancestorTitles":["压力：长 retry 链"],"duration":11390,"failureDetails":[],"failureMessages":[],"fullName":"压力：长 retry 链 1,000 次合法 retry 单链：每代新 ID、旧代退出、无重复执行","invocations":1,"location":null,"numPassingAsserts":1004,"retryReasons":[],"status":"passed","title":"1,000 次合法 retry 单链：每代新 ID、旧代退出、无重复执行"},{"ancestorTitles":["压力：固定长期 unknown 的混合负载"],"duration":53580,"failureDetails":[],"failureMessages":[],"fullName":"压力：固定长期 unknown 的混合负载 1 笔 unknown + 5,000 正常完成：unknown 有界保留、其余正常退出","invocations":1,"location":null,"numPassingAsserts":4,"retryReasons":[],"status":"passed","title":"1 笔 unknown + 5,000 正常完成：unknown 有界保留、其余正常退出"},{"ancestorTitles":["压力：满载与最坏记录"],"duration":3,"failureDetails":[],"failureMessages":[],"fullName":"压力：满载与最坏记录 满 active + 满 ring + 最坏记录体积：新工作拒绝、总量有界","invocations":1,"location":null,"numPassingAsserts":3,"retryReasons":[],"status":"passed","title":"满 active + 满 ring + 最坏记录体积：新工作拒绝、总量有界"},{"ancestorTitles":["小型参考模型对比（2 槽 / 2 资源）"],"duration":383,"failureDetails":[],"failureMessages":[],"fullName":"小型参考模型对比（2 槽 / 2 资源） 随机事件序列下，生产 kernel 与参考模型的安全判定一致","invocations":1,"location":null,"numPassingAsserts":565,"retryReasons":[],"status":"passed","title":"随机事件序列下，生产 kernel 与参考模型的安全判定一致"},{"ancestorTitles":["小型参考模型对比（2 槽 / 2 资源）"],"duration":1,"failureDetails":[],"failureMessages":[],"fullName":"小型参考模型对比（2 槽 / 2 资源） 参考模型独立验证：unknown 不释放、关闭工作可退出、历史淘汰不改变许可","invocations":1,"location":null,"numPassingAsserts":5,"retryReasons":[],"status":"passed","title":"参考模型独立验证：unknown 不释放、关闭工作可退出、历史淘汰不改变许可"}],"endTime":1788625163699,"message":"","name":"D:\\code\\screeps\\screeps-bot\\src\\runtime\\treasury\\treasuryKernelStress.test.ts","startTime":1788624983047,"status":"passed","summary":""},{"assertionResults":[{"ancestorTitles":["marketBaseResourcePermit"],"duration":7306,"failureDetails":[],"failureMessages":[],"fullName":"marketBaseResourcePermit 数千 generations 的纯批量 compaction 保持 checkpoint JSON 常数尺寸","invocations":1,"location":null,"numPassingAsserts":7,"retryReasons":[],"status":"passed","title":"数千 generations 的纯批量 compaction 保持 checkpoint JSON 常数尺寸"},{"ancestorTitles":["marketBaseResourcePermit"],"duration":56904,"failureDetails":[],"failureMessages":[],"fullName":"marketBaseResourcePermit 64-record suffix 压缩保留 ratchet checkpoint，单边篡改失败","invocations":1,"location":null,"numPassingAsserts":5,"retryReasons":[],"status":"passed","title":"64-record suffix 压缩保留 ratchet checkpoint，单边篡改失败"}],"endTime":1788625228087,"message":"","name":"D:\\code\\screeps\\screeps-bot\\src\\runtime\\marketBaseResourcePermit.test.ts","startTime":1788625163706,"status":"passed","summary":""},{"assertionResults":[{"ancestorTitles":["local dispatch performance baseline"],"duration":24798,"failureDetails":[],"failureMessages":[],"fullName":"local dispatch performance baseline records current timing observations and gates deterministic complexity","invocations":1,"location":null,"numPassingAsserts":5412,"retryReasons":[],"status":"passed","title":"records current timing observations and gates deterministic complexity"}],"endTime":1788625253100,"message":"","name":"D:\\code\\screeps\\screeps-bot\\test\\localDispatchPerformanceBaseline.test.ts","startTime":1788625228093,"status":"passed","summary":""},{"assertionResults":[{"ancestorTitles":["Market Base V3 运行时重合同（高风险决策/WAL/证据隔离/observe 投影）"],"duration":17896,"failureDetails":[],"failureMessages":[],"fullName":"Market Base V3 运行时重合同（高风险决策/WAL/证据隔离/observe 投影） 覆盖最高净价/二读 CAS/retirement、WAL CPU fallback 与证据生命周期、候选证据隔离与动态地板投影","invocations":1,"location":null,"numPassingAsserts":99,"retryReasons":[],"status":"passed","title":"覆盖最高净价/二读 CAS/retirement、WAL CPU fallback 与证据生命周期、候选证据隔离与动态地板投影"},{"ancestorTitles":["Market Base policy migration 重合同（re-sign 常量升级）"],"duration":5560,"failureDetails":[],"failureMessages":[],"fullName":"Market Base policy migration 重合同（re-sign 常量升级） round-trip/tombstone 零损失保留，cfg/canary/闩锁/源变化五类拒绝覆盖同一合同面","invocations":1,"location":null,"numPassingAsserts":51,"retryReasons":[],"status":"passed","title":"round-trip/tombstone 零损失保留，cfg/canary/闩锁/源变化五类拒绝覆盖同一合同面"}],"endTime":1788625277082,"message":"","name":"D:\\code\\screeps\\screeps-bot\\src\\runtime\\marketBaseResourceAutomation.test.ts","startTime":1788625253132,"status":"passed","summary":""},{"assertionResults":[{"ancestorTitles":["Memory declaration ownership boundaries"],"duration":3355,"failureDetails":[],"failureMessages":[],"fullName":"Memory declaration ownership boundaries central Memory inventory owns four optional named root references","invocations":1,"location":null,"numPassingAsserts":31,"retryReasons":[],"status":"passed","title":"central Memory inventory owns four optional named root references"},{"ancestorTitles":["Memory declaration ownership boundaries"],"duration":33,"failureDetails":[],"failureMessages":[],"fullName":"Memory declaration ownership boundaries branch declarations are external type-only modules with the frozen field inventories","invocations":1,"location":null,"numPassingAsserts":1,"retryReasons":[],"status":"passed","title":"branch declarations are external type-only modules with the frozen field inventories"},{"ancestorTitles":["Memory declaration ownership boundaries"],"duration":5691,"failureDetails":[],"failureMessages":[],"fullName":"Memory declaration ownership boundaries build and workspace Programs include the central and four branch declarations","invocations":1,"location":null,"numPassingAsserts":1,"retryReasons":[],"status":"passed","title":"build and workspace Programs include the central and four branch declarations"},{"ancestorTitles":["Memory declaration ownership boundaries"],"duration":2455,"failureDetails":[],"failureMessages":[],"fullName":"Memory declaration ownership boundaries no production declaration repeats a Memory root binding","invocations":1,"location":null,"numPassingAsserts":1,"retryReasons":[],"status":"passed","title":"no production declaration repeats a Memory root binding"},{"ancestorTitles":["Memory declaration ownership boundaries"],"duration":2598,"failureDetails":[],"failureMessages":[],"fullName":"Memory declaration ownership boundaries named branch augmentations use optional properties with a single owner","invocations":1,"location":null,"numPassingAsserts":1,"retryReasons":[],"status":"passed","title":"named branch augmentations use optional properties with a single owner"},{"ancestorTitles":["Memory declaration ownership boundaries"],"duration":2442,"failureDetails":[],"failureMessages":[],"fullName":"Memory declaration ownership boundaries named roots preserve NonNullable aliases, deep fields, and augmentation","invocations":1,"location":null,"numPassingAsserts":2,"retryReasons":[],"status":"passed","title":"named roots preserve NonNullable aliases, deep fields, and augmentation"}],"endTime":1788625293977,"message":"","name":"D:\\code\\screeps\\screeps-bot\\test\\memoryDeclarationBoundaries.test.ts","startTime":1788625277087,"status":"passed","summary":""},{"assertionResults":[{"ancestorTitles":["ambient global ABI ownership boundaries"],"duration":1421,"failureDetails":[],"failureMessages":[],"fullName":"ambient global ABI ownership boundaries write scanner recognizes static aliases and rejects indirect install protocols","invocations":1,"location":null,"numPassingAsserts":29,"retryReasons":[],"status":"passed","title":"write scanner recognizes static aliases and rejects indirect install protocols"},{"ancestorTitles":["ambient global ABI ownership boundaries"],"duration":2,"failureDetails":[],"failureMessages":[],"fullName":"ambient global ABI ownership boundaries ambient scanner distinguishes declare global from script and module-local declarations","invocations":1,"location":null,"numPassingAsserts":2,"retryReasons":[],"status":"passed","title":"ambient scanner distinguishes declare global from script and module-local declarations"},{"ancestorTitles":["ambient global ABI ownership boundaries"],"duration":7506,"failureDetails":[],"failureMessages":[],"fullName":"ambient global ABI ownership boundaries production global writes and declare global expose the same public ABI","invocations":1,"location":null,"numPassingAsserts":1,"retryReasons":[],"status":"passed","title":"production global writes and declare global expose the same public ABI"},{"ancestorTitles":["ambient global ABI ownership boundaries"],"duration":2083,"failureDetails":[],"failureMessages":[],"fullName":"ambient global ABI ownership boundaries global declaration contains no dead NodeJS.Global or module-local lodash mirror","invocations":1,"location":null,"numPassingAsserts":4,"retryReasons":[],"status":"passed","title":"global declaration contains no dead NodeJS.Global or module-local lodash mirror"},{"ancestorTitles":["ambient global ABI ownership boundaries"],"duration":2449,"failureDetails":[],"failureMessages":[],"fullName":"ambient global ABI ownership boundaries public command signatures match their exported installers and planner runtime","invocations":1,"location":null,"numPassingAsserts":1,"retryReasons":[],"status":"passed","title":"public command signatures match their exported installers and planner runtime"}],"endTime":1788625307570,"message":"","name":"D:\\code\\screeps\\screeps-bot\\test\\ambientGlobalAbiBoundaries.test.ts","startTime":1788625293987,"status":"passed","summary":""},{"assertionResults":[{"ancestorTitles":["monitor-service ResourceControl terminal headroom projection"],"duration":546,"failureDetails":[],"failureMessages":[],"fullName":"monitor-service ResourceControl terminal headroom projection 投影容量策略、receiver 统计和逐房 headroom 诊断","invocations":1,"location":null,"numPassingAsserts":17,"retryReasons":[],"status":"passed","title":"投影容量策略、receiver 统计和逐房 headroom 诊断"},{"ancestorTitles":["monitor-service Hub protection projection"],"duration":9092,"failureDetails":[],"failureMessages":[],"fullName":"monitor-service Hub protection projection 损坏 Memory 的超长字符串与整行日志均被硬截断","invocations":1,"location":null,"numPassingAsserts":108,"retryReasons":[],"status":"passed","title":"损坏 Memory 的超长字符串与整行日志均被硬截断"}],"endTime":1788625317309,"message":"","name":"D:\\code\\screeps\\screeps-bot\\scripts\\monitor-service.test.ts","startTime":1788625307581,"status":"passed","summary":""},{"assertionResults":[{"ancestorTitles":["TypeScript build/test boundaries"],"duration":1936,"failureDetails":[],"failureMessages":[],"fullName":"TypeScript build/test boundaries production config contains runtime sources without tests or test ambient types","invocations":1,"location":null,"numPassingAsserts":5,"retryReasons":[],"status":"passed","title":"production config contains runtime sources without tests or test ambient types"},{"ancestorTitles":["TypeScript build/test boundaries"],"duration":3726,"failureDetails":[],"failureMessages":[],"fullName":"TypeScript build/test boundaries workspace config covers every TypeScript Jest source including monitor service","invocations":1,"location":null,"numPassingAsserts":664,"retryReasons":[],"status":"passed","title":"workspace config covers every TypeScript Jest source including monitor service"},{"ancestorTitles":["TypeScript build/test boundaries"],"duration":1606,"failureDetails":[],"failureMessages":[],"fullName":"TypeScript build/test boundaries runtime TypeScript and legacy JavaScript cannot import test or script modules","invocations":1,"location":null,"numPassingAsserts":1,"retryReasons":[],"status":"passed","title":"runtime TypeScript and legacy JavaScript cannot import test or script modules"},{"ancestorTitles":["TypeScript build/test boundaries"],"duration":4,"failureDetails":[],"failureMessages":[],"fullName":"TypeScript build/test boundaries Rollup and package scripts use the explicit production boundary","invocations":1,"location":null,"numPassingAsserts":4,"retryReasons":[],"status":"passed","title":"Rollup and package scripts use the explicit production boundary"}],"endTime":1788625324725,"message":"","name":"D:\\code\\screeps\\screeps-bot\\test\\typescriptConfigBoundaries.test.ts","startTime":1788625317318,"status":"passed","summary":""},{"assertionResults":[{"ancestorTitles":["local dispatch ownership architecture boundaries"],"duration":12,"failureDetails":[],"failureMessages":[],"fullName":"local dispatch ownership architecture boundaries production source inventory includes mixed Rollup JavaScript","invocations":1,"location":null,"numPassingAsserts":5,"retryReasons":[],"status":"passed","title":"production source inventory includes mixed Rollup JavaScript"},{"ancestorTitles":["local dispatch ownership architecture boundaries"],"duration":543,"failureDetails":[],"failureMessages":[],"fullName":"local dispatch ownership architecture boundaries dispatch only type-imports TaskSystem WorkRef and TaskSystem core never depends back","invocations":1,"location":null,"numPassingAsserts":1,"retryReasons":[],"status":"passed","title":"dispatch only type-imports TaskSystem WorkRef and TaskSystem core never depends back"},{"ancestorTitles":["local dispatch ownership architecture boundaries"],"duration":521,"failureDetails":[],"failureMessages":[],"fullName":"local dispatch ownership architecture boundaries TaskSystem adapters can consume local-dispatch read DTOs but not commands or kernels","invocations":1,"location":null,"numPassingAsserts":1,"retryReasons":[],"status":"passed","title":"TaskSystem adapters can consume local-dispatch read DTOs but not commands or kernels"},{"ancestorTitles":["local dispatch ownership architecture boundaries"],"duration":1544,"failureDetails":[],"failureMessages":[],"fullName":"local dispatch ownership architecture boundaries canonical identity, Worker assignees, and Carrier identity have only approved writers","invocations":1,"location":null,"numPassingAsserts":6,"retryReasons":[],"status":"passed","title":"canonical identity, Worker assignees, and Carrier identity have only approved writers"},{"ancestorTitles":["local dispatch ownership architecture boundaries"],"duration":532,"failureDetails":[],"failureMessages":[],"fullName":"local dispatch ownership architecture boundaries production cannot import mutable room gateways or local-dispatch test helpers","invocations":1,"location":null,"numPassingAsserts":1,"retryReasons":[],"status":"passed","title":"production cannot import mutable room gateways or local-dispatch test helpers"},{"ancestorTitles":["local dispatch ownership architecture boundaries"],"duration":6,"failureDetails":[],"failureMessages":[],"fullName":"local dispatch ownership architecture boundaries dispatch does not declare contracts, leases, agents, reservations, arbiters, or generic managers","invocations":1,"location":null,"numPassingAsserts":1,"retryReasons":[],"status":"passed","title":"dispatch does not declare contracts, leases, agents, reservations, arbiters, or generic managers"},{"ancestorTitles":["local dispatch ownership architecture boundaries"],"duration":3,"failureDetails":[],"failureMessages":[],"fullName":"local dispatch ownership architecture boundaries AST calibration catches forbidden edges and capabilities without matching prose","invocations":1,"location":null,"numPassingAsserts":11,"retryReasons":[],"status":"passed","title":"AST calibration catches forbidden edges and capabilities without matching prose"},{"ancestorTitles":["local dispatch ownership architecture boundaries"],"duration":1,"failureDetails":[],"failureMessages":[],"fullName":"local dispatch ownership architecture boundaries module scanner recognizes ESM, CommonJS, dynamic, and type-only forms","invocations":1,"location":null,"numPassingAsserts":1,"retryReasons":[],"status":"passed","title":"module scanner recognizes ESM, CommonJS, dynamic, and type-only forms"}],"endTime":1788625330443,"message":"","name":"D:\\code\\screeps\\screeps-bot\\test\\localDispatchArchitectureBoundaries.test.ts","startTime":1788625324733,"status":"passed","summary":""},{"assertionResults":[{"ancestorTitles":["B03 每 attempt 实际进入至多一次"],"duration":6,"failureDetails":[],"failureMessages":[],"fullName":"B03 每 attempt 实际进入至多一次 同 tick 重复 execute：第二次拒绝，真实调用 1 次，无额外占用变动","invocations":1,"location":null,"numPassingAsserts":6,"retryReasons":[],"status":"passed","title":"同 tick 重复 execute：第二次拒绝，真实调用 1 次，无额外占用变动"},{"ancestorTitles":["B03 每 attempt 实际进入至多一次"],"duration":3,"failureDetails":[],"failureMessages":[],"fullName":"B03 每 attempt 实际进入至多一次 execute 内重入（adapter 回调中再次 dispatch 同 permit）：重入拒绝，真实调用 1 次","invocations":1,"location":null,"numPassingAsserts":5,"retryReasons":[],"status":"passed","title":"execute 内重入（adapter 回调中再次 dispatch 同 permit）：重入拒绝，真实调用 1 次"},{"ancestorTitles":["B03 每 attempt 实际进入至多一次"],"duration":2,"failureDetails":[],"failureMessages":[],"fullName":"B03 每 attempt 实际进入至多一次 克隆真 dispatch 许可（字段全对的新对象）：拒绝——对象身份即凭证（WeakSet 注册）","invocations":1,"location":null,"numPassingAsserts":6,"retryReasons":[],"status":"passed","title":"克隆真 dispatch 许可（字段全对的新对象）：拒绝——对象身份即凭证（WeakSet 注册）"},{"ancestorTitles":["B03 每 attempt 实际进入至多一次"],"duration":3,"failureDetails":[],"failureMessages":[],"fullName":"B03 每 attempt 实际进入至多一次 多 facade 同 Memory：同 permit 第二个 facade 执行被拒（模块级消费注册共享）","invocations":1,"location":null,"numPassingAsserts":5,"retryReasons":[],"status":"passed","title":"多 facade 同 Memory：同 permit 第二个 facade 执行被拒（模块级消费注册共享）"},{"ancestorTitles":["B12 跨 tick 失效 pending 的安全取消（sweep）"],"duration":565,"failureDetails":[],"failureMessages":[],"fullName":"B12 跨 tick 失效 pending 的安全取消（sweep） 64 项接纳不 dispatch：调用总计 0，按预算安全取消，槽位最终恢复可用","invocations":1,"location":null,"numPassingAsserts":136,"retryReasons":[],"status":"passed","title":"64 项接纳不 dispatch：调用总计 0，按预算安全取消，槽位最终恢复可用"},{"ancestorTitles":["B12 跨 tick 失效 pending 的安全取消（sweep）"],"duration":3,"failureDetails":[],"failureMessages":[],"fullName":"B12 跨 tick 失效 pending 的安全取消（sweep） 同 tick 接纳的 pending 不被当作旧残留（admittedAtTick === nowTick）","invocations":1,"location":null,"numPassingAsserts":5,"retryReasons":[],"status":"passed","title":"同 tick 接纳的 pending 不被当作旧残留（admittedAtTick === nowTick）"},{"ancestorTitles":["B13 显式取消与 dispatch 的竞争"],"duration":4,"failureDetails":[],"failureMessages":[],"fullName":"B13 显式取消与 dispatch 的竞争 pending 显式取消成功：旧 permit 永不可执行，记录退出（ring abandoned）","invocations":1,"location":null,"numPassingAsserts":9,"retryReasons":[],"status":"passed","title":"pending 显式取消成功：旧 permit 永不可执行，记录退出（ring abandoned）"},{"ancestorTitles":["B13 显式取消与 dispatch 的竞争"],"duration":3,"failureDetails":[],"failureMessages":[],"fullName":"B13 显式取消与 dispatch 的竞争 dispatching/unknown 不能被取消成未执行（只有确定未开始可取消）","invocations":1,"location":null,"numPassingAsserts":6,"retryReasons":[],"status":"passed","title":"dispatching/unknown 不能被取消成未执行（只有确定未开始可取消）"},{"ancestorTitles":["B13 显式取消与 dispatch 的竞争"],"duration":4,"failureDetails":[],"failureMessages":[],"fullName":"B13 显式取消与 dispatch 的竞争 取消确认写失败：不释放占用、不报告完成；重放取消成功后才退出","invocations":1,"location":null,"numPassingAsserts":8,"retryReasons":[],"status":"passed","title":"取消确认写失败：不释放占用、不报告完成；重放取消成功后才退出"},{"ancestorTitles":["B13 显式取消与 dispatch 的竞争"],"duration":3,"failureDetails":[],"failureMessages":[],"fullName":"B13 显式取消与 dispatch 的竞争 取消带清理义务的 pending：进入 closing，义务经释放端口确认后退出（无 rearm）","invocations":1,"location":null,"numPassingAsserts":4,"retryReasons":[],"status":"passed","title":"取消带清理义务的 pending：进入 closing，义务经释放端口确认后退出（无 rearm）"},{"ancestorTitles":["B19 满载最坏状态的总预算与收尾余量"],"duration":68,"failureDetails":[],"failureMessages":[],"fullName":"B19 满载最坏状态的总预算与收尾余量 满 active + 满 ring + 全字段最大值 + 最坏 unknown/closing：总序列化 ≤ 预算，新增拒绝，已接纳可收尾","invocations":1,"location":null,"numPassingAsserts":7,"retryReasons":[],"status":"passed","title":"满 active + 满 ring + 全字段最大值 + 最坏 unknown/closing：总序列化 ≤ 预算，新增拒绝，已接纳可收尾"},{"ancestorTitles":["B25 完整 reset 的断点语义与旧许可回放"],"duration":21,"failureDetails":[],"failureMessages":[],"fullName":"B25 完整 reset 的断点语义与旧许可回放 断点：pending（未 dispatch）——reset 后旧 permit 拒绝，跨 tick sweep 取消，宿主轨迹零调用","invocations":1,"location":null,"numPassingAsserts":6,"retryReasons":[],"status":"passed","title":"断点：pending（未 dispatch）——reset 后旧 permit 拒绝，跨 tick sweep 取消，宿主轨迹零调用"},{"ancestorTitles":["B25 完整 reset 的断点语义与旧许可回放"],"duration":17,"failureDetails":[],"failureMessages":[],"fullName":"B25 完整 reset 的断点语义与旧许可回放 断点：动作已进入、结果写回前（dispatching）——reset 后保守化 unknown，不重发（真调用不变）","invocations":1,"location":null,"numPassingAsserts":5,"retryReasons":[],"status":"passed","title":"断点：动作已进入、结果写回前（dispatching）——reset 后保守化 unknown，不重发（真调用不变）"},{"ancestorTitles":["B25 完整 reset 的断点语义与旧许可回放"],"duration":18,"failureDetails":[],"failureMessages":[],"fullName":"B25 完整 reset 的断点语义与旧许可回放 断点：释放成功但确认未写回——reset 后 duty 保留，同一 (key, attemptId) 幂等重试","invocations":1,"location":null,"numPassingAsserts":3,"retryReasons":[],"status":"passed","title":"断点：释放成功但确认未写回——reset 后 duty 保留，同一 (key, attemptId) 幂等重试"},{"ancestorTitles":["B25 完整 reset 的断点语义与旧许可回放"],"duration":20,"failureDetails":[],"failureMessages":[],"fullName":"B25 完整 reset 的断点语义与旧许可回放 旧 rearm capability 回放：新 runtime 拒绝（不创建 child）","invocations":1,"location":null,"numPassingAsserts":7,"retryReasons":[],"status":"passed","title":"旧 rearm capability 回放：新 runtime 拒绝（不创建 child）"},{"ancestorTitles":["B25 完整 reset 的断点语义与旧许可回放"],"duration":18,"failureDetails":[],"failureMessages":[],"fullName":"B25 完整 reset 的断点语义与旧许可回放 reconciler 跨 reset：stable semantic identity 相同——settle 从持久事实推进","invocations":1,"location":null,"numPassingAsserts":5,"retryReasons":[],"status":"passed","title":"reconciler 跨 reset：stable semantic identity 相同——settle 从持久事实推进"},{"ancestorTitles":["B25 完整 reset 的断点语义与旧许可回放"],"duration":25,"failureDetails":[],"failureMessages":[],"fullName":"B25 完整 reset 的断点语义与旧许可回放 reconciler 语义变化（semantic identity 不同）：settle 拒绝，unknown 保留","invocations":1,"location":null,"numPassingAsserts":4,"retryReasons":[],"status":"passed","title":"reconciler 语义变化（semantic identity 不同）：settle 拒绝，unknown 保留"},{"ancestorTitles":["B26 有界性综合（长期 unknown / 完成流 / retry 链）"],"duration":3340,"failureDetails":[],"failureMessages":[],"fullName":"B26 有界性综合（长期 unknown / 完成流 / retry 链） 1 笔长期 unknown + 300 笔完成 + 40 代 retry 链：unknown 有界、ring ≤128、无逐代永久记录","invocations":1,"location":null,"numPassingAsserts":1109,"retryReasons":[],"status":"passed","title":"1 笔长期 unknown + 300 笔完成 + 40 代 retry 链：unknown 有界、ring ≤128、无逐代永久记录"}],"endTime":1788625334694,"message":"","name":"D:\\code\\screeps\\screeps-bot\\src\\runtime\\treasury\\treasuryRewrite2Lifecycle.test.ts","startTime":1788625330449,"status":"passed","summary":""},{"assertionResults":[{"ancestorTitles":["unified task system architecture boundaries"],"duration":3,"failureDetails":[],"failureMessages":[],"fullName":"unified task system architecture boundaries registry has one static adapter entry for every independent canonical system oracle","invocations":1,"location":null,"numPassingAsserts":30,"retryReasons":[],"status":"passed","title":"registry has one static adapter entry for every independent canonical system oracle"},{"ancestorTitles":["unified task system architecture boundaries"],"duration":3,"failureDetails":[],"failureMessages":[],"fullName":"unified task system architecture boundaries catalog and registry keep plans, authorization primitives, and market transactions excluded","invocations":1,"location":null,"numPassingAsserts":5,"retryReasons":[],"status":"passed","title":"catalog and registry keep plans, authorization primitives, and market transactions excluded"},{"ancestorTitles":["unified task system architecture boundaries"],"duration":5,"failureDetails":[],"failureMessages":[],"fullName":"unified task system architecture boundaries Rollup production .js/.mjs/.cjs is parsed alongside the TypeScript Program","invocations":1,"location":null,"numPassingAsserts":5,"retryReasons":[],"status":"passed","title":"Rollup production .js/.mjs/.cjs is parsed alongside the TypeScript Program"},{"ancestorTitles":["unified task system architecture boundaries"],"duration":517,"failureDetails":[],"failureMessages":[],"fullName":"unified task system architecture boundaries production modules outside taskSystem cannot import, re-export, or require projection internals","invocations":1,"location":null,"numPassingAsserts":1,"retryReasons":[],"status":"passed","title":"production modules outside taskSystem cannot import, re-export, or require projection internals"},{"ancestorTitles":["unified task system architecture boundaries"],"duration":26,"failureDetails":[],"failureMessages":[],"fullName":"unified task system architecture boundaries taskSystem internals follow the catalog-to-snapshot one-way dependency layers","invocations":1,"location":null,"numPassingAsserts":3,"retryReasons":[],"status":"passed","title":"taskSystem internals follow the catalog-to-snapshot one-way dependency layers"},{"ancestorTitles":["unified task system architecture boundaries"],"duration":508,"failureDetails":[],"failureMessages":[],"fullName":"unified task system architecture boundaries taskSystem implementation is not runtime-reachable from main","invocations":1,"location":null,"numPassingAsserts":2,"retryReasons":[],"status":"passed","title":"taskSystem implementation is not runtime-reachable from main"},{"ancestorTitles":["unified task system architecture boundaries"],"duration":17,"failureDetails":[],"failureMessages":[],"fullName":"unified task system architecture boundaries unified task system namespace does not declare logistics ownership capabilities","invocations":1,"location":null,"numPassingAsserts":1,"retryReasons":[],"status":"passed","title":"unified task system namespace does not declare logistics ownership capabilities"},{"ancestorTitles":["unified task system architecture boundaries"],"duration":3,"failureDetails":[],"failureMessages":[],"fullName":"unified task system architecture boundaries AST calibration detects dependency syntax and declarations without matching prose or data","invocations":1,"location":null,"numPassingAsserts":16,"retryReasons":[],"status":"passed","title":"AST calibration detects dependency syntax and declarations without matching prose or data"}],"endTime":1788625337805,"message":"","name":"D:\\code\\screeps\\screeps-bot\\test\\taskSystemArchitectureBoundaries.test.ts","startTime":1788625334699,"status":"passed","summary":""},{"assertionResults":[{"ancestorTitles":["role identity catalog architecture boundaries"],"duration":3,"failureDetails":[],"failureMessages":[],"fullName":"role identity catalog architecture boundaries all inspected files belong to the production TypeScript Program","invocations":1,"location":null,"numPassingAsserts":1,"retryReasons":[],"status":"passed","title":"all inspected files belong to the production TypeScript Program"},{"ancestorTitles":["role identity catalog architecture boundaries"],"duration":26,"failureDetails":[],"failureMessages":[],"fullName":"role identity catalog architecture boundaries catalog is dependency-free and contains only the canonical identity statuses","invocations":1,"location":null,"numPassingAsserts":8,"retryReasons":[],"status":"passed","title":"catalog is dependency-free and contains only the canonical identity statuses"},{"ancestorTitles":["role identity catalog architecture boundaries"],"duration":1,"failureDetails":[],"failureMessages":[],"fullName":"role identity catalog architecture boundaries system keeps the RoleName import ABI by type-re-exporting the catalog type","invocations":1,"location":null,"numPassingAsserts":4,"retryReasons":[],"status":"passed","title":"system keeps the RoleName import ABI by type-re-exporting the catalog type"},{"ancestorTitles":["role identity catalog architecture boundaries"],"duration":2,"failureDetails":[],"failureMessages":[],"fullName":"role identity catalog architecture boundaries catalog, role registry, and spawn profiles expose the same exact role keys","invocations":1,"location":null,"numPassingAsserts":5,"retryReasons":[],"status":"passed","title":"catalog, role registry, and spawn profiles expose the same exact role keys"},{"ancestorTitles":["role identity catalog architecture boundaries"],"duration":7,"failureDetails":[],"failureMessages":[],"fullName":"role identity catalog architecture boundaries memory cleanup validates config roles through the catalog guard","invocations":1,"location":null,"numPassingAsserts":4,"retryReasons":[],"status":"passed","title":"memory cleanup validates config roles through the catalog guard"}],"endTime":1788625340652,"message":"","name":"D:\\code\\screeps\\screeps-bot\\test\\roleIdentityCatalogBoundaries.test.ts","startTime":1788625337809,"status":"passed","summary":""},{"assertionResults":[{"ancestorTitles":["task system core and catalog architecture boundaries"],"duration":3,"failureDetails":[],"failureMessages":[],"fullName":"task system core and catalog architecture boundaries catalog has exact static systems and capability-only fields","invocations":1,"location":null,"numPassingAsserts":15,"retryReasons":[],"status":"passed","title":"catalog has exact static systems and capability-only fields"},{"ancestorTitles":["task system core and catalog architecture boundaries"],"duration":43,"failureDetails":[],"failureMessages":[],"fullName":"task system core and catalog architecture boundaries model and catalog remain pure production modules without domain or Screeps dependencies","invocations":1,"location":null,"numPassingAsserts":7,"retryReasons":[],"status":"passed","title":"model and catalog remain pure production modules without domain or Screeps dependencies"},{"ancestorTitles":["task system core and catalog architecture boundaries"],"duration":6,"failureDetails":[],"failureMessages":[],"fullName":"task system core and catalog architecture boundaries WorkRef includes namespace and WorkScope is a structured discriminated union","invocations":1,"location":null,"numPassingAsserts":10,"retryReasons":[],"status":"passed","title":"WorkRef includes namespace and WorkScope is a structured discriminated union"},{"ancestorTitles":["task system core and catalog architecture boundaries"],"duration":2,"failureDetails":[],"failureMessages":[],"fullName":"task system core and catalog architecture boundaries adapter and result public contracts expose only read capability","invocations":1,"location":null,"numPassingAsserts":3,"retryReasons":[],"status":"passed","title":"adapter and result public contracts expose only read capability"}],"endTime":1788625343324,"message":"","name":"D:\\code\\screeps\\screeps-bot\\test\\taskSystemCatalogBoundaries.test.ts","startTime":1788625340658,"status":"passed","summary":""},{"assertionResults":[{"ancestorTitles":["marketSaleAutomation 编排"],"duration":10,"failureDetails":[],"failureMessages":[],"fullName":"marketSaleAutomation 编排 unknown disappearance 只能由 exact-ID operator 分类收敛，server expiry 必须核验退款","invocations":1,"location":null,"numPassingAsserts":9,"retryReasons":[],"status":"passed","title":"unknown disappearance 只能由 exact-ID operator 分类收敛，server expiry 必须核验退款"},{"ancestorTitles":["marketSaleAutomation 编排"],"duration":1425,"failureDetails":[],"failureMessages":[],"fullName":"marketSaleAutomation 编排 首个 V3 proposal 跨 tick pending 时始终 pin V2 dispatcher，accept 后才 cutover","invocations":1,"location":null,"numPassingAsserts":15,"retryReasons":[],"status":"passed","title":"首个 V3 proposal 跨 tick pending 时始终 pin V2 dispatcher，accept 后才 cutover"}],"endTime":1788625344940,"message":"","name":"D:\\code\\screeps\\screeps-bot\\src\\runtime\\marketSaleAutomation.test.ts","startTime":1788625343328,"status":"passed","summary":""},{"assertionResults":[{"ancestorTitles":["marketBaseResourceLedger"],"duration":1029,"failureDetails":[],"failureMessages":[],"fullName":"marketBaseResourceLedger V2 迁移后的 V3 pending 冻结历史 scope，owned terminal incarnation 变化后仍按旧 WAL 收敛再授权新 lane","invocations":1,"location":null,"numPassingAsserts":21,"retryReasons":[],"status":"passed","title":"V2 迁移后的 V3 pending 冻结历史 scope，owned terminal incarnation 变化后仍按旧 WAL 收敛再授权新 lane"},{"ancestorTitles":["marketBaseResourceLedger"],"duration":542,"failureDetails":[],"failureMessages":[],"fullName":"marketBaseResourceLedger malformed Permit/Ledger runtime gate 与 context 全部 fail closed 而不抛错","invocations":1,"location":null,"numPassingAsserts":41,"retryReasons":[],"status":"passed","title":"malformed Permit/Ledger runtime gate 与 context 全部 fail closed 而不抛错"}],"endTime":1788625346625,"message":"","name":"D:\\code\\screeps\\screeps-bot\\src\\runtime\\marketBaseResourceLedger.test.ts","startTime":1788625344944,"status":"passed","summary":""},{"assertionResults":[{"ancestorTitles":["bootstrap typed workforce architecture"],"duration":2,"failureDetails":[],"failureMessages":[],"fullName":"bootstrap typed workforce architecture consumes workforce decisions without directly reinterpreting room policy or prefix payloads","invocations":1,"location":null,"numPassingAsserts":1,"retryReasons":[],"status":"passed","title":"consumes workforce decisions without directly reinterpreting room policy or prefix payloads"},{"ancestorTitles":["bootstrap typed workforce architecture"],"duration":1,"failureDetails":[],"failureMessages":[],"fullName":"bootstrap typed workforce architecture builds one inventory in bootstrap","invocations":1,"location":null,"numPassingAsserts":1,"retryReasons":[],"status":"passed","title":"builds one inventory in bootstrap"},{"ancestorTitles":["bootstrap typed workforce architecture"],"duration":0,"failureDetails":[],"failureMessages":[],"fullName":"bootstrap typed workforce architecture keeps memory cleanup independent from the room workforce module","invocations":1,"location":null,"numPassingAsserts":1,"retryReasons":[],"status":"passed","title":"keeps memory cleanup independent from the room workforce module"},{"ancestorTitles":["bootstrap typed workforce architecture"],"duration":1,"failureDetails":[],"failureMessages":[],"fullName":"bootstrap typed workforce architecture does not project expected managed config names during memory cleanup","invocations":1,"location":null,"numPassingAsserts":1,"retryReasons":[],"status":"passed","title":"does not project expected managed config names during memory cleanup"},{"ancestorTitles":["bootstrap typed workforce architecture"],"duration":1,"failureDetails":[],"failureMessages":[],"fullName":"bootstrap typed workforce architecture provides a pure room workforce identity module","invocations":1,"location":null,"numPassingAsserts":1,"retryReasons":[],"status":"passed","title":"provides a pure room workforce identity module"},{"ancestorTitles":["bootstrap typed workforce architecture"],"duration":1,"failureDetails":[],"failureMessages":[],"fullName":"bootstrap typed workforce architecture keeps room workforce identity free of runtime dependencies and global state","invocations":1,"location":null,"numPassingAsserts":3,"retryReasons":[],"status":"passed","title":"keeps room workforce identity free of runtime dependencies and global state"},{"ancestorTitles":["bootstrap typed workforce architecture"],"duration":0,"failureDetails":[],"failureMessages":[],"fullName":"bootstrap typed workforce architecture imports the shared workforce identity formatter","invocations":1,"location":null,"numPassingAsserts":1,"retryReasons":[],"status":"passed","title":"imports the shared workforce identity formatter"},{"ancestorTitles":["bootstrap typed workforce architecture"],"duration":1,"failureDetails":[],"failureMessages":[],"fullName":"bootstrap typed workforce architecture formats every inventory identity through the shared formatter","invocations":1,"location":null,"numPassingAsserts":1,"retryReasons":[],"status":"passed","title":"formats every inventory identity through the shared formatter"},{"ancestorTitles":["bootstrap typed workforce architecture"],"duration":1491,"failureDetails":[],"failureMessages":[],"fullName":"bootstrap typed workforce architecture removes the cross-phase compatibility projection from production and tests","invocations":1,"location":null,"numPassingAsserts":1,"retryReasons":[],"status":"passed","title":"removes the cross-phase compatibility projection from production and tests"},{"ancestorTitles":["bootstrap typed workforce architecture"],"duration":1,"failureDetails":[],"failureMessages":[],"fullName":"bootstrap typed workforce architecture does not move workforce inventory ownership into runtime services","invocations":1,"location":null,"numPassingAsserts":3,"retryReasons":[],"status":"passed","title":"does not move workforce inventory ownership into runtime services"}],"endTime":1788625348271,"message":"","name":"D:\\code\\screeps\\screeps-bot\\src\\runtime\\bootstrapArchitecture.test.ts","startTime":1788625346629,"status":"passed","summary":""},{"assertionResults":[{"ancestorTitles":["A01 外部指定旧 ID / future canonical 字符串 / 无活跃记录的 ID"],"duration":4,"failureDetails":[],"failureMessages":[],"fullName":"A01 外部指定旧 ID / future canonical 字符串 / 无活跃记录的 ID 字符串 ID（旧格式 tk1_/ti1_/ti2_/tr1_ 与任意 future canonical）不是许可：真实调用 0","invocations":1,"location":null,"numPassingAsserts":11,"retryReasons":[],"status":"passed","title":"字符串 ID（旧格式 tk1_/ti1_/ti2_/tr1_ 与任意 future canonical）不是许可：真实调用 0"},{"ancestorTitles":["A01 外部指定旧 ID / future canonical 字符串 / 无活跃记录的 ID"],"duration":5,"failureDetails":[],"failureMessages":[],"fullName":"A01 外部指定旧 ID / future canonical 字符串 / 无活跃记录的 ID 无活跃记录的 ID（已退役进 ring）不能凭 frontier 重新取得许可","invocations":1,"location":null,"numPassingAsserts":5,"retryReasons":[],"status":"passed","title":"无活跃记录的 ID（已退役进 ring）不能凭 frontier 重新取得许可"},{"ancestorTitles":["A02 分配中断/失败留下序号洞"],"duration":3,"failureDetails":[],"failureMessages":[],"fullName":"A02 分配中断/失败留下序号洞 frontier 前进但对应记录缺失（洞）：不回退、洞不变成可执行记录、不建逐洞 proof","invocations":1,"location":null,"numPassingAsserts":8,"retryReasons":[],"status":"passed","title":"frontier 前进但对应记录缺失（洞）：不回退、洞不变成可执行记录、不建逐洞 proof"},{"ancestorTitles":["A02 分配中断/失败留下序号洞"],"duration":3,"failureDetails":[],"failureMessages":[],"fullName":"A02 分配中断/失败留下序号洞 frontier 溢出（>上限）拒绝分配且不回绕","invocations":1,"location":null,"numPassingAsserts":5,"retryReasons":[],"status":"passed","title":"frontier 溢出（>上限）拒绝分配且不回绕"},{"ancestorTitles":["A03 同 work/attempt 的 payload、contract、adapter 语义不同"],"duration":2,"failureDetails":[],"failureMessages":[],"fullName":"A03 同 work/attempt 的 payload、contract、adapter 语义不同 adapter 语义身份演进后旧 permit 的 dispatch 拒绝（原事实保留、调用 0）","invocations":1,"location":null,"numPassingAsserts":6,"retryReasons":[],"status":"passed","title":"adapter 语义身份演进后旧 permit 的 dispatch 拒绝（原事实保留、调用 0）"},{"ancestorTitles":["A03 同 work/attempt 的 payload、contract、adapter 语义不同"],"duration":31,"failureDetails":[],"failureMessages":[],"fullName":"A03 同 work/attempt 的 payload、contract、adapter 语义不同 持真许可修改字段（R11 等价修正）：冻结快照抛错/无效，原授权语义不变","invocations":1,"location":null,"numPassingAsserts":5,"retryReasons":[],"status":"passed","title":"持真许可修改字段（R11 等价修正）：冻结快照抛错/无效，原授权语义不变"},{"ancestorTitles":["A03 同 work/attempt 的 payload、contract、adapter 语义不同"],"duration":8,"failureDetails":[],"failureMessages":[],"fullName":"A03 同 work/attempt 的 payload、contract、adapter 语义不同 permit 绑定 digest 与聚合不一致（许可错配）：拒绝执行","invocations":1,"location":null,"numPassingAsserts":6,"retryReasons":[],"status":"passed","title":"permit 绑定 digest 与聚合不一致（许可错配）：拒绝执行"},{"ancestorTitles":["A04（R1 等价）恢复路径的身份冲突"],"duration":3,"failureDetails":[],"failureMessages":[],"fullName":"A04（R1 等价）恢复路径的身份冲突 dispatching 残留 + 外部篡改身份 → store unhealthy（不被恢复解释成可推进）","invocations":1,"location":null,"numPassingAsserts":5,"retryReasons":[],"status":"passed","title":"dispatching 残留 + 外部篡改身份 → store unhealthy（不被恢复解释成可推进）"},{"ancestorTitles":["A05（R2 等价）store 四态区分"],"duration":2,"failureDetails":[],"failureMessages":[],"fullName":"A05（R2 等价）store 四态区分 absent / healthy / unhealthy / incompatible 互斥表达；损坏不被折叠为缺失","invocations":1,"location":null,"numPassingAsserts":8,"retryReasons":[],"status":"passed","title":"absent / healthy / unhealthy / incompatible 互斥表达；损坏不被折叠为缺失"},{"ancestorTitles":["A05（R2 等价）store 四态区分"],"duration":3,"failureDetails":[],"failureMessages":[],"fullName":"A05（R2 等价）store 四态区分 unhealthy/incompatible 期间写入阻断、数据原样保留（不自动清库）","invocations":1,"location":null,"numPassingAsserts":6,"retryReasons":[],"status":"passed","title":"unhealthy/incompatible 期间写入阻断、数据原样保留（不自动清库）"},{"ancestorTitles":["A06（R3 等价）not_started 与 committed 证据并存"],"duration":4,"failureDetails":[],"failureMessages":[],"fullName":"A06（R3 等价）not_started 与 committed 证据并存 active(pending) + ring(同 attemptId committed)：历史 degraded（以 active 为准），不凭 ring 决定关闭或重放","invocations":1,"location":null,"numPassingAsserts":8,"retryReasons":[],"status":"passed","title":"active(pending) + ring(同 attemptId committed)：历史 degraded（以 active 为准），不凭 ring 决定关闭或重放"},{"ancestorTitles":["A07（R4 等价）not-executed 与 committed 相反证据"],"duration":3,"failureDetails":[],"failureMessages":[],"fullName":"A07（R4 等价）not-executed 与 committed 相反证据 closing(not_executed) + 证据结论 executed → 结构矛盾 unhealthy；清理不能消除冲突","invocations":1,"location":null,"numPassingAsserts":5,"retryReasons":[],"status":"passed","title":"closing(not_executed) + 证据结论 executed → 结构矛盾 unhealthy；清理不能消除冲突"},{"ancestorTitles":["A08 dispatching 发布失败"],"duration":2,"failureDetails":[],"failureMessages":[],"fullName":"A08 dispatching 发布失败 发布前 store 变 incompatible → 零调用；恢复后聚合仍 pending（不虚构 unknown）","invocations":1,"location":null,"numPassingAsserts":6,"retryReasons":[],"status":"passed","title":"发布前 store 变 incompatible → 零调用；恢复后聚合仍 pending（不虚构 unknown）"},{"ancestorTitles":["A09 至多一次调用"],"duration":3,"failureDetails":[],"failureMessages":[],"fullName":"A09 至多一次调用 同 permit 重复执行：第二次拒绝（真实调用恰好 1 次）","invocations":1,"location":null,"numPassingAsserts":6,"retryReasons":[],"status":"passed","title":"同 permit 重复执行：第二次拒绝（真实调用恰好 1 次）"},{"ancestorTitles":["A09 至多一次调用"],"duration":2,"failureDetails":[],"failureMessages":[],"fullName":"A09 至多一次调用 action 内部重入（递归 dispatch 同一 permit）拒绝","invocations":1,"location":null,"numPassingAsserts":6,"retryReasons":[],"status":"passed","title":"action 内部重入（递归 dispatch 同一 permit）拒绝"},{"ancestorTitles":["A09 至多一次调用"],"duration":2,"failureDetails":[],"failureMessages":[],"fullName":"A09 至多一次调用 多个 facade 实例共享 Memory：一实例执行后另一实例无法对同一聚合执行","invocations":1,"location":null,"numPassingAsserts":4,"retryReasons":[],"status":"passed","title":"多个 facade 实例共享 Memory：一实例执行后另一实例无法对同一聚合执行"},{"ancestorTitles":["A10 真实调用计数与保守结算"],"duration":5,"failureDetails":[],"failureMessages":[],"fullName":"A10 真实调用计数与保守结算 non-ok / throw：真实进入各 1 次，按 adapter 证据进入确定未执行或 unknown","invocations":1,"location":null,"numPassingAsserts":8,"retryReasons":[],"status":"passed","title":"non-ok / throw：真实进入各 1 次，按 adapter 证据进入确定未执行或 unknown"},{"ancestorTitles":["A11 API 接受不构成充分 settlement 证明"],"duration":2,"failureDetails":[],"failureMessages":[],"fullName":"A11 API 接受不构成充分 settlement 证明 未声明 settlesOnAccept 的 adapter：ok 接受后仍 unknown，需独立证据通道结算","invocations":1,"location":null,"numPassingAsserts":5,"retryReasons":[],"status":"passed","title":"未声明 settlesOnAccept 的 adapter：ok 接受后仍 unknown，需独立证据通道结算"},{"ancestorTitles":["A11 API 接受不构成充分 settlement 证明"],"duration":4,"failureDetails":[],"failureMessages":[],"fullName":"A11 API 接受不构成充分 settlement 证明 净余额变化不能当 settlement：只经 settle 证据通道推进","invocations":1,"location":null,"numPassingAsserts":4,"retryReasons":[],"status":"passed","title":"净余额变化不能当 settlement：只经 settle 证据通道推进"},{"ancestorTitles":["A12 中断后恢复"],"duration":4,"failureDetails":[],"failureMessages":[],"fullName":"A12 中断后恢复 dispatching 状态硬中断（模拟）→ 下一 tick 恢复保守化，不重发（调用计数不变）","invocations":1,"location":null,"numPassingAsserts":4,"retryReasons":[],"status":"passed","title":"dispatching 状态硬中断（模拟）→ 下一 tick 恢复保守化，不重发（调用计数不变）"},{"ancestorTitles":["A13 绕过 unknown 的尝试"],"duration":6,"failureDetails":[],"failureMessages":[],"fullName":"A13 绕过 unknown 的尝试 outcome_unknown 直接 issueRearm 拒绝；同业务任务换 workKey 重提交在原聚合活跃期间被排他拒绝","invocations":1,"location":null,"numPassingAsserts":5,"retryReasons":[],"status":"passed","title":"outcome_unknown 直接 issueRearm 拒绝；同业务任务换 workKey 重提交在原聚合活跃期间被排他拒绝"},{"ancestorTitles":["A14 exact not-executed + cleanup 完成后的合法 rearm"],"duration":13,"failureDetails":[],"failureMessages":[],"fullName":"A14 exact not-executed + cleanup 完成后的合法 rearm rearm 产生新 attemptId 与 generation+1；前代 dispatch permit 不可再执行","invocations":1,"location":null,"numPassingAsserts":8,"retryReasons":[],"status":"passed","title":"rearm 产生新 attemptId 与 generation+1；前代 dispatch permit 不可再执行"},{"ancestorTitles":["A15 retry 约束"],"duration":4,"failureDetails":[],"failureMessages":[],"fullName":"A15 retry 约束 rearm 许可重复消费拒绝（不创建两个 child）","invocations":1,"location":null,"numPassingAsserts":5,"retryReasons":[],"status":"passed","title":"rearm 许可重复消费拒绝（不创建两个 child）"},{"ancestorTitles":["A15 retry 约束"],"duration":4,"failureDetails":[],"failureMessages":[],"fullName":"A15 retry 约束 retry 改变动作参数（amount 不同 → retry facts 不同）拒绝","invocations":1,"location":null,"numPassingAsserts":5,"retryReasons":[],"status":"passed","title":"retry 改变动作参数（amount 不同 → retry facts 不同）拒绝"},{"ancestorTitles":["A15 retry 约束"],"duration":4,"failureDetails":[],"failureMessages":[],"fullName":"A15 retry 约束 跨 tick 的旧 rearm 许可失效（旧 runtime capability 不可用）","invocations":1,"location":null,"numPassingAsserts":4,"retryReasons":[],"status":"passed","title":"跨 tick 的旧 rearm 许可失效（旧 runtime capability 不可用）"},{"ancestorTitles":["A16 容量竞争"],"duration":3,"failureDetails":[],"failureMessages":[],"fullName":"A16 容量竞争 同 tick 两笔竞争同一资源：第一笔 tentative 后第二笔最坏流出被拒","invocations":1,"location":null,"numPassingAsserts":4,"retryReasons":[],"status":"passed","title":"同 tick 两笔竞争同一资源：第一笔 tentative 后第二笔最坏流出被拒"},{"ancestorTitles":["A16 容量竞争"],"duration":3,"failureDetails":[],"failureMessages":[],"fullName":"A16 容量竞争 多笔合计超容量（R11 等价修正）：两笔各 60、容量 100——第二笔按合计拒绝","invocations":1,"location":null,"numPassingAsserts":4,"retryReasons":[],"status":"passed","title":"多笔合计超容量（R11 等价修正）：两笔各 60、容量 100——第二笔按合计拒绝"},{"ancestorTitles":["A16 容量竞争"],"duration":1,"failureDetails":[],"failureMessages":[],"fullName":"A16 容量竞争 接收容量竞争：terminal free 不足时流入腿拒绝（同 tick 不得重复占满接收空间）","invocations":1,"location":null,"numPassingAsserts":3,"retryReasons":[],"status":"passed","title":"接收容量竞争：terminal free 不足时流入腿拒绝（同 tick 不得重复占满接收空间）"},{"ancestorTitles":["A17 清理责任"],"duration":2,"failureDetails":[],"failureMessages":[],"fullName":"A17 清理责任 外部消费者释放未确认 → duty 保留（不谎报完成）；确认后幂等推进","invocations":1,"location":null,"numPassingAsserts":4,"retryReasons":[],"status":"passed","title":"外部消费者释放未确认 → duty 保留（不谎报完成）；确认后幂等推进"},{"ancestorTitles":["A17 清理责任"],"duration":3,"failureDetails":[],"failureMessages":[],"fullName":"A17 清理责任 重复推进幂等：closing 无消费者时 beginTick 只退出一次","invocations":1,"location":null,"numPassingAsserts":4,"retryReasons":[],"status":"passed","title":"重复推进幂等：closing 无消费者时 beginTick 只退出一次"},{"ancestorTitles":["A18 近期环异常"],"duration":4,"failureDetails":[],"failureMessages":[],"fullName":"A18 近期环异常 ring 损坏（非法条目）→ 历史 degraded：不阻断安全观察，写入路径重建 ring 层","invocations":1,"location":null,"numPassingAsserts":8,"retryReasons":[],"status":"passed","title":"ring 损坏（非法条目）→ 历史 degraded：不阻断安全观察，写入路径重建 ring 层"},{"ancestorTitles":["A19 长期 unknown 的有界占用"],"duration":1080,"failureDetails":[],"failureMessages":[],"fullName":"A19 长期 unknown 的有界占用 一笔长期 unknown 保持占用；后续完成工作正常退出、ring 有界","invocations":1,"location":null,"numPassingAsserts":425,"retryReasons":[],"status":"passed","title":"一笔长期 unknown 保持占用；后续完成工作正常退出、ring 有界"},{"ancestorTitles":["A20 满载与序列化预算"],"duration":32,"failureDetails":[],"failureMessages":[],"fullName":"A20 满载与序列化预算 满 active + 满 ring + 最长错误详情：新接纳拒绝、已完成仍可退出、总字节有界","invocations":1,"location":null,"numPassingAsserts":7,"retryReasons":[],"status":"passed","title":"满 active + 满 ring + 最长错误详情：新接纳拒绝、已完成仍可退出、总字节有界"},{"ancestorTitles":["A21 查询纯度（零 Memory 写）"],"duration":1,"failureDetails":[],"failureMessages":[],"fullName":"A21 查询纯度（零 Memory 写） 首次 空 store 查询：Memory 前后完全一致","invocations":1,"location":null,"numPassingAsserts":1,"retryReasons":[],"status":"passed","title":"首次 空 store 查询：Memory 前后完全一致"},{"ancestorTitles":["A21 查询纯度（零 Memory 写）"],"duration":2,"failureDetails":[],"failureMessages":[],"fullName":"A21 查询纯度（零 Memory 写） 首次 正常 store 查询：Memory 前后完全一致","invocations":1,"location":null,"numPassingAsserts":3,"retryReasons":[],"status":"passed","title":"首次 正常 store 查询：Memory 前后完全一致"},{"ancestorTitles":["A21 查询纯度（零 Memory 写）"],"duration":1,"failureDetails":[],"failureMessages":[],"fullName":"A21 查询纯度（零 Memory 写） 旧版本/损坏数据的首查询：不迁移、不修复、零写","invocations":1,"location":null,"numPassingAsserts":2,"retryReasons":[],"status":"passed","title":"旧版本/损坏数据的首查询：不迁移、不修复、零写"},{"ancestorTitles":["A21 查询纯度（零 Memory 写）"],"duration":4,"failureDetails":[],"failureMessages":[],"fullName":"A21 查询纯度（零 Memory 写） 返回对象不可反向修改权威（含 health/ring/counters 全部可达嵌套）","invocations":1,"location":null,"numPassingAsserts":9,"retryReasons":[],"status":"passed","title":"返回对象不可反向修改权威（含 health/ring/counters 全部可达嵌套）"},{"ancestorTitles":["A22 global reset 等价"],"duration":6,"failureDetails":[],"failureMessages":[],"fullName":"A22 global reset 等价 Memory JSON 往返 + 服务重建 + tick 推进：活跃状态等价、旧 handle 不可复用","invocations":1,"location":null,"numPassingAsserts":10,"retryReasons":[],"status":"passed","title":"Memory JSON 往返 + 服务重建 + tick 推进：活跃状态等价、旧 handle 不可复用"},{"ancestorTitles":["A23 安全关闭边界"],"duration":3,"failureDetails":[],"failureMessages":[],"fullName":"A23 安全关闭边界 outcome_unknown 不能被 close（TTL 不可驱逐执行未知的记录）","invocations":1,"location":null,"numPassingAsserts":4,"retryReasons":[],"status":"passed","title":"outcome_unknown 不能被 close（TTL 不可驱逐执行未知的记录）"},{"ancestorTitles":["A23 安全关闭边界"],"duration":3,"failureDetails":[],"failureMessages":[],"fullName":"A23 安全关闭边界 retry_ready 未到期不可被 retry_expired 关闭；到期自动关闭","invocations":1,"location":null,"numPassingAsserts":4,"retryReasons":[],"status":"passed","title":"retry_ready 未到期不可被 retry_expired 关闭；到期自动关闭"},{"ancestorTitles":["A24 元信息回退/溢出/缺失/不兼容"],"duration":2,"failureDetails":[],"failureMessages":[],"fullName":"A24 元信息回退/溢出/缺失/不兼容 installEpochId 缺失 → unhealthy，不重新签发旧身份、不自动清库","invocations":1,"location":null,"numPassingAsserts":6,"retryReasons":[],"status":"passed","title":"installEpochId 缺失 → unhealthy，不重新签发旧身份、不自动清库"},{"ancestorTitles":["A24 元信息回退/溢出/缺失/不兼容"],"duration":2,"failureDetails":[],"failureMessages":[],"fullName":"A24 元信息回退/溢出/缺失/不兼容 frontier 非法（负数/非整数）→ unhealthy 阻断分配","invocations":1,"location":null,"numPassingAsserts":5,"retryReasons":[],"status":"passed","title":"frontier 非法（负数/非整数）→ unhealthy 阻断分配"},{"ancestorTitles":["A24 元信息回退/溢出/缺失/不兼容"],"duration":2,"failureDetails":[],"failureMessages":[],"fullName":"A24 元信息回退/溢出/缺失/不兼容 旧 Treasury 业务数据存在 → legacy 阻断（真实 driver 保持禁用语义）","invocations":1,"location":null,"numPassingAsserts":4,"retryReasons":[],"status":"passed","title":"旧 Treasury 业务数据存在 → legacy 阻断（真实 driver 保持禁用语义）"}],"endTime":1788625349709,"message":"","name":"D:\\code\\screeps\\screeps-bot\\src\\runtime\\treasury\\treasuryKernelAcceptance.test.ts","startTime":1788625348276,"status":"passed","summary":""},{"assertionResults":[{"ancestorTitles":["linkNetwork Memory ownership"],"duration":4,"failureDetails":[],"failureMessages":[],"fullName":"linkNetwork Memory ownership detects static slot access across TypeScript and JavaScript syntax","invocations":1,"location":null,"numPassingAsserts":6,"retryReasons":[],"status":"passed","title":"detects static slot access across TypeScript and JavaScript syntax"},{"ancestorTitles":["linkNetwork Memory ownership"],"duration":1103,"failureDetails":[],"failureMessages":[],"fullName":"linkNetwork Memory ownership allows production linkNetwork property access only inside linkNetworkMemory gateway","invocations":1,"location":null,"numPassingAsserts":4,"retryReasons":[],"status":"passed","title":"allows production linkNetwork property access only inside linkNetworkMemory gateway"}],"endTime":1788625350935,"message":"","name":"D:\\code\\screeps\\screeps-bot\\src\\runtime\\linkNetworkMemoryOwnership.test.ts","startTime":1788625349713,"status":"passed","summary":""},{"assertionResults":[{"ancestorTitles":["Treasury commitment invalidation boundaries"],"duration":222,"failureDetails":[],"failureMessages":[],"fullName":"Treasury commitment invalidation boundaries every authoritative task/reservation mutation notifies the commitment revision","invocations":1,"location":null,"numPassingAsserts":1,"retryReasons":[],"status":"passed","title":"every authoritative task/reservation mutation notifies the commitment revision"},{"ancestorTitles":["Treasury commitment invalidation boundaries"],"duration":3,"failureDetails":[],"failureMessages":[],"fullName":"Treasury commitment invalidation boundaries cleanup/gc 变体函数为条件失效（有实际删除才 bump）也满足约束","invocations":1,"location":null,"numPassingAsserts":3,"retryReasons":[],"status":"passed","title":"cleanup/gc 变体函数为条件失效（有实际删除才 bump）也满足约束"}],"endTime":1788625351270,"message":"","name":"D:\\code\\screeps\\screeps-bot\\test\\treasuryCommitmentInvalidationBoundaries.test.ts","startTime":1788625350939,"status":"passed","summary":""},{"assertionResults":[{"ancestorTitles":["Treasury Core Rewrite 架构守护"],"duration":5,"failureDetails":[],"failureMessages":[],"fullName":"Treasury Core Rewrite 架构守护 旧多 store 权威模块已删除（不存在旧协议路径）","invocations":1,"location":null,"numPassingAsserts":69,"retryReasons":[],"status":"passed","title":"旧多 store 权威模块已删除（不存在旧协议路径）"},{"ancestorTitles":["Treasury Core Rewrite 架构守护"],"duration":7,"failureDetails":[],"failureMessages":[],"fullName":"Treasury Core Rewrite 架构守护 生产 treasury 代码不 import 已删除/旧协议模块","invocations":1,"location":null,"numPassingAsserts":1,"retryReasons":[],"status":"passed","title":"生产 treasury 代码不 import 已删除/旧协议模块"},{"ancestorTitles":["Treasury Core Rewrite 架构守护"],"duration":97,"failureDetails":[],"failureMessages":[],"fullName":"Treasury Core Rewrite 架构守护 单一写入口：commands.ts 纯转移 + kernel.ts 唯一 applyCommand 调用方","invocations":1,"location":null,"numPassingAsserts":1,"retryReasons":[],"status":"passed","title":"单一写入口：commands.ts 纯转移 + kernel.ts 唯一 applyCommand 调用方"},{"ancestorTitles":["Treasury Core Rewrite 架构守护"],"duration":1,"failureDetails":[],"failureMessages":[],"fullName":"Treasury Core Rewrite 架构守护 真实经济 writer 禁用：actionContracts 无生产 Game 写调用（market.deal/terminal.send）","invocations":1,"location":null,"numPassingAsserts":6,"retryReasons":[],"status":"passed","title":"真实经济 writer 禁用：actionContracts 无生产 Game 写调用（market.deal/terminal.send）"},{"ancestorTitles":["Treasury Core Rewrite 架构守护"],"duration":68,"failureDetails":[],"failureMessages":[],"fullName":"Treasury Core Rewrite 架构守护 testHarness 仅测试可用：生产模块不 import testHarness","invocations":1,"location":null,"numPassingAsserts":1,"retryReasons":[],"status":"passed","title":"testHarness 仅测试可用：生产模块不 import testHarness"},{"ancestorTitles":["Treasury Core Rewrite 架构守护"],"duration":81,"failureDetails":[],"failureMessages":[],"fullName":"Treasury Core Rewrite 架构守护 Memory 持久键唯一权威：treasuryCore 只被 kernel/store.ts 读写","invocations":1,"location":null,"numPassingAsserts":1,"retryReasons":[],"status":"passed","title":"Memory 持久键唯一权威：treasuryCore 只被 kernel/store.ts 读写"},{"ancestorTitles":["Treasury Core Rewrite 架构守护"],"duration":18,"failureDetails":[],"failureMessages":[],"fullName":"Treasury Core Rewrite 架构守护 kernel 状态机文件可解析且命令集封闭（无隐藏命令类型）","invocations":1,"location":null,"numPassingAsserts":10,"retryReasons":[],"status":"passed","title":"kernel 状态机文件可解析且命令集封闭（无隐藏命令类型）"}],"endTime":1788625351686,"message":"","name":"D:\\code\\screeps\\screeps-bot\\src\\runtime\\treasury\\treasuryKernelArchitecture.test.ts","startTime":1788625351279,"status":"passed","summary":""},{"assertionResults":[{"ancestorTitles":["C01 policy 累计（池 1000 / 保留 900）"],"duration":8,"failureDetails":[],"failureMessages":[],"fullName":"C01 policy 累计（池 1000 / 保留 900） A pending 80 后 B 80 拒绝；B 20 获准；A 取消后 B 80 恢复（无累计越界）","invocations":1,"location":null,"numPassingAsserts":4,"retryReasons":[],"status":"passed","title":"A pending 80 后 B 80 拒绝；B 20 获准；A 取消后 B 80 恢复（无累计越界）"},{"ancestorTitles":["C01 policy 累计（池 1000 / 保留 900）"],"duration":4,"failureDetails":[],"failureMessages":[],"fullName":"C01 policy 累计（池 1000 / 保留 900） A unknown 80 后 B 80 拒绝（unknown 占用参与政策合计）","invocations":1,"location":null,"numPassingAsserts":2,"retryReasons":[],"status":"passed","title":"A unknown 80 后 B 80 拒绝（unknown 占用参与政策合计）"},{"ancestorTitles":["C01 policy 累计（池 1000 / 保留 900）"],"duration":5,"failureDetails":[],"failureMessages":[],"fullName":"C01 policy 累计（池 1000 / 保留 900） A committed（效果未入观察）80 后 B 80 拒绝；下一 tick 观察接管后额度恢复","invocations":1,"location":null,"numPassingAsserts":3,"retryReasons":[],"status":"passed","title":"A committed（效果未入观察）80 后 B 80 拒绝；下一 tick 观察接管后额度恢复"},{"ancestorTitles":["C02 scope 合计与承诺单份"],"duration":3,"failureDetails":[],"failureMessages":[],"fullName":"C02 scope 合计与承诺单份 同一候选跨 storage/terminal 双腿流出：合计 130 > 110 拒绝；对照 95 获准（不逐腿共用余量）","invocations":1,"location":null,"numPassingAsserts":2,"retryReasons":[],"status":"passed","title":"同一候选跨 storage/terminal 双腿流出：合计 130 > 110 拒绝；对照 95 获准（不逐腿共用余量）"},{"ancestorTitles":["C02 scope 合计与承诺单份"],"duration":2,"failureDetails":[],"failureMessages":[],"fullName":"C02 scope 合计与承诺单份 跨房间候选合计受约束（共享池不按房间复制余额）","invocations":1,"location":null,"numPassingAsserts":1,"retryReasons":[],"status":"passed","title":"跨房间候选合计受约束（共享池不按房间复制余额）"},{"ancestorTitles":["C02 scope 合计与承诺单份"],"duration":3,"failureDetails":[],"failureMessages":[],"fullName":"C02 scope 合计与承诺单份 同接收位置两种资源流入各 60、空位 100：按合计拒绝（单份容量不重复给）","invocations":1,"location":null,"numPassingAsserts":2,"retryReasons":[],"status":"passed","title":"同接收位置两种资源流入各 60、空位 100：按合计拒绝（单份容量不重复给）"},{"ancestorTitles":["C03 own-reservation 全链一致"],"duration":3,"failureDetails":[],"failureMessages":[],"fullName":"C03 own-reservation 全链一致 exact owner 自己的预留 300：owner 流出 950 获准（facade 与 kernel 端口同一上下文，无匿名扣回）","invocations":1,"location":null,"numPassingAsserts":1,"retryReasons":[],"status":"passed","title":"exact owner 自己的预留 300：owner 流出 950 获准（facade 与 kernel 端口同一上下文，无匿名扣回）"},{"ancestorTitles":["C03 own-reservation 全链一致"],"duration":2,"failureDetails":[],"failureMessages":[],"fullName":"C03 own-reservation 全链一致 同一场景执行复验：owner 许可的执行不被匿名二次裁决拒绝（不自我双扣）","invocations":1,"location":null,"numPassingAsserts":2,"retryReasons":[],"status":"passed","title":"同一场景执行复验：owner 许可的执行不被匿名二次裁决拒绝（不自我双扣）"},{"ancestorTitles":["C03 own-reservation 全链一致"],"duration":2,"failureDetails":[],"failureMessages":[],"fullName":"C03 own-reservation 全链一致 不声明 owner 时 950 拒绝（预留对他人有效）；伪造 owner（未注册 holder）拒绝","invocations":1,"location":null,"numPassingAsserts":2,"retryReasons":[],"status":"passed","title":"不声明 owner 时 950 拒绝（预留对他人有效）；伪造 owner（未注册 holder）拒绝"},{"ancestorTitles":["C03 own-reservation 全链一致"],"duration":2,"failureDetails":[],"failureMessages":[],"fullName":"C03 own-reservation 全链一致 policy resolver 收到真实 contract 上下文（无占位 '-'）","invocations":1,"location":null,"numPassingAsserts":5,"retryReasons":[],"status":"passed","title":"policy resolver 收到真实 contract 上下文（无占位 '-'）"},{"ancestorTitles":["C04 fail-closed 一致阻断"],"duration":2,"failureDetails":[],"failureMessages":[],"fullName":"C04 fail-closed 一致阻断 policy 缺失：接纳与执行复验一致阻断；宽松查询展示不转化执行权限","invocations":1,"location":null,"numPassingAsserts":3,"retryReasons":[],"status":"passed","title":"policy 缺失：接纳与执行复验一致阻断；宽松查询展示不转化执行权限"},{"ancestorTitles":["C04 fail-closed 一致阻断"],"duration":2,"failureDetails":[],"failureMessages":[],"fullName":"C04 fail-closed 一致阻断 policy 抛错：结构化 policy_fault，接纳拒绝","invocations":1,"location":null,"numPassingAsserts":2,"retryReasons":[],"status":"passed","title":"policy 抛错：结构化 policy_fault，接纳拒绝"},{"ancestorTitles":["C04 fail-closed 一致阻断"],"duration":1,"failureDetails":[],"failureMessages":[],"fullName":"C04 fail-closed 一致阻断 policy 返回非法决策（负 withhold）：policy_fault 拒绝","invocations":1,"location":null,"numPassingAsserts":1,"retryReasons":[],"status":"passed","title":"policy 返回非法决策（负 withhold）：policy_fault 拒绝"},{"ancestorTitles":["C04 fail-closed 一致阻断"],"duration":1,"failureDetails":[],"failureMessages":[],"fullName":"C04 fail-closed 一致阻断 承诺不完整（任务 holder 缺失）：严格查询 authorizationSafe=false","invocations":1,"location":null,"numPassingAsserts":1,"retryReasons":[],"status":"passed","title":"承诺不完整（任务 holder 缺失）：严格查询 authorizationSafe=false"},{"ancestorTitles":["C05 执行门禁复验"],"duration":5,"failureDetails":[],"failureMessages":[],"fullName":"C05 执行门禁复验 授权后同 tick policy 收紧（reserve→950）：旧许可调用 0、无 applied 变化；合法对照调用 1","invocations":1,"location":null,"numPassingAsserts":5,"retryReasons":[],"status":"passed","title":"授权后同 tick policy 收紧（reserve→950）：旧许可调用 0、无 applied 变化；合法对照调用 1"},{"ancestorTitles":["C05 执行门禁复验"],"duration":6,"failureDetails":[],"failureMessages":[],"fullName":"C05 执行门禁复验 同 policy 注册下业务值改变（reserve 0→900）同样阻断：执行时重算，不只比对注册身份","invocations":1,"location":null,"numPassingAsserts":2,"retryReasons":[],"status":"passed","title":"同 policy 注册下业务值改变（reserve 0→900）同样阻断：执行时重算，不只比对注册身份"},{"ancestorTitles":["C05 执行门禁复验"],"duration":2,"failureDetails":[],"failureMessages":[],"fullName":"C05 执行门禁复验 结构消失（房间被移除）：观察不覆盖目标 → 许可 blocked、调用 0","invocations":1,"location":null,"numPassingAsserts":2,"retryReasons":[],"status":"passed","title":"结构消失（房间被移除）：观察不覆盖目标 → 许可 blocked、调用 0"},{"ancestorTitles":["C05 执行门禁复验"],"duration":2,"failureDetails":[],"failureMessages":[],"fullName":"C05 执行门禁复验 同位置结构更换 ID（incarnation 变化）：许可 blocked、调用 0","invocations":1,"location":null,"numPassingAsserts":2,"retryReasons":[],"status":"passed","title":"同位置结构更换 ID（incarnation 变化）：许可 blocked、调用 0"},{"ancestorTitles":["C06 授权窗口共享关闭"],"duration":6,"failureDetails":[],"failureMessages":[],"fullName":"C06 授权窗口共享关闭 endTick 后：同实例 dispatch blocked、第二实例 beginTick 不重开、rearm 拒绝；下一 tick 恢复","invocations":1,"location":null,"numPassingAsserts":7,"retryReasons":[],"status":"passed","title":"endTick 后：同实例 dispatch blocked、第二实例 beginTick 不重开、rearm 拒绝；下一 tick 恢复"},{"ancestorTitles":["C06 授权窗口共享关闭"],"duration":3,"failureDetails":[],"failureMessages":[],"fullName":"C06 授权窗口共享关闭 endTick 后安全清理仍可继续（预算恢复不受窗口限制）","invocations":1,"location":null,"numPassingAsserts":2,"retryReasons":[],"status":"passed","title":"endTick 后安全清理仍可继续（预算恢复不受窗口限制）"},{"ancestorTitles":["C07 复验不自我双扣"],"duration":6,"failureDetails":[],"failureMessages":[],"fullName":"C07 复验不自我双扣 A pending 200、B pending 700：执行 A（排除本笔）合法；B 占用不丢；累计正确","invocations":1,"location":null,"numPassingAsserts":5,"retryReasons":[],"status":"passed","title":"A pending 200、B pending 700：执行 A（排除本笔）合法；B 占用不丢；累计正确"},{"ancestorTitles":["C08 独立发布目标（原地载荷污染）"],"duration":3,"failureDetails":[],"failureMessages":[],"fullName":"C08 独立发布目标（原地载荷污染） 写入端原地把 dispatching 改回 pending 并返回同一引用：发布失败、调用 0、许可未消费","invocations":1,"location":null,"numPassingAsserts":4,"retryReasons":[],"status":"passed","title":"写入端原地把 dispatching 改回 pending 并返回同一引用：发布失败、调用 0、许可未消费"},{"ancestorTitles":["C09 发布确认全路径"],"duration":3,"failureDetails":[],"failureMessages":[],"fullName":"C09 发布确认全路径 嵌套安全字段原地污染（evidence.conclusion 反转）：结果发布失败，不谎报相反结论","invocations":1,"location":null,"numPassingAsserts":4,"retryReasons":[],"status":"passed","title":"嵌套安全字段原地污染（evidence.conclusion 反转）：结果发布失败，不谎报相反结论"},{"ancestorTitles":["C09 发布确认全路径"],"duration":4,"failureDetails":[],"failureMessages":[],"fullName":"C09 发布确认全路径 写入被替换为旧合法值：识别目标不一致并失败（不误报 committed）","invocations":1,"location":null,"numPassingAsserts":4,"retryReasons":[],"status":"passed","title":"写入被替换为旧合法值：识别目标不一致并失败（不误报 committed）"},{"ancestorTitles":["C09 发布确认全路径"],"duration":1,"failureDetails":[],"failureMessages":[],"fullName":"C09 发布确认全路径 初始化读回不一致：接纳拒绝，不产生半安装状态","invocations":1,"location":null,"numPassingAsserts":2,"retryReasons":[],"status":"passed","title":"初始化读回不一致：接纳拒绝，不产生半安装状态"},{"ancestorTitles":["C09 发布确认全路径"],"duration":2,"failureDetails":[],"failureMessages":[],"fullName":"C09 发布确认全路径 取消发布丢写：操作失败、记录与义务保留","invocations":1,"location":null,"numPassingAsserts":2,"retryReasons":[],"status":"passed","title":"取消发布丢写：操作失败、记录与义务保留"},{"ancestorTitles":["C09 发布确认全路径"],"duration":2,"failureDetails":[],"failureMessages":[],"fullName":"C09 发布确认全路径 合法发布对照：无故障时 admit→dispatch→跨 tick 清理退出全链成功","invocations":1,"location":null,"numPassingAsserts":3,"retryReasons":[],"status":"passed","title":"合法发布对照：无故障时 admit→dispatch→跨 tick 清理退出全链成功"},{"ancestorTitles":["C10 重入推进保护"],"duration":5,"failureDetails":[],"failureMessages":[],"fullName":"C10 重入推进保护 mutate 与基线漂移检查之间另一工作被推进（重入写）：陈旧草稿被拒、调用 0、不覆盖新状态","invocations":1,"location":null,"numPassingAsserts":6,"retryReasons":[],"status":"passed","title":"mutate 与基线漂移检查之间另一工作被推进（重入写）：陈旧草稿被拒、调用 0、不覆盖新状态"},{"ancestorTitles":["C11 结果写失败与释放确认写失败"],"duration":3,"failureDetails":[],"failureMessages":[],"fullName":"C11 结果写失败与释放确认写失败 动作已进入、结果写丢弃：调用总计 1、不回退 pending、unknown 责任保留","invocations":1,"location":null,"numPassingAsserts":6,"retryReasons":[],"status":"passed","title":"动作已进入、结果写丢弃：调用总计 1、不回退 pending、unknown 责任保留"},{"ancestorTitles":["C11 结果写失败与释放确认写失败"],"duration":2,"failureDetails":[],"failureMessages":[],"fullName":"C11 结果写失败与释放确认写失败 释放成功但确认写失败：预扣失败零调用；恢复后同一幂等 (key, attemptId) 重试并退出","invocations":1,"location":null,"numPassingAsserts":3,"retryReasons":[],"status":"passed","title":"释放成功但确认写失败：预扣失败零调用；恢复后同一幂等 (key, attemptId) 重试并退出"},{"ancestorTitles":["C12 多实例流出责任（余额 1000）"],"duration":4,"failureDetails":[],"failureMessages":[],"fullName":"C12 多实例流出责任（余额 1000） A 实例执行 800 后（同 tick）：B 实例 800 拒绝、200 获准；不同 workKey","invocations":1,"location":null,"numPassingAsserts":3,"retryReasons":[],"status":"passed","title":"A 实例执行 800 后（同 tick）：B 实例 800 拒绝、200 获准；不同 workKey"},{"ancestorTitles":["C13 多实例接收责任（空位 100）"],"duration":5,"failureDetails":[],"failureMessages":[],"fullName":"C13 多实例接收责任（空位 100） A 实例确认流入 80（观察旧）：B 实例流入 80 拒绝、20 获准","invocations":1,"location":null,"numPassingAsserts":3,"retryReasons":[],"status":"passed","title":"A 实例确认流入 80（观察旧）：B 实例流入 80 拒绝、20 获准"},{"ancestorTitles":["C13 多实例接收责任（空位 100）"],"duration":6,"failureDetails":[],"failureMessages":[],"fullName":"C13 多实例接收责任（空位 100） 确认/新实例重建后接收责任不消失；观察接管后仍守容量（80 拒、可纳 19）","invocations":1,"location":null,"numPassingAsserts":4,"retryReasons":[],"status":"passed","title":"确认/新实例重建后接收责任不消失；观察接管后仍守容量（80 拒、可纳 19）"},{"ancestorTitles":["C16 释放端口重入共享预算"],"duration":4,"failureDetails":[],"failureMessages":[],"fullName":"C16 释放端口重入共享预算 两条 closing × 8 消费者、端口单次重入 beginTick：本 tick 实际释放调用总计 ≤ 8 且真实调用 > 0","invocations":1,"location":null,"numPassingAsserts":3,"retryReasons":[],"status":"passed","title":"两条 closing × 8 消费者、端口单次重入 beginTick：本 tick 实际释放调用总计 ≤ 8 且真实调用 > 0"},{"ancestorTitles":["C16 释放端口重入共享预算"],"duration":7,"failureDetails":[],"failureMessages":[],"fullName":"C16 释放端口重入共享预算 重复入口在同 tick 预算耗尽后不再调用端口","invocations":1,"location":null,"numPassingAsserts":3,"retryReasons":[],"status":"passed","title":"重复入口在同 tick 预算耗尽后不再调用端口"},{"ancestorTitles":["C17 预扣与失败预算"],"duration":1,"failureDetails":[],"failureMessages":[],"fullName":"C17 预扣与失败预算 预扣发布写失败：端口调用 0（不调用未取得预算的外部端口）","invocations":1,"location":null,"numPassingAsserts":1,"retryReasons":[],"status":"passed","title":"预扣发布写失败：端口调用 0（不调用未取得预算的外部端口）"},{"ancestorTitles":["C17 预扣与失败预算"],"duration":3,"failureDetails":[],"failureMessages":[],"fullName":"C17 预扣与失败预算 端口返回 false / 抛错：预算已耗、duty 保留、下 tick 幂等重试","invocations":1,"location":null,"numPassingAsserts":5,"retryReasons":[],"status":"passed","title":"端口返回 false / 抛错：预算已耗、duty 保留、下 tick 幂等重试"},{"ancestorTitles":["C18 公平推进有限界"],"duration":21,"failureDetails":[],"failureMessages":[],"fullName":"C18 公平推进有限界 前 8 条 closing 义务永久失败、第 9 条可完成：在实测有限界内完成","invocations":1,"location":null,"numPassingAsserts":3,"retryReasons":[],"status":"passed","title":"前 8 条 closing 义务永久失败、第 9 条可完成：在实测有限界内完成"},{"ancestorTitles":["C18 公平推进有限界"],"duration":28,"failureDetails":[],"failureMessages":[],"fullName":"C18 公平推进有限界 持续 pending 取消流量不饿死清理：closing 与 sweep 各获份额","invocations":1,"location":null,"numPassingAsserts":4,"retryReasons":[],"status":"passed","title":"持续 pending 取消流量不饿死清理：closing 与 sweep 各获份额"},{"ancestorTitles":["C19 ring degraded 全路径隔离"],"duration":3,"failureDetails":[],"failureMessages":[],"fullName":"C19 ring degraded 全路径隔离 坏 ring（null）：kernelJournal 零写不崩、诊断有界；合法工作完成安全收尾","invocations":1,"location":null,"numPassingAsserts":10,"retryReasons":[],"status":"passed","title":"坏 ring（null）：kernelJournal 零写不崩、诊断有界；合法工作完成安全收尾"},{"ancestorTitles":["C19 ring degraded 全路径隔离"],"duration":3,"failureDetails":[],"failureMessages":[],"fullName":"C19 ring degraded 全路径隔离 坏 ring（\"not-array\"）：kernelJournal 零写不崩、诊断有界；合法工作完成安全收尾","invocations":1,"location":null,"numPassingAsserts":10,"retryReasons":[],"status":"passed","title":"坏 ring（\"not-array\"）：kernelJournal 零写不崩、诊断有界；合法工作完成安全收尾"},{"ancestorTitles":["C19 ring degraded 全路径隔离"],"duration":2,"failureDetails":[],"failureMessages":[],"fullName":"C19 ring degraded 全路径隔离 坏 ring（42）：kernelJournal 零写不崩、诊断有界；合法工作完成安全收尾","invocations":1,"location":null,"numPassingAsserts":10,"retryReasons":[],"status":"passed","title":"坏 ring（42）：kernelJournal 零写不崩、诊断有界；合法工作完成安全收尾"},{"ancestorTitles":["C19 ring degraded 全路径隔离"],"duration":2,"failureDetails":[],"failureMessages":[],"fullName":"C19 ring degraded 全路径隔离 坏 ring（{}）：kernelJournal 零写不崩、诊断有界；合法工作完成安全收尾","invocations":1,"location":null,"numPassingAsserts":10,"retryReasons":[],"status":"passed","title":"坏 ring（{}）：kernelJournal 零写不崩、诊断有界；合法工作完成安全收尾"},{"ancestorTitles":["C19 ring degraded 全路径隔离"],"duration":5,"failureDetails":[],"failureMessages":[],"fullName":"C19 ring degraded 全路径隔离 坏 ring（[[Array]]）：kernelJournal 零写不崩、诊断有界；合法工作完成安全收尾","invocations":1,"location":null,"numPassingAsserts":10,"retryReasons":[],"status":"passed","title":"坏 ring（[[Array]]）：kernelJournal 零写不崩、诊断有界；合法工作完成安全收尾"},{"ancestorTitles":["C19 ring degraded 全路径隔离"],"duration":2,"failureDetails":[],"failureMessages":[],"fullName":"C19 ring degraded 全路径隔离 坏游标/超限/坏元素/重复/重叠：查询有界诊断；取消（显式）与恢复不崩","invocations":1,"location":null,"numPassingAsserts":6,"retryReasons":[],"status":"passed","title":"坏游标/超限/坏元素/重复/重叠：查询有界诊断；取消（显式）与恢复不崩"},{"ancestorTitles":["C20 active 矛盾与发行保护"],"duration":2,"failureDetails":[],"failureMessages":[],"fullName":"C20 active 矛盾与发行保护 closing 相反证据（outcome=committed 但 evidence=not_executed）：unhealthy，丢 ring 不修复","invocations":1,"location":null,"numPassingAsserts":4,"retryReasons":[],"status":"passed","title":"closing 相反证据（outcome=committed 但 evidence=not_executed）：unhealthy，丢 ring 不修复"},{"ancestorTitles":["C20 active 矛盾与发行保护"],"duration":2,"failureDetails":[],"failureMessages":[],"fullName":"C20 active 矛盾与发行保护 非法 phase / 重复工作键：unhealthy；合法新工作与发行按支持边界处理","invocations":1,"location":null,"numPassingAsserts":1,"retryReasons":[],"status":"passed","title":"非法 phase / 重复工作键：unhealthy；合法新工作与发行按支持边界处理"},{"ancestorTitles":["C21 有界解码"],"duration":1,"failureDetails":[],"failureMessages":[],"fullName":"C21 有界解码 有界拒绝：超长 parentAttemptId（不截断安全事实再接纳）","invocations":1,"location":null,"numPassingAsserts":2,"retryReasons":[],"status":"passed","title":"有界拒绝：超长 parentAttemptId（不截断安全事实再接纳）"},{"ancestorTitles":["C21 有界解码"],"duration":1,"failureDetails":[],"failureMessages":[],"fullName":"C21 有界解码 有界拒绝：durableFacts 夹带未知巨字段（不截断安全事实再接纳）","invocations":1,"location":null,"numPassingAsserts":2,"retryReasons":[],"status":"passed","title":"有界拒绝：durableFacts 夹带未知巨字段（不截断安全事实再接纳）"},{"ancestorTitles":["C21 有界解码"],"duration":2,"failureDetails":[],"failureMessages":[],"fullName":"C21 有界解码 有界拒绝：invocation.atTick 字符串（不截断安全事实再接纳）","invocations":1,"location":null,"numPassingAsserts":2,"retryReasons":[],"status":"passed","title":"有界拒绝：invocation.atTick 字符串（不截断安全事实再接纳）"},{"ancestorTitles":["C21 有界解码"],"duration":0,"failureDetails":[],"failureMessages":[],"fullName":"C21 有界解码 有界拒绝：external.accepted 字符串（不截断安全事实再接纳）","invocations":1,"location":null,"numPassingAsserts":2,"retryReasons":[],"status":"passed","title":"有界拒绝：external.accepted 字符串（不截断安全事实再接纳）"},{"ancestorTitles":["C21 有界解码"],"duration":0,"failureDetails":[],"failureMessages":[],"fullName":"C21 有界解码 有界拒绝：evidence.atTick 非整数（不截断安全事实再接纳）","invocations":1,"location":null,"numPassingAsserts":2,"retryReasons":[],"status":"passed","title":"有界拒绝：evidence.atTick 非整数（不截断安全事实再接纳）"},{"ancestorTitles":["C21 有界解码"],"duration":1,"failureDetails":[],"failureMessages":[],"fullName":"C21 有界解码 有界拒绝：retryDeadlineTick 负数（不截断安全事实再接纳）","invocations":1,"location":null,"numPassingAsserts":2,"retryReasons":[],"status":"passed","title":"有界拒绝：retryDeadlineTick 负数（不截断安全事实再接纳）"},{"ancestorTitles":["C21 有界解码"],"duration":1,"failureDetails":[],"failureMessages":[],"fullName":"C21 有界解码 有界拒绝：payload 含引号转义字符（不截断安全事实再接纳）","invocations":1,"location":null,"numPassingAsserts":2,"retryReasons":[],"status":"passed","title":"有界拒绝：payload 含引号转义字符（不截断安全事实再接纳）"},{"ancestorTitles":["C21 有界解码"],"duration":0,"failureDetails":[],"failureMessages":[],"fullName":"C21 有界解码 有界拒绝：worstCase locationKind 非枚举（不截断安全事实再接纳）","invocations":1,"location":null,"numPassingAsserts":2,"retryReasons":[],"status":"passed","title":"有界拒绝：worstCase locationKind 非枚举（不截断安全事实再接纳）"},{"ancestorTitles":["C22 槽位上界与满载预算"],"duration":1,"failureDetails":[],"failureMessages":[],"fullName":"C22 槽位上界与满载预算 推导：64 × 活跃槽上界 + 128 × 历史槽上界 + 根元信息 ≤ 360,000","invocations":1,"location":null,"numPassingAsserts":1,"retryReasons":[],"status":"passed","title":"推导：64 × 活跃槽上界 + 128 × 历史槽上界 + 根元信息 ≤ 360,000"},{"ancestorTitles":["C22 槽位上界与满载预算"],"duration":299,"failureDetails":[],"failureMessages":[],"fullName":"C22 槽位上界与满载预算 从真实接纳路径建立合法最大字段记录（含转义文本 lastError），满 active + 满 ring，最坏演化不超预算","invocations":1,"location":null,"numPassingAsserts":5,"retryReasons":[],"status":"passed","title":"从真实接纳路径建立合法最大字段记录（含转义文本 lastError），满 active + 满 ring，最坏演化不超预算"},{"ancestorTitles":["C22 槽位上界与满载预算"],"duration":2,"failureDetails":[],"failureMessages":[],"fullName":"C22 槽位上界与满载预算 安全 payload 超限拒绝（不 slice 截断成另一动作事实）","invocations":1,"location":null,"numPassingAsserts":2,"retryReasons":[],"status":"passed","title":"安全 payload 超限拒绝（不 slice 截断成另一动作事实）"}],"endTime":1788625352326,"message":"","name":"D:\\code\\screeps\\screeps-bot\\src\\runtime\\treasury\\treasuryRewrite3Acceptance.test.ts","startTime":1788625351691,"status":"passed","summary":""},{"assertionResults":[{"ancestorTitles":["roleRegistry bindings"],"duration":2,"failureDetails":[],"failureMessages":[],"fullName":"roleRegistry bindings binds powerBankScout to its patrol implementation","invocations":1,"location":null,"numPassingAsserts":1,"retryReasons":[],"status":"passed","title":"binds powerBankScout to its patrol implementation"},{"ancestorTitles":["roleRegistry bindings"],"duration":0,"failureDetails":[],"failureMessages":[],"fullName":"roleRegistry bindings keeps legacy hubUpgrader on the upgrader compatibility implementation","invocations":1,"location":null,"numPassingAsserts":1,"retryReasons":[],"status":"passed","title":"keeps legacy hubUpgrader on the upgrader compatibility implementation"}],"endTime":1788625352715,"message":"","name":"D:\\code\\screeps\\screeps-bot\\src\\roles\\index.test.ts","startTime":1788625352330,"status":"passed","summary":""},{"assertionResults":[{"ancestorTitles":["resource transfer task health v2"],"duration":9,"failureDetails":[],"failureMessages":[],"fullName":"resource transfer task health v2 creates console-compatible manual tasks that retain demand coverage and normalizes receiver grace","invocations":1,"location":null,"numPassingAsserts":31,"retryReasons":[],"status":"passed","title":"creates console-compatible manual tasks that retain demand coverage and normalizes receiver grace"},{"ancestorTitles":["resource transfer task health v2"],"duration":67,"failureDetails":[],"failureMessages":[],"fullName":"resource transfer task health v2 migrates legacy tasks and applies automatic demand-coverage lifecycle boundaries","invocations":1,"location":null,"numPassingAsserts":180,"retryReasons":[],"status":"passed","title":"migrates legacy tasks and applies automatic demand-coverage lifecycle boundaries"}],"endTime":1788625353028,"message":"","name":"D:\\code\\screeps\\screeps-bot\\src\\runtime\\logistics\\resourceTransferTasks.test.ts","startTime":1788625352719,"status":"passed","summary":""},{"assertionResults":[{"ancestorTitles":["B01 许可内容封闭（R01）"],"duration":5,"failureDetails":[],"failureMessages":[],"fullName":"B01 许可内容封闭（R01） 授权 500 后替换 permit.canonicalArgs 引用为 5000：修改无效或抛错，实际动作不得收到 5000","invocations":1,"location":null,"numPassingAsserts":5,"retryReasons":[],"status":"passed","title":"授权 500 后替换 permit.canonicalArgs 引用为 5000：修改无效或抛错，实际动作不得收到 5000"},{"ancestorTitles":["B01 许可内容封闭（R01）"],"duration":4,"failureDetails":[],"failureMessages":[],"fullName":"B01 许可内容封闭（R01） 授权 500 后修改嵌套 args.amount 为 5000：实际动作不得收到 5000","invocations":1,"location":null,"numPassingAsserts":4,"retryReasons":[],"status":"passed","title":"授权 500 后修改嵌套 args.amount 为 5000：实际动作不得收到 5000"},{"ancestorTitles":["B01 许可内容封闭（R01）"],"duration":23,"failureDetails":[],"failureMessages":[],"fullName":"B01 许可内容封闭（R01） 修改 permit 身份字段（attemptId/digest/actionKind/issuedAtTick）：修改无效或抛错，不换目标执行","invocations":1,"location":null,"numPassingAsserts":11,"retryReasons":[],"status":"passed","title":"修改 permit 身份字段（attemptId/digest/actionKind/issuedAtTick）：修改无效或抛错，不换目标执行"},{"ancestorTitles":["B01 许可内容封闭（R01）"],"duration":3,"failureDetails":[],"failureMessages":[],"fullName":"B01 许可内容封闭（R01） 合法未修改对照：正常执行一次 500","invocations":1,"location":null,"numPassingAsserts":5,"retryReasons":[],"status":"passed","title":"合法未修改对照：正常执行一次 500"},{"ancestorTitles":["B02 rearm 许可封闭（R01）"],"duration":9,"failureDetails":[],"failureMessages":[],"fullName":"B02 rearm 许可封闭（R01） 修改 rearm 的前代指向另一 retry_ready：不得在错目标上建立 child","invocations":1,"location":null,"numPassingAsserts":13,"retryReasons":[],"status":"passed","title":"修改 rearm 的前代指向另一 retry_ready：不得在错目标上建立 child"},{"ancestorTitles":["B02 rearm 许可封闭（R01）"],"duration":5,"failureDetails":[],"failureMessages":[],"fullName":"B02 rearm 许可封闭（R01） 克隆/伪造 rearm 许可与延寿字段（issuedAtTick/runtime）：不可用","invocations":1,"location":null,"numPassingAsserts":7,"retryReasons":[],"status":"passed","title":"克隆/伪造 rearm 许可与延寿字段（issuedAtTick/runtime）：不可用"},{"ancestorTitles":["B04 dispatching 发布被丢弃但读回合法旧 pending（R02）"],"duration":6,"failureDetails":[],"failureMessages":[],"fullName":"B04 dispatching 发布被丢弃但读回合法旧 pending（R02） 写被丢弃：publish 失败、实际调用 0、不报告写入完成","invocations":1,"location":null,"numPassingAsserts":6,"retryReasons":[],"status":"passed","title":"写被丢弃：publish 失败、实际调用 0、不报告写入完成"},{"ancestorTitles":["B05 读回另一份合法状态 / 单安全字段回退（R02）"],"duration":2,"failureDetails":[],"failureMessages":[],"fullName":"B05 读回另一份合法状态 / 单安全字段回退（R02） 读回为另一份合法 memory（少了本 attempt）：拒绝陈旧发布、零调用","invocations":1,"location":null,"numPassingAsserts":4,"retryReasons":[],"status":"passed","title":"读回为另一份合法 memory（少了本 attempt）：拒绝陈旧发布、零调用"},{"ancestorTitles":["B05 读回另一份合法状态 / 单安全字段回退（R02）"],"duration":2,"failureDetails":[],"failureMessages":[],"fullName":"B05 读回另一份合法状态 / 单安全字段回退（R02） 读回仅 phase 字段被回退为 pending（其余为 draft）：拒绝陈旧发布、零调用","invocations":1,"location":null,"numPassingAsserts":4,"retryReasons":[],"status":"passed
[...]
l,"numPassingAsserts":4,"retryReasons":[],"status":"passed","title":"admits a fresh room at the storage pressure boundary"},{"ancestorTitles":["capacity headroom policy"],"duration":4,"failureDetails":[],"failureMessages":[],"fullName":"capacity headroom policy keeps zero or negative physical headroom in emergency","invocations":1,"location":null,"numPassingAsserts":4,"retryReasons":[],"status":"passed","title":"keeps zero or negative physical headroom in emergency"}],"endTime":1788625375517,"message":"","name":"D:\\code\\screeps\\screeps-bot\\src\\runtime\\logistics\\capacityHeadroom.test.ts","startTime":1788625375426,"status":"passed","summary":""},{"assertionResults":[{"ancestorTitles":["terminal action Energy ownership"],"duration":1,"failureDetails":[],"failureMessages":[],"fullName":"terminal action Energy ownership allows the exact remaining budget and clamps over-ownership to zero","invocations":1,"location":null,"numPassingAsserts":3,"retryReasons":[],"status":"passed","title":"allows the exact remaining budget and clamps over-ownership to zero"},{"ancestorTitles":["terminal action Energy ownership"],"duration":1,"failureDetails":[],"failureMessages":[],"fullName":"terminal action Energy ownership cannot consume room watermarks because they are absent from the API","invocations":1,"location":null,"numPassingAsserts":1,"retryReasons":[],"status":"passed","title":"cannot consume room watermarks because they are absent from the API"}],"endTime":1788625375599,"message":"","name":"D:\\code\\screeps\\screeps-bot\\src\\runtime\\terminalActionEnergyOwnership.test.ts","startTime":1788625375521,"status":"passed","summary":""},{"assertionResults":[{"ancestorTitles":["productionStateMachine","isLoadingTimedOut"],"duration":1,"failureDetails":[],"failureMessages":[],"fullName":"productionStateMachine isLoadingTimedOut returns false when loadingSinceTick is undefined","invocations":1,"location":null,"numPassingAsserts":1,"retryReasons":[],"status":"passed","title":"returns false when loadingSinceTick is undefined"},{"ancestorTitles":["productionStateMachine","isLoadingTimedOut"],"duration":1,"failureDetails":[],"failureMessages":[],"fullName":"productionStateMachine isLoadingTimedOut returns false when elapsed time exactly equals timeout","invocations":1,"location":null,"numPassingAsserts":1,"retryReasons":[],"status":"passed","title":"returns false when elapsed time exactly equals timeout"}],"endTime":1788625375693,"message":"","name":"D:\\code\\screeps\\screeps-bot\\src\\runtime\\productionStateMachine.test.ts","startTime":1788625375604,"status":"passed","summary":""},{"assertionResults":[{"ancestorTitles":["runAutoReserveFlags"],"duration":3,"failureDetails":[],"failureMessages":[],"fullName":"runAutoReserveFlags creates the auto reserve flag below the room's configured energyFloor","invocations":1,"location":null,"numPassingAsserts":1,"retryReasons":[],"status":"passed","title":"creates the auto reserve flag below the room's configured energyFloor"},{"ancestorTitles":["runAutoReserveFlags"],"duration":1,"failureDetails":[],"failureMessages":[],"fullName":"runAutoReserveFlags does not create the auto reserve flag at the configured energyFloor","invocations":1,"location":null,"numPassingAsserts":1,"retryReasons":[],"status":"passed","title":"does not create the auto reserve flag at the configured energyFloor"}],"endTime":1788625375787,"message":"","name":"D:\\code\\screeps\\screeps-bot\\src\\runtime\\autoReserveFlag.test.ts","startTime":1788625375697,"status":"passed","summary":""},{"assertionResults":[{"ancestorTitles":["remoteWorkerRole - source phase"],"duration":6,"failureDetails":[],"failureMessages":[],"fullName":"remoteWorkerRole - source phase clears stale movement state when no remote energy is available","invocations":1,"location":null,"numPassingAsserts":6,"retryReasons":[],"status":"passed","title":"clears stale movement state when no remote energy is available"},{"ancestorTitles":["remoteWorkerRole - repairs damaged source container"],"duration":1,"failureDetails":[],"failureMessages":[],"fullName":"remoteWorkerRole - repairs damaged source container keeps repairing the selected container when hit-ratio ordering reverses","invocations":1,"location":null,"numPassingAsserts":4,"retryReasons":[],"status":"passed","title":"keeps repairing the selected container when hit-ratio ordering reverses"}],"endTime":1788625375880,"message":"","name":"D:\\code\\screeps\\screeps-bot\\src\\roles\\remoteWorker.test.ts","startTime":1788625375791,"status":"passed","summary":""},{"assertionResults":[{"ancestorTitles":["carrierLogisticsAdapter"],"duration":2,"failureDetails":[],"failureMessages":[],"fullName":"carrierLogisticsAdapter uses explicit refs and canonically projects equal localIds across producers","invocations":1,"location":null,"numPassingAsserts":8,"retryReasons":[],"status":"passed","title":"uses explicit refs and canonically projects equal localIds across producers"},{"ancestorTitles":["carrierLogisticsAdapter"],"duration":2,"failureDetails":[],"failureMessages":[],"fullName":"carrierLogisticsAdapter fails closed for unknown resources without losing legal facts or siblings","invocations":1,"location":null,"numPassingAsserts":4,"retryReasons":[],"status":"passed","title":"fails closed for unknown resources without losing legal facts or siblings"}],"endTime":1788625375969,"message":"","name":"D:\\code\\screeps\\screeps-bot\\src\\runtime\\taskSystem\\adapters\\carrierLogistics.test.ts","startTime":1788625375884,"status":"passed","summary":""},{"assertionResults":[{"ancestorTitles":["trusted market history"],"duration":1,"failureDetails":[],"failureMessages":[],"fullName":"trusted market history uses complete liquid days, removes a log-MAD outlier, and takes a capped sqrt-volume weighted median","invocations":1,"location":null,"numPassingAsserts":3,"retryReasons":[],"status":"passed","title":"uses complete liquid days, removes a log-MAD outlier, and takes a capped sqrt-volume weighted median"},{"ancestorTitles":["order book depth and direct buy-order ranking"],"duration":1,"failureDetails":[],"failureMessages":[],"fullName":"order book depth and direct buy-order ranking requires depth from price-safe executable orders, not from low quotes that will be rejected","invocations":1,"location":null,"numPassingAsserts":4,"retryReasons":[],"status":"passed","title":"requires depth from price-safe executable orders, not from low quotes that will be rejected"}],"endTime":1788625376057,"message":"","name":"D:\\code\\screeps\\screeps-bot\\src\\runtime\\marketSalePricing.test.ts","startTime":1788625375977,"status":"passed","summary":""},{"assertionResults":[{"ancestorTitles":["hostilePriorities"],"duration":1,"failureDetails":[],"failureMessages":[],"fullName":"hostilePriorities chooses the front-line dismantler over a back-line healer at the boundary","invocations":1,"location":null,"numPassingAsserts":1,"retryReasons":[],"status":"passed","title":"chooses the front-line dismantler over a back-line healer at the boundary"},{"ancestorTitles":["hostilePriorities"],"duration":0,"failureDetails":[],"failureMessages":[],"fullName":"hostilePriorities prefers an unoccupied rampart when another defender already holds the closest one","invocations":1,"location":null,"numPassingAsserts":1,"retryReasons":[],"status":"passed","title":"prefers an unoccupied rampart when another defender already holds the closest one"}],"endTime":1788625376147,"message":"","name":"D:\\code\\screeps\\screeps-bot\\src\\runtime\\hostilePriorities.test.ts","startTime":1788625376061,"status":"passed","summary":""},{"assertionResults":[{"ancestorTitles":["getTargetPos"],"duration":1,"failureDetails":[],"failureMessages":[],"fullName":"getTargetPos returns the position directly when target is a RoomPosition","invocations":1,"location":null,"numPassingAsserts":1,"retryReasons":[],"status":"passed","title":"returns the position directly when target is a RoomPosition"},{"ancestorTitles":["parseEncodedRouteRooms"],"duration":0,"failureDetails":[],"failureMessages":[],"fullName":"parseEncodedRouteRooms parses pipe-delimited room names","invocations":1,"location":null,"numPassingAsserts":1,"retryReasons":[],"status":"passed","title":"parses pipe-delimited room names"}],"endTime":1788625376237,"message":"","name":"D:\\code\\screeps\\screeps-bot\\src\\movement\\common.test.ts","startTime":1788625376151,"status":"passed","summary":""},{"assertionResults":[{"ancestorTitles":["prepareCombatBoost"],"duration":2,"failureDetails":[],"failureMessages":[],"fullName":"prepareCombatBoost does not issue a boost intent when the assigned lab lacks energy","invocations":1,"location":null,"numPassingAsserts":2,"retryReasons":[],"status":"passed","title":"does not issue a boost intent when the assigned lab lacks energy"},{"ancestorTitles":["prepareCombatBoost"],"duration":2,"failureDetails":[],"failureMessages":[],"fullName":"prepareCombatBoost issues a boost intent when the assigned lab has mineral and energy","invocations":1,"location":null,"numPassingAsserts":2,"retryReasons":[],"status":"passed","title":"issues a boost intent when the assigned lab has mineral and energy"}],"endTime":1788625376325,"message":"","name":"D:\\code\\screeps\\screeps-bot\\src\\roles\\combatBoosts.test.ts","startTime":1788625376241,"status":"passed","summary":""},{"assertionResults":[{"ancestorTitles":["CarrierAmountSlicePort"],"duration":2,"failureDetails":[],"failureMessages":[],"fullName":"CarrierAmountSlicePort validates inputs and isolates owned task, step, and claimant budgets","invocations":1,"location":null,"numPassingAsserts":12,"retryReasons":[],"status":"passed","title":"validates inputs and isolates owned task, step, and claimant budgets"},{"ancestorTitles":["CarrierAmountSlicePort"],"duration":2,"failureDetails":[],"failureMessages":[],"fullName":"CarrierAmountSlicePort reconciles execution handles, owner deletion, actor liveness, and runtime identity","invocations":1,"location":null,"numPassingAsserts":14,"retryReasons":[],"status":"passed","title":"reconciles execution handles, owner deletion, actor liveness, and runtime identity"}],"endTime":1788625376426,"message":"","name":"D:\\code\\screeps\\screeps-bot\\src\\runtime\\dispatchOwnership\\carrierAmountSlice.test.ts","startTime":1788625376335,"status":"passed","summary":""},{"assertionResults":[{"ancestorTitles":["pixel generator permanent latch"],"duration":1,"failureDetails":[],"failureMessages":[],"fullName":"pixel generator permanent latch never generates a Pixel even when config and bucket would have enabled it","invocations":1,"location":null,"numPassingAsserts":2,"retryReasons":[],"status":"passed","title":"never generates a Pixel even when config and bucket would have enabled it"}],"endTime":1788625376520,"message":"","name":"D:\\code\\screeps\\screeps-bot\\src\\runtime\\pixelGenerator.test.ts","startTime":1788625376434,"status":"passed","summary":""},{"assertionResults":[{"ancestorTitles":["getPickupTargetEnergyAmount"],"duration":2,"failureDetails":[],"failureMessages":[],"fullName":"getPickupTargetEnergyAmount keeps a below-50k Terminal reservation valid only with the same reserve override","invocations":1,"location":null,"numPassingAsserts":3,"retryReasons":[],"status":"passed","title":"keeps a below-50k Terminal reservation valid only with the same reserve override"},{"ancestorTitles":["getPickupTargetEnergyAmount"],"duration":1,"failureDetails":[],"failureMessages":[],"fullName":"getPickupTargetEnergyAmount exposes the actual 800/200 claims for two same-tick recovery carriers","invocations":1,"location":null,"numPassingAsserts":7,"retryReasons":[],"status":"passed","title":"exposes the actual 800/200 claims for two same-tick recovery carriers"}],"endTime":1788625376622,"message":"","name":"D:\\code\\screeps\\screeps-bot\\src\\runtime\\energyPickupReservation.test.ts","startTime":1788625376525,"status":"passed","summary":""},{"assertionResults":[{"ancestorTitles":["minerRole – work position alignment with harvester"],"duration":2,"failureDetails":[],"failureMessages":[],"fullName":"minerRole – work position alignment with harvester occupied workPos: creep out of harvest range moves toward workPos (range 1)","invocations":1,"location":null,"numPassingAsserts":2,"retryReasons":[],"status":"passed","title":"occupied workPos: creep out of harvest range moves toward workPos (range 1)"},{"ancestorTitles":["minerRole – work position alignment with harvester"],"duration":1,"failureDetails":[],"failureMessages":[],"fullName":"minerRole – work position alignment with harvester unoccupied workPos: creep moves to workPos as normal","invocations":1,"location":null,"numPassingAsserts":2,"retryReasons":[],"status":"passed","title":"unoccupied workPos: creep moves to workPos as normal"}],"endTime":1788625376727,"message":"","name":"D:\\code\\screeps\\screeps-bot\\test\\miner.test.ts","startTime":1788625376626,"status":"passed","summary":""},{"assertionResults":[{"ancestorTitles":["getSafeZonePlanRevision"],"duration":1,"failureDetails":[],"failureMessages":[],"fullName":"getSafeZonePlanRevision 规划不存在时返回 null","invocations":1,"location":null,"numPassingAsserts":1,"retryReasons":[],"status":"passed","title":"规划不存在时返回 null"},{"ancestorTitles":["getSafeZonePlanRevision"],"duration":1,"failureDetails":[],"failureMessages":[],"fullName":"getSafeZonePlanRevision 返回 SafeZone cache 使用的 room planner savedAt","invocations":1,"location":null,"numPassingAsserts":1,"retryReasons":[],"status":"passed","title":"返回 SafeZone cache 使用的 room planner savedAt"}],"endTime":1788625376813,"message":"","name":"D:\\code\\screeps\\screeps-bot\\src\\runtime\\safeZone.test.ts","startTime":1788625376731,"status":"passed","summary":""},{"assertionResults":[{"ancestorTitles":["remoteMiningReserverRole","target phase – reservation"],"duration":2,"failureDetails":[],"failureMessages":[],"fullName":"remoteMiningReserverRole target phase – reservation moves toward controller when not in range","invocations":1,"location":null,"numPassingAsserts":2,"retryReasons":[],"status":"passed","title":"moves toward controller when not in range"},{"ancestorTitles":["remoteMiningReserverRole","target phase – safety guards"],"duration":1,"failureDetails":[],"failureMessages":[],"fullName":"remoteMiningReserverRole target phase – safety guards does nothing on a hostile-reserved controller","invocations":1,"location":null,"numPassingAsserts":4,"retryReasons":[],"status":"passed","title":"does nothing on a hostile-reserved controller"}],"endTime":1788625376908,"message":"","name":"D:\\code\\screeps\\screeps-bot\\src\\roles\\remoteMiningReserver.test.ts","startTime":1788625376821,"status":"passed","summary":""},{"assertionResults":[{"ancestorTitles":["marketSaleProtection"],"duration":2,"failureDetails":[],"failureMessages":[],"fullName":"marketSaleProtection keeps pending blocked outgoing protected until explicitly disposable and expired","invocations":1,"location":null,"numPassingAsserts":2,"retryReasons":[],"status":"passed","title":"keeps pending blocked outgoing protected until explicitly disposable and expired"},{"ancestorTitles":["marketSaleProtection"],"duration":1,"failureDetails":[],"failureMessages":[],"fullName":"marketSaleProtection includes both active and boost-paused synthesis plans","invocations":1,"location":null,"numPassingAsserts":3,"retryReasons":[],"status":"passed","title":"includes both active and boost-paused synthesis plans"}],"endTime":1788625376997,"message":"","name":"D:\\code\\screeps\\screeps-bot\\src\\runtime\\marketSaleProtection.test.ts","startTime":1788625376912,"status":"passed","summary":""},{"assertionResults":[{"ancestorTitles":["claimerRole"],"duration":2,"failureDetails":[],"failureMessages":[],"fullName":"claimerRole attacks a hostile reservation when claimController returns invalid target","invocations":1,"location":null,"numPassingAsserts":3,"retryReasons":[],"status":"passed","title":"attacks a hostile reservation when claimController returns invalid target"},{"ancestorTitles":["claimerRole"],"duration":1,"failureDetails":[],"failureMessages":[],"fullName":"claimerRole uses single-room controller pathing when claim is out of range","invocations":1,"location":null,"numPassingAsserts":1,"retryReasons":[],"status":"passed","title":"uses single-room controller pathing when claim is out of range"}],"endTime":1788625377087,"message":"","name":"D:\\code\\screeps\\screeps-bot\\src\\roles\\claimer.test.ts","startTime":1788625377001,"status":"passed","summary":""},{"assertionResults":[{"ancestorTitles":["buildMemoryAuditSnapshot"],"duration":2,"failureDetails":[],"failureMessages":[],"fullName":"buildMemoryAuditSnapshot returns empty result for null/undefined input","invocations":1,"location":null,"numPassingAsserts":2,"retryReasons":[],"status":"passed","title":"returns empty result for null/undefined input"},{"ancestorTitles":["buildMemoryAuditSnapshot"],"duration":1,"failureDetails":[],"failureMessages":[],"fullName":"buildMemoryAuditSnapshot handles nested objects up to maxDepth and stops","invocations":1,"location":null,"numPassingAsserts":6,"retryReasons":[],"status":"passed","title":"handles nested objects up to maxDepth and stops"}],"endTime":1788625377170,"message":"","name":"D:\\code\\screeps\\screeps-bot\\src\\runtime\\memoryAudit.test.ts","startTime":1788625377091,"status":"passed","summary":""},{"assertionResults":[{"ancestorTitles":["Direct pinned Screeps engine assumptions"],"duration":2,"failureDetails":[],"failureMessages":[],"fullName":"Direct pinned Screeps engine assumptions 任一影响资格的 pinned 语义漂移都会令运行时门禁 fail-closed","invocations":1,"location":null,"numPassingAsserts":8,"retryReasons":[],"status":"passed","title":"任一影响资格的 pinned 语义漂移都会令运行时门禁 fail-closed"},{"ancestorTitles":["Direct pinned Screeps engine assumptions"],"duration":1,"failureDetails":[],"failureMessages":[],"fullName":"Direct pinned Screeps engine assumptions fixture 覆盖 underfill、changed-order skip、cooldown 与成功后 cooldown","invocations":1,"location":null,"numPassingAsserts":3,"retryReasons":[],"status":"passed","title":"fixture 覆盖 underfill、changed-order skip、cooldown 与成功后 cooldown"}],"endTime":1788625377260,"message":"","name":"D:\\code\\screeps\\screeps-bot\\src\\runtime\\marketSaleDirectEngineAssumptions.test.ts","startTime":1788625377178,"status":"passed","summary":""},{"assertionResults":[{"ancestorTitles":["palette constants"],"duration":1,"failureDetails":[],"failureMessages":[],"fullName":"palette constants all palette constants are non-empty strings","invocations":1,"location":null,"numPassingAsserts":16,"retryReasons":[],"status":"passed","title":"all palette constants are non-empty strings"},{"ancestorTitles":["palette constants"],"duration":0,"failureDetails":[],"failureMessages":[],"fullName":"palette constants VIS_PANEL_FILL is a defined non-empty string","invocations":1,"location":null,"numPassingAsserts":3,"retryReasons":[],"status":"passed","title":"VIS_PANEL_FILL is a defined non-empty string"}],"endTime":1788625377347,"message":"","name":"D:\\code\\screeps\\screeps-bot\\src\\visual\\palette.test.ts","startTime":1788625377264,"status":"passed","summary":""},{"assertionResults":[{"ancestorTitles":["roomTypes"],"duration":1,"failureDetails":[],"failureMessages":[],"fullName":"roomTypes reads explicit room type from Memory.cfg.rooms","invocations":1,"location":null,"numPassingAsserts":4,"retryReasons":[],"status":"passed","title":"reads explicit room type from Memory.cfg.rooms"},{"ancestorTitles":["roomTypes"],"duration":0,"failureDetails":[],"failureMessages":[],"fullName":"roomTypes falls back to normal for invalid runtime values","invocations":1,"location":null,"numPassingAsserts":2,"retryReasons":[],"status":"passed","title":"falls back to normal for invalid runtime values"}],"endTime":1788625377435,"message":"","name":"D:\\code\\screeps\\screeps-bot\\src\\runtime\\roomTypes.test.ts","startTime":1788625377351,"status":"passed","summary":""}],"wasInterrupted":false}
